Id,PostTypeId,AcceptedAnswerId,ParentId,CreationDate,DeletionDate,Score,ViewCount,Body,OwnerUserId,OwnerDisplayName,LastEditorUserId,LastEditorDisplayName,LastEditDate,LastActivityDate,Title,Tags,AnswerCount,CommentCount,FavoriteCount,ClosedDate,CommunityOwnedDate,ContentLicense
"65607153","1","65609321","","2021-01-07 05:36:37","","41","23364","<p>I have a fresh Laravel installation. On compiling files using <code>npm run dev VUE</code> I get a file error</p>
<blockquote>
<p>&quot;You may need an appropriate loader to handle this file type, currently no loaders are configured to process this file&quot;</p>
</blockquote>
<p><strong>Laravel Verion</strong>: &quot;^8.12&quot;</p>
<p><strong>Package.json</strong></p>
<pre><code> &quot;devDependencies&quot;: {
        &quot;axios&quot;: &quot;^0.21&quot;,
        &quot;laravel-mix&quot;: &quot;^6.0.6&quot;,
        &quot;lodash&quot;: &quot;^4.17.19&quot;,
        &quot;vue&quot;: &quot;^2.5.17&quot;,
        &quot;vue-loader&quot;: &quot;^15.9.6&quot;,
        &quot;vue-template-compiler&quot;: &quot;^2.6.10&quot;
    }
</code></pre>
<p><strong>blade file</strong></p>
<pre><code> &lt;div id=&quot;app&quot;&gt;
        &lt;hello&gt;&lt;/hello&gt;
    &lt;/div&gt;
    &lt;script src=&quot;{{mix('js/app.js')}}&quot;&gt;&lt;/script&gt;
</code></pre>
<p><strong>app.js</strong></p>
<pre><code>require('./bootstrap');
import  Vue from  'vue'    
Vue.component('hello', require('./hello.vue').default);
const app = new Vue({
    el: '#app'
});
</code></pre>
<p><strong>Hello.vue</strong></p>
<pre><code>&lt;template&gt;
    &lt;div&gt;
        Hello World!
    &lt;/div&gt;
&lt;/template&gt;
&lt;script&gt;
export default {

}
&lt;/script&gt;
</code></pre>
<p><strong>npm run dev</strong></p>
<pre><code>Module parse failed: Unexpected token (1:0)
You may need an appropriate loader to handle this file type, currently no loaders are configured to process this file. See https://webpack.js.org/concepts#loaders
&gt; &lt;template&gt;
|     &lt;div&gt;
|         Hello World!
</code></pre>
","14202293","","2756409","","2021-02-05 16:50:21","2021-04-20 20:09:15","How to fix the error ""You may need an appropriate loader to handle this file type""","<laravel><vue.js><laravel-vue>","3","4","8","","","CC BY-SA 4.0"
"65856300","1","65874139","","2021-01-23 06:15:18","","33","12295","<p>I have a nodejs script which was working fine on nodejs 12. I got a new macbook air on which I installed nodejs LTS 14. The scripts was not working as intended so I have downgraded it to nodejs 12 LTS. Now I'm getting an error for process out of memory. I have also tried using --max-oud-size to increase the memory allocation.</p>
<p><code> export NODE_OPTIONS=--max_old_space_size=4096</code></p>
<p>It didn't work. Following is the stack trace for the error</p>
<pre><code>
&lt;--- Last few GCs ---&gt;

[8193:0x150008000]       41 ms: Scavenge 2.9 (4.9) -&gt; 2.7 (5.7) MB, 0.5 / 0.0 ms  (average mu = 1.000, current mu = 1.000) allocation failure 
[8193:0x150008000]       54 ms: Scavenge 3.9 (5.9) -&gt; 3.6 (8.6) MB, 0.3 / 0.0 ms  (average mu = 1.000, current mu = 1.000) allocation failure 
[8193:0x150008000]       59 ms: Scavenge 5.2 (8.6) -&gt; 3.9 (9.1) MB, 0.2 / 0.0 ms  (average mu = 1.000, current mu = 1.000) allocation failure 


&lt;--- JS stacktrace ---&gt;

==== JS stack trace =========================================

Security context: 0x00010b1808d1 &lt;JSObject&gt;
    0: builtin exit frame: new constructor(aka Module)(this=0x000102ea1961 &lt;Object map = 0x10b3ecbc9&gt;,0x000102ea1811 &lt;Uint8Array map = 0x102fc2b99&gt;,0x000102ea1961 &lt;Object map = 0x10b3ecbc9&gt;)

    1: ConstructFrame [pc: 0x100ca8758]
    2: StubFrame [pc: 0x100d91204]
    3: /* anonymous */ [0x102ea10b1] [/Applications/XAMPP/xamppfiles/htdocs/web-dev/local-cron-jobs/node_modules/long/src/long.js:9...

FATAL ERROR: wasm code commit Allocation failed - process out of memory
 1: 0x1004db324 node::Abort() [/Users/rahulbharati/.nvm/versions/node/v12.20.1/bin/node]
 2: 0x1004db4a4 node::errors::TryCatchScope::~TryCatchScope() [/Users/rahulbharati/.nvm/versions/node/v12.20.1/bin/node]
 3: 0x1005fab78 v8::Utils::ReportOOMFailure(v8::internal::Isolate*, char const*, bool) [/Users/rahulbharati/.nvm/versions/node/v12.20.1/bin/node]
 4: 0x1005fab0c v8::internal::V8::FatalProcessOutOfMemory(v8::internal::Isolate*, char const*, bool) [/Users/rahulbharati/.nvm/versions/node/v12.20.1/bin/node]
 5: 0x100b332bc v8::internal::wasm::WasmCodeAllocator::AllocateForCodeInRegion(v8::internal::wasm::NativeModule*, unsigned long, v8::base::AddressRegion) [/Users/rahulbharati/.nvm/versions/node/v12.20.1/bin/node]
 6: 0x100b34198 v8::internal::wasm::NativeModule::CreateEmptyJumpTableInRegion(unsigned int, v8::base::AddressRegion) [/Users/rahulbharati/.nvm/versions/node/v12.20.1/bin/node]
 7: 0x100b33660 v8::internal::wasm::NativeModule::AddCodeSpace(v8::base::AddressRegion) [/Users/rahulbharati/.nvm/versions/node/v12.20.1/bin/node]
 8: 0x100b33fd4 v8::internal::wasm::NativeModule::NativeModule(v8::internal::wasm::WasmEngine*, v8::internal::wasm::WasmFeatures const&amp;, bool, v8::internal::VirtualMemory, std::__1::shared_ptr&lt;v8::internal::wasm::WasmModule const&gt;, std::__1::shared_ptr&lt;v8::internal::Counters&gt;, std::__1::shared_ptr&lt;v8::internal::wasm::NativeModule&gt;*) [/Users/rahulbharati/.nvm/versions/node/v12.20.1/bin/node]
 9: 0x100b36214 v8::internal::wasm::WasmCodeManager::NewNativeModule(v8::internal::wasm::WasmEngine*, v8::internal::Isolate*, v8::internal::wasm::WasmFeatures const&amp;, unsigned long, bool, std::__1::shared_ptr&lt;v8::internal::wasm::WasmModule const&gt;) [/Users/rahulbharati/.nvm/versions/node/v12.20.1/bin/node]
10: 0x100b3cb1c v8::internal::wasm::WasmEngine::NewNativeModule(v8::internal::Isolate*, v8::internal::wasm::WasmFeatures const&amp;, unsigned long, bool, std::__1::shared_ptr&lt;v8::internal::wasm::WasmModule const&gt;) [/Users/rahulbharati/.nvm/versions/node/v12.20.1/bin/node]
11: 0x100b3ca64 v8::internal::wasm::WasmEngine::NewNativeModule(v8::internal::Isolate*, v8::internal::wasm::WasmFeatures const&amp;, std::__1::shared_ptr&lt;v8::internal::wasm::WasmModule const&gt;) [/Users/rahulbharati/.nvm/versions/node/v12.20.1/bin/node]
12: 0x100b14578 v8::internal::wasm::CompileToNativeModule(v8::internal::Isolate*, v8::internal::wasm::WasmFeatures const&amp;, v8::internal::wasm::ErrorThrower*, std::__1::shared_ptr&lt;v8::internal::wasm::WasmModule const&gt;, v8::internal::wasm::ModuleWireBytes const&amp;, v8::internal::Handle&lt;v8::internal::FixedArray&gt;*) [/Users/rahulbharati/.nvm/versions/node/v12.20.1/bin/node]
13: 0x100b3a710 v8::internal::wasm::WasmEngine::SyncCompile(v8::internal::Isolate*, v8::internal::wasm::WasmFeatures const&amp;, v8::internal::wasm::ErrorThrower*, v8::internal::wasm::ModuleWireBytes const&amp;) [/Users/rahulbharati/.nvm/versions/node/v12.20.1/bin/node]
14: 0x100b5bc98 v8::(anonymous namespace)::WebAssemblyModule(v8::FunctionCallbackInfo&lt;v8::Value&gt; const&amp;) [/Users/rahulbharati/.nvm/versions/node/v12.20.1/bin/node]
15: 0x10065f150 v8::internal::FunctionCallbackArguments::Call(v8::internal::CallHandlerInfo) [/Users/rahulbharati/.nvm/versions/node/v12.20.1/bin/node]
16: 0x10065e4b8 v8::internal::MaybeHandle&lt;v8::internal::Object&gt; v8::internal::(anonymous namespace)::HandleApiCallHelper&lt;true&gt;(v8::internal::Isolate*, v8::internal::Handle&lt;v8::internal::HeapObject&gt;, v8::internal::Handle&lt;v8::internal::HeapObject&gt;, v8::internal::Handle&lt;v8::internal::FunctionTemplateInfo&gt;, v8::internal::Handle&lt;v8::internal::Object&gt;, v8::internal::BuiltinArguments) [/Users/rahulbharati/.nvm/versions/node/v12.20.1/bin/node]
17: 0x10065dfb4 v8::internal::Builtin_Impl_HandleApiCall(v8::internal::BuiltinArguments, v8::internal::Isolate*) [/Users/rahulbharati/.nvm/versions/node/v12.20.1/bin/node]
18: 0x100d2b0cc Builtins_CEntry_Return1_DontSaveFPRegs_ArgvOnStack_BuiltinExit [/Users/rahulbharati/.nvm/versions/node/v12.20.1/bin/node]
19: 0x100ca8758 Builtins_JSBuiltinsConstructStub [/Users/rahulbharati/.nvm/versions/node/v12.20.1/bin/node]
20: 0x100d91204 Builtins_ConstructHandler [/Users/rahulbharati/.nvm/versions/node/v12.20.1/bin/node]
21: 0x100cad520 Builtins_InterpreterEntryTrampoline [/Users/rahulbharati/.nvm/versions/node/v12.20.1/bin/node]
22: 0x100cad520 Builtins_InterpreterEntryTrampoline [/Users/rahulbharati/.nvm/versions/node/v12.20.1/bin/node]
23: 0x100cad520 Builtins_InterpreterEntryTrampoline [/Users/rahulbharati/.nvm/versions/node/v12.20.1/bin/node]
24: 0x100cad520 Builtins_InterpreterEntryTrampoline [/Users/rahulbharati/.nvm/versions/node/v12.20.1/bin/node]
25: 0x100cad520 Builtins_InterpreterEntryTrampoline [/Users/rahulbharati/.nvm/versions/node/v12.20.1/bin/node]
26: 0x100cad520 Builtins_InterpreterEntryTrampoline [/Users/rahulbharati/.nvm/versions/node/v12.20.1/bin/node]
27: 0x100cad520 Builtins_InterpreterEntryTrampoline [/Users/rahulbharati/.nvm/versions/node/v12.20.1/bin/node]
28: 0x100cad520 Builtins_InterpreterEntryTrampoline [/Users/rahulbharati/.nvm/versions/node/v12.20.1/bin/node]
29: 0x100cad520 Builtins_InterpreterEntryTrampoline [/Users/rahulbharati/.nvm/versions/node/v12.20.1/bin/node]
30: 0x100cad520 Builtins_InterpreterEntryTrampoline [/Users/rahulbharati/.nvm/versions/node/v12.20.1/bin/node]
31: 0x100cad520 Builtins_InterpreterEntryTrampoline [/Users/rahulbharati/.nvm/versions/node/v12.20.1/bin/node]
32: 0x100cad520 Builtins_InterpreterEntryTrampoline [/Users/rahulbharati/.nvm/versions/node/v12.20.1/bin/node]
33: 0x100cad520 Builtins_InterpreterEntryTrampoline [/Users/rahulbharati/.nvm/versions/node/v12.20.1/bin/node]
34: 0x100cad520 Builtins_InterpreterEntryTrampoline [/Users/rahulbharati/.nvm/versions/node/v12.20.1/bin/node]
35: 0x100cad520 Builtins_InterpreterEntryTrampoline [/Users/rahulbharati/.nvm/versions/node/v12.20.1/bin/node]
36: 0x100cad520 Builtins_InterpreterEntryTrampoline [/Users/rahulbharati/.nvm/versions/node/v12.20.1/bin/node]
37: 0x100cad520 Builtins_InterpreterEntryTrampoline [/Users/rahulbharati/.nvm/versions/node/v12.20.1/bin/node]
38: 0x100cad520 Builtins_InterpreterEntryTrampoline [/Users/rahulbharati/.nvm/versions/node/v12.20.1/bin/node]
39: 0x100cad520 Builtins_InterpreterEntryTrampoline [/Users/rahulbharati/.nvm/versions/node/v12.20.1/bin/node]
40: 0x100cad520 Builtins_InterpreterEntryTrampoline [/Users/rahulbharati/.nvm/versions/node/v12.20.1/bin/node]
41: 0x100cad520 Builtins_InterpreterEntryTrampoline [/Users/rahulbharati/.nvm/versions/node/v12.20.1/bin/node]
42: 0x100cad520 Builtins_InterpreterEntryTrampoline [/Users/rahulbharati/.nvm/versions/node/v12.20.1/bin/node]
43: 0x100cad520 Builtins_InterpreterEntryTrampoline [/Users/rahulbharati/.nvm/versions/node/v12.20.1/bin/node]
44: 0x100cad520 Builtins_InterpreterEntryTrampoline [/Users/rahulbharati/.nvm/versions/node/v12.20.1/bin/node]
45: 0x100cad520 Builtins_InterpreterEntryTrampoline [/Users/rahulbharati/.nvm/versions/node/v12.20.1/bin/node]
46: 0x100cad520 Builtins_InterpreterEntryTrampoline [/Users/rahulbharati/.nvm/versions/node/v12.20.1/bin/node]
47: 0x100cad520 Builtins_InterpreterEntryTrampoline [/Users/rahulbharati/.nvm/versions/node/v12.20.1/bin/node]
48: 0x100cad520 Builtins_InterpreterEntryTrampoline [/Users/rahulbharati/.nvm/versions/node/v12.20.1/bin/node]
49: 0x100cad520 Builtins_InterpreterEntryTrampoline [/Users/rahulbharati/.nvm/versions/node/v12.20.1/bin/node]
50: 0x100cad520 Builtins_InterpreterEntryTrampoline [/Users/rahulbharati/.nvm/versions/node/v12.20.1/bin/node]
51: 0x100cad520 Builtins_InterpreterEntryTrampoline [/Users/rahulbharati/.nvm/versions/node/v12.20.1/bin/node]
52: 0x100cad520 Builtins_InterpreterEntryTrampoline [/Users/rahulbharati/.nvm/versions/node/v12.20.1/bin/node]
53: 0x100cad520 Builtins_InterpreterEntryTrampoline [/Users/rahulbharati/.nvm/versions/node/v12.20.1/bin/node]
54: 0x100cad520 Builtins_InterpreterEntryTrampoline [/Users/rahulbharati/.nvm/versions/node/v12.20.1/bin/node]
55: 0x100cad520 Builtins_InterpreterEntryTrampoline [/Users/rahulbharati/.nvm/versions/node/v12.20.1/bin/node]
56: 0x100cad520 Builtins_InterpreterEntryTrampoline [/Users/rahulbharati/.nvm/versions/node/v12.20.1/bin/node]
57: 0x100cad520 Builtins_InterpreterEntryTrampoline [/Users/rahulbharati/.nvm/versions/node/v12.20.1/bin/node]
58: 0x100cad520 Builtins_InterpreterEntryTrampoline [/Users/rahulbharati/.nvm/versions/node/v12.20.1/bin/node]
59: 0x100cad520 Builtins_InterpreterEntryTrampoline [/Users/rahulbharati/.nvm/versions/node/v12.20.1/bin/node]
60: 0x100cad520 Builtins_InterpreterEntryTrampoline [/Users/rahulbharati/.nvm/versions/node/v12.20.1/bin/node]
61: 0x100cad520 Builtins_InterpreterEntryTrampoline [/Users/rahulbharati/.nvm/versions/node/v12.20.1/bin/node]
62: 0x100cad520 Builtins_InterpreterEntryTrampoline [/Users/rahulbharati/.nvm/versions/node/v12.20.1/bin/node]
63: 0x100cad520 Builtins_InterpreterEntryTrampoline [/Users/rahulbharati/.nvm/versions/node/v12.20.1/bin/node]
64: 0x100cad520 Builtins_InterpreterEntryTrampoline [/Users/rahulbharati/.nvm/versions/node/v12.20.1/bin/node]
65: 0x100cad520 Builtins_InterpreterEntryTrampoline [/Users/rahulbharati/.nvm/versions/node/v12.20.1/bin/node]
66: 0x100cad520 Builtins_InterpreterEntryTrampoline [/Users/rahulbharati/.nvm/versions/node/v12.20.1/bin/node]
67: 0x100cad520 Builtins_InterpreterEntryTrampoline [/Users/rahulbharati/.nvm/versions/node/v12.20.1/bin/node]
68: 0x100cad520 Builtins_InterpreterEntryTrampoline [/Users/rahulbharati/.nvm/versions/node/v12.20.1/bin/node]
69: 0x100cad520 Builtins_InterpreterEntryTrampoline [/Users/rahulbharati/.nvm/versions/node/v12.20.1/bin/node]
70: 0x100caa5a8 Builtins_JSEntryTrampoline [/Users/rahulbharati/.nvm/versions/node/v12.20.1/bin/node]
71: 0x100caa24c Builtins_JSEntry [/Users/rahulbharati/.nvm/versions/node/v12.20.1/bin/node]
72: 0x150008000 ```

Any help appreciated. Thanks.
</code></pre>
","10093706","","","","","2021-07-08 14:30:10","wasm code commit Allocation failed - process out of memory","<node.js><npm><nvm>","7","0","7","","","CC BY-SA 4.0"
"65864009","1","65864116","","2021-01-23 20:22:42","","11","13480","<p>I'm looking to see if it's currently possible to run Kubernetes locally on a 2020 M1 MacBook air.</p>
<p>The environment I need is relatively simple, just for going through some tutorials. As an example, this <a href=""https://sdk.operatorframework.io/docs/building-operators/golang/tutorial/"" rel=""noreferrer"">operator-sdk guide</a>.</p>
<p>So far I've tried <code>microk8s</code> and <code>minikube</code>, as they're tools I've used before on other machines.</p>
<p>For both of these, I've installed them using <code>brew</code> after opening the terminal app &quot;with Rosetta 2&quot;
(i.e like <a href=""https://doesitarm.com/app/homebrew/benchmarks/#rU-fa0sbCGs"" rel=""noreferrer"">this</a>). My progress is then:</p>
<p><strong>Minikube</strong></p>
<p>When I run <code>minikube start --driver=docker</code> (having installed the <a href=""https://www.docker.com/blog/download-and-try-the-tech-preview-of-docker-desktop-for-m1/"" rel=""noreferrer"">tech preview of Docker Desktop for M1</a>), an initialization error occurs. It seems to me that this is being tracked here <a href=""https://github.com/kubernetes/minikube/issues/9224"" rel=""noreferrer"">https://github.com/kubernetes/minikube/issues/9224</a>.</p>
<p><strong>Microk8s</strong></p>
<p><code>microk8s install</code> asks to install <code>multipass</code>, which then errors with <code>An error occurred with the instance when trying to start with 'multipass': returned exit code 2. Ensure that 'multipass' is setup correctly and try again.</code>. Multipass shows a <code>microk8s-vm</code> stuck in starting. I think this may relate to this issue <a href=""https://github.com/canonical/multipass/issues/1857"" rel=""noreferrer"">https://github.com/canonical/multipass/issues/1857</a>.</p>
<p>I'm aware I'd probably be better chasing up those issues for help on these particular errors. What would be great is any general advice on if it's currently possible/advisable to setup a basic Kubernetes env for playing with on an M1 mac. I'm not experienced with the underlying technologies here, so any additional context is welcome. :)</p>
<p>If anyone has suggestions for practising Kubernetes, alternative to setting up a local cluster, I'd also appreciate them. Thanks!</p>
","11272609","","11272609","","2021-02-15 21:35:28","2021-02-15 21:35:28","Running Kubernetes locally on M1 Mac","<kubernetes><minikube><microk8s><apple-silicon>","1","0","2","","","CC BY-SA 4.0"
"65816675","1","65819529","","2021-01-20 19:54:25","","8","13680","<p>How should the <code>cannot import name 'delayed' from 'sklearn.utils.fixes</code> be solved? I have already updated sklearn and upgraded conda as well.</p>
<pre><code>~\.conda\envs\base2\lib\site-packages\sklearn\metrics\pairwise.py in &lt;module&gt;
         30 from ..utils._mask import _get_mask
         31 from ..utils.validation import _deprecate_positional_args
    ---&gt; 32 from ..utils.fixes import delayed
         33 from ..utils.fixes import sp_version, parse_version
         34 
    
    ImportError: cannot import name 'delayed' from 'sklearn.utils.fixes'`
</code></pre>
","13347231","","4685471","","2021-03-07 01:47:40","2021-03-07 06:19:49","cannot import name 'delayed' from 'sklearn.utils.fixes'","<python><scikit-learn><conda>","2","0","","","","CC BY-SA 4.0"
"65862666","1","65873973","","2021-01-23 18:06:54","","26","16823","<p>Ok so I run my program without importing firebase core, firebase auth and cloud firestore, and my code runs just fine but I register my app with firebase and it still runs fine but as soon as I import <code>Firebase_auth</code>, <code>Firebase_core</code> and <code>cloud_Firestore</code>... I get the following error</p>
<pre><code>Note: C:\appflutter\flutter\.pub-cache\hosted\pub.dartlang.org\firebase_core-0.7.0\android\src\main\java\io\flutter\plugins\firebase\core\FlutterFirebaseCorePlugin.java uses or overrides a deprecated API.
Note: Recompile with -Xlint:deprecation for details.
Note: C:\appflutter\flutter\.pub-cache\hosted\pub.dartlang.org\cloud_firestore-0.16.0\android\src\main\java\io\flutter\plugins\firebase\firestore\streamhandler\TransactionStreamHandler.java uses unchecked or unsafe operations.
Note: Recompile with -Xlint:unchecked for details.
D8: Cannot fit requested classes in a single dex file (# methods: 89543 &gt; 65536)
com.android.builder.dexing.DexArchiveMergerException: Error while merging dex archives: 
The number of method references in a .dex file cannot exceed 64K.
</code></pre>
<p>Please help me.</p>
","13232607","","14231239","","2021-01-23 18:11:03","2021-05-31 19:39:57","FlutterFirebaseCorePlugin.java uses or overrides a deprecated API","<firebase><flutter><dart><dart-pub><flutter-packages>","11","1","6","","","CC BY-SA 4.0"
"65866417","1","65866547","","2021-01-24 01:47:16","","38","19698","<p>Following the instructions on this page to install pip on python2 <a href=""https://linuxhint.com/installing_pip_linux_mint/"" rel=""noreferrer"">https://linuxhint.com/installing_pip_linux_mint/</a></p>
<p>It's failing at the last step,
<code>$ sudo python2 get-pip.py</code></p>
<p>with this error,</p>
<pre><code>Traceback (most recent call last):
  File &quot;get-pip.py&quot;, line 24226, in &lt;module&gt;
    main()
  File &quot;get-pip.py&quot;, line 199, in main
    bootstrap(tmpdir=tmpdir)
  File &quot;get-pip.py&quot;, line 82, in bootstrap
    from pip._internal.cli.main import main as pip_entry_point
  File &quot;/tmp/tmp2aZyDl/pip.zip/pip/_internal/cli/main.py&quot;, line 60
    sys.stderr.write(f&quot;ERROR: {exc}&quot;)
                                   ^
SyntaxError: invalid syntax
</code></pre>
<p>I've tried to look everywhere for a solution, but can't find one. What is it that I'm doing wrong?</p>
","1030002","","","","","2021-03-09 03:57:02","pip install failing on python2","<python><pip><linux-mint>","5","5","7","","","CC BY-SA 4.0"
"65869296","1","65871131","","2021-01-24 10:07:18","","47","30769","<p>I am starting to make a app using bitbucket CI and i am using the following steps to deploy the application and the steps to install pip is failing.</p>
<pre><code> script:
    - apt-get update
    - apt-get install -y python-dev
    - curl -O https://bootstrap.pypa.io/get-pip.py
    - python get-pip.py
    ... and a few more steps
</code></pre>
<p>Dont know why but <code>python get-pip.py</code> step fails with the following error.</p>
<pre><code>Traceback (most recent call last):
  File &quot;get-pip.py&quot;, line 24226, in &lt;module&gt;
    main()
  File &quot;get-pip.py&quot;, line 199, in main
    bootstrap(tmpdir=tmpdir)
  File &quot;get-pip.py&quot;, line 82, in bootstrap
    from pip._internal.cli.main import main as pip_entry_point
  File &quot;/tmp/tmpUgc5ng/pip.zip/pip/_internal/cli/main.py&quot;, line 60
    sys.stderr.write(f&quot;ERROR: {exc}&quot;)
                                   ^

SyntaxError: invalid syntax

</code></pre>
<p>This worked fine upto yesterday. Not sure why this is not working now.</p>
<p>I thought it may be because of windows but i checked in my local machine running linux but these steps but they worked fine.</p>
","15070072","","12744","","2021-02-04 16:14:26","2021-06-01 03:40:52","Installing pip is not working in python < 3.6","<python><pip>","3","4","6","","","CC BY-SA 4.0"
"65605282","1","65759743","","2021-01-07 00:57:22","","23","14680","<p>I'm trying to take a stab at a new site using Hugo, and I am stuck during installation. I've installed Homebrew and when running the version, I get the following:</p>
<pre><code>~ % brew --version
Homebrew 2.7.2
Homebrew/homebrew-core (no git repository)
Homebrew/homebrew-cask (git revision b96680c; last commit 2021-01-07)
</code></pre>
<p>And when I run <code>brew install hugo</code></p>
<p>I get the following:</p>
<pre><code>~ % brew install hugo
fatal: Could not resolve HEAD to a revision
==&gt; Searching for similarly named formulae...
Error: No similarly named formulae found.
Error: No available formula or cask with the name &quot;hugo&quot;.
==&gt; Searching for a previously deleted formula (in the last month)...
Error: No previously deleted formula found.
==&gt; Searching taps on GitHub...
Error: No formulae found in taps.
</code></pre>
<p>What am I doing wrong? This is the first time working in home-brew.</p>
<hr />
<p>Edit: when running <code>brew install --verbose Hugo</code>, I get the following warnings:</p>
<pre><code>% brew install --verbose hugo

fatal: Could not resolve HEAD to a revision

==&gt; Searching for similarly named formulae...

Error: No similarly named formulae found.

Error: No available formula or cask with the name &quot;hugo&quot;.

==&gt; Searching for a previously deleted formula (in the last month)...

Error: No previously deleted formula found.

==&gt; Searching taps on GitHub...

/usr/bin/curl --disable --globoff --show-error --user-agent Homebrew/2.7.2\ \(Macintosh\;\ Intel\ Mac\ OS\ X\ 11.1\)\ curl/7.64.1 --header Accept-Language:\ en --retry 3 --location https://api.github.com/search/code\?q=user\%3AHomebrew\+path\%3AFormula\+path\%3ACasks\+path\%3A.\+filename\%3Ahugo\+extension\%3Arb\&amp;per_page=100 --header Accept:\ application/vnd.github.v3\+json --write-out '
'\%\{http_code\} --header Accept:\ application/vnd.github.antiope-preview\+json --header Authorization:\ token\ ****** --dump-header /private/tmp/github_api_headers20210106-8376-1r02uaz

</code></pre>
","10908002","","10908002","","2021-01-07 01:39:59","2021-02-01 16:31:03","Trying to install Hugo via Homebrew - ""Could Not Resolve HEAD to a Revision""","<git><homebrew><hugo>","2","2","8","","","CC BY-SA 4.0"
"65880113","1","65889977","","2021-01-25 06:49:38","","7","10540","<p>I want to use react-validation component <code>Input</code> in my form. This is why I imported it &amp; used inside the form as:</p>
<pre><code>&lt;Input className=&quot;form-control&quot;
       type=&quot;text&quot;
       placeholder=&quot;name&quot;
       value={props.data.creatingUser.createName}
       name=&quot;createName&quot;
       id=&quot;createName&quot;
       onChange={props.handleAddChange}
required/&gt;
</code></pre>
<p>When I try to run the application using <code>npm start</code>, I receive the following error in the console:</p>
<blockquote>
<p>SyntaxError:
E:\Projects\personal\rental-application\node_modules\react-validation\src\components\input\index.js:
Support for the experimental syntax 'jsx' isn't cur rently enabled
(6:3):</p>
<p>const Input = ({ error, isChanged, isUsed, ...props }) =&gt;
(</p>
<blockquote>
   
</blockquote>
<pre><code>|   ^        &lt;input {...props} {...( isChanged &amp;&amp; isUsed &amp;&amp; error ? {        className: `is-invalid-input ${props.className}`
 } : { className: props.className } )} /&gt; 
</code></pre>
</blockquote>
<p><strong>I have not explicitly done any babel configuration</strong> and my <code>package.json</code> file has the following content:</p>
<pre><code>{
  &quot;name&quot;: &quot;rental-application&quot;,
  &quot;version&quot;: &quot;0.1.0&quot;,
  &quot;private&quot;: true,
  &quot;dependencies&quot;: {
    &quot;@testing-library/jest-dom&quot;: &quot;^5.11.9&quot;,
    &quot;@testing-library/react&quot;: &quot;^11.2.3&quot;,
    &quot;@testing-library/user-event&quot;: &quot;^12.6.0&quot;,
    &quot;jquery&quot;: &quot;^3.5.1&quot;,
    &quot;react&quot;: &quot;^17.0.1&quot;,
    &quot;react-dom&quot;: &quot;^17.0.1&quot;,
    &quot;react-scripts&quot;: &quot;4.0.1&quot;,
    &quot;web-vitals&quot;: &quot;^0.2.4&quot;,
    &quot;popper.js&quot;: &quot;1.16.1&quot;,
    &quot;css-loader&quot;: &quot;^5.0.1&quot;,
    &quot;react-bootstrap&quot;: &quot;^1.4.3&quot;,
    &quot;sass-loader&quot;: &quot;^10.1.1&quot;,
    &quot;style-loader&quot;: &quot;^2.0.0&quot;,
    &quot;axios&quot;: &quot;^0.21.1&quot;,
    &quot;react-notifications&quot;: &quot;^1.7.2&quot;,
    &quot;react-fontawesome&quot;: &quot;^1.7.1&quot;,
    &quot;react-table&quot;: &quot;^6.11.4&quot;,
    &quot;react-validation&quot;: &quot;^3.0.7&quot;
  },
  &quot;scripts&quot;: {
    &quot;start&quot;: &quot;react-scripts start&quot;,
    &quot;build&quot;: &quot;react-scripts build&quot;,
    &quot;test&quot;: &quot;react-scripts test&quot;,
    &quot;eject&quot;: &quot;react-scripts eject&quot;
  },
  &quot;eslintConfig&quot;: {
    &quot;extends&quot;: [
      &quot;react-app&quot;,
      &quot;react-app/jest&quot;
    ]
  },
  &quot;browserslist&quot;: {
    &quot;production&quot;: [
      &quot;&gt;0.2%&quot;,
      &quot;not dead&quot;,
      &quot;not op_mini all&quot;
    ],
    &quot;development&quot;: [
      &quot;last 1 chrome version&quot;,
      &quot;last 1 firefox version&quot;,
      &quot;last 1 safari version&quot;
    ]
  },
  &quot;devDependencies&quot;: {
    &quot;@babel/plugin-transform-async-to-generator&quot;: &quot;^7.12.1&quot;,
    &quot;react-router-dom&quot;: &quot;^5.2.0&quot;,
    &quot;react-table-6&quot;: &quot;^6.11.0&quot;
  }
}
</code></pre>
<p>My project structure:</p>
<pre><code>++node_modules

++public
+++index.html
+++manifest.json
+++robots.txt

++src
+++App.js
+++index.js
+++index.css

++package.json
++package-lock.json
</code></pre>
<p>You can see I am not using any other configuration, and I have initiated the project using create-react-app command.</p>
","4933403","","","","","2021-03-28 12:47:50","React - Add @babel/preset-react (https://git.io/JfeDR) to the 'presets' section of your Babel config to enable transformation","<reactjs><babel-loader>","2","0","","","","CC BY-SA 4.0"
"65608713","1","65608751","","2021-01-07 08:10:51","","24","19628","<p>When i run</p>
<pre><code>import tensorflow as tf 
tf.test.is_gpu_available(
    cuda_only=False, min_cuda_compute_capability=None
)
</code></pre>
<p>I get the following error</p>
<p><a href=""https://i.stack.imgur.com/Mv2p5.jpg"" rel=""noreferrer""><img src=""https://i.stack.imgur.com/Mv2p5.jpg"" alt=""enter image description here"" /></a></p>
","10900548","","","","","2021-05-31 16:23:57","Tensorflow GPU Could not load dynamic library 'cusolver64_10.dll'; dlerror: cusolver64_10.dll not found","<python><tensorflow><gpu>","4","0","7","","","CC BY-SA 4.0"
"65849026","1","65927095","","2021-01-22 16:26:46","","30","23678","<p>I ran this older 10.0.1 angular project today, and it told me it had a lot of low vulnerabilities and a few high ones. so i ran npm audit fix to fix them.
but now when I try to run it, it gives me these errors:</p>
<pre><code>Error: ./src/main.ts  
Module build failed (from ./node_modules/@ngtools/webpack/src/ivy/index.js):
TypeError: angularCompiler.getResourceDependencies(...) is not a function or its return value is not iterable
    at getDependencies (C:\Web\vgc\vgc\node_modules\@ngtools\webpack\src\ivy\plugin.js:261:56)
    at C:\Web\vgc\vgc\node_modules\@ngtools\webpack\src\ivy\plugin.js:374:20
    at analyzingFileEmitter (C:\Web\vgc\vgc\node_modules\@ngtools\webpack\src\ivy\plugin.js:307:20)
    at process._tickCallback (internal/process/next_tick.js:68:7)



Error: ./src/polyfills.ts  
Module build failed (from ./node_modules/@ngtools/webpack/src/ivy/index.js):
TypeError: angularCompiler.getResourceDependencies(...) is not a function or its return value is not iterable
    at getDependencies (C:\Web\vgc\vgc\node_modules\@ngtools\webpack\src\ivy\plugin.js:261:56)
    at C:\Web\vgc\vgc\node_modules\@ngtools\webpack\src\ivy\plugin.js:374:20
    at analyzingFileEmitter (C:\Web\vgc\vgc\node_modules\@ngtools\webpack\src\ivy\plugin.js:307:20)
    at process._tickCallback (internal/process/next_tick.js:68:7)
</code></pre>
<p>Any ideas how to fix this? I couldn't really find any relatable problems or solutions online.</p>
","14133083","","","","","2021-06-15 01:30:30","Errors after npm audit fix angular 10.0.1","<angular><angular10><npm-audit>","11","5","1","","","CC BY-SA 4.0"
"67244301","1","67244602","","2021-04-24 15:14:32","","75","38079","<p>I have a M1 Mac and I just noticed that when I try to upgrade <code>pip</code> or install any packages I get a series of warnings:</p>
<pre><code>user@mac01 ~ $python3 -m pip install --upgrade pip
WARNING: Value for scheme.platlib does not match. Please report this to &lt;https://github.com/pypa/pip/issues/9617&gt;
distutils: /opt/homebrew/lib/python3.9/site-packages
sysconfig: /opt/homebrew/opt/python@3.9/Frameworks/Python.framework/Versions/3.9/lib/python3.9/site-packages
WARNING: Value for scheme.purelib does not match. Please report this to &lt;https://github.com/pypa/pip/issues/9617&gt;
distutils: /opt/homebrew/lib/python3.9/site-packages
sysconfig: /opt/homebrew/opt/python@3.9/Frameworks/Python.framework/Versions/3.9/lib/python3.9/site-packages
WARNING: Value for scheme.headers does not match. Please report this to &lt;https://github.com/pypa/pip/issues/9617&gt;
distutils: /opt/homebrew/include/python3.9/UNKNOWN
sysconfig: /opt/homebrew/opt/python@3.9/Frameworks/Python.framework/Versions/3.9/include/python3.9
WARNING: Value for scheme.scripts does not match. Please report this to &lt;https://github.com/pypa/pip/issues/9617&gt;
distutils: /opt/homebrew/bin
sysconfig: /opt/homebrew/opt/python@3.9/Frameworks/Python.framework/Versions/3.9/bin
WARNING: Value for scheme.data does not match. Please report this to &lt;https://github.com/pypa/pip/issues/9617&gt;
distutils: /opt/homebrew
sysconfig: /opt/homebrew/opt/python@3.9/Frameworks/Python.framework/Versions/3.9
WARNING: Additional context:
user = False
home = None
root = None
prefix = None
Requirement already satisfied: pip in /opt/homebrew/lib/python3.9/site-packages (21.1)
WARNING: Value for scheme.platlib does not match. Please report this to &lt;https://github.com/pypa/pip/issues/9617&gt;
distutils: /opt/homebrew/lib/python3.9/site-packages
sysconfig: /opt/homebrew/opt/python@3.9/Frameworks/Python.framework/Versions/3.9/lib/python3.9/site-packages
WARNING: Value for scheme.purelib does not match. Please report this to &lt;https://github.com/pypa/pip/issues/9617&gt;
distutils: /opt/homebrew/lib/python3.9/site-packages
sysconfig: /opt/homebrew/opt/python@3.9/Frameworks/Python.framework/Versions/3.9/lib/python3.9/site-packages
WARNING: Value for scheme.headers does not match. Please report this to &lt;https://github.com/pypa/pip/issues/9617&gt;
distutils: /opt/homebrew/include/python3.9/UNKNOWN
sysconfig: /opt/homebrew/opt/python@3.9/Frameworks/Python.framework/Versions/3.9/include/python3.9
WARNING: Value for scheme.scripts does not match. Please report this to &lt;https://github.com/pypa/pip/issues/9617&gt;
distutils: /opt/homebrew/bin
sysconfig: /opt/homebrew/opt/python@3.9/Frameworks/Python.framework/Versions/3.9/bin
WARNING: Value for scheme.data does not match. Please report this to &lt;https://github.com/pypa/pip/issues/9617&gt;
distutils: /opt/homebrew
sysconfig: /opt/homebrew/opt/python@3.9/Frameworks/Python.framework/Versions/3.9
WARNING: Additional context:
user = False
home = None
root = None
prefix = None
user@mac01 ~ $
</code></pre>
<p>Please advise.</p>
","8149861","","1931274","","2021-04-30 20:53:00","2021-05-06 10:04:24","""WARNING: Value for scheme.data does not match"" when I try to update pip or install packages","<python><python-3.x><pip>","6","3","13","","","CC BY-SA 4.0"
"65830702","1","","","2021-01-21 15:36:05","","13","10312","<p>After a clean install of Windows 10 when I started to use MySQL workbench I have this error when I try to dump a database.</p>
<p>I could not find anything about it anywhere, the only thing I find are problems with phyton, but nothing related with Workbench.</p>
<p>Output after dumping a database:</p>
<pre><code>08:29:00 Dumping foo(all tables)
Error executing task write() argument must be str, not bytes
08:29:01 Export of b'C:\\Users\\erick\\Documents\\dumps\\Dump20210121 (2).sql' has finished
</code></pre>
<p>And the output file is in blank, some ideas?</p>
","8955521","","","","","2021-05-18 23:20:04","Error executing task write() argument must be str, not bytes | MySQL Workbench","<mysql><mysql-workbench>","3","2","1","","","CC BY-SA 4.0"
"65919460","1","65926394","","2021-01-27 12:44:37","","88","13055","<p>While doing a docker build on my .NET Core project, I got the following error on all my NuGets:</p>
<blockquote>
<p>80.19 /app/GradingTool.Tests/GradingTool.Tests.csproj : error NU3028: Package 'Microsoft.EntityFrameworkCore 5.0.0' from source 'https://api.nuget.org/v3/index.json': The author primary signature's timestamp found a chain building issue: UntrustedRoot: self signed certificate in certificate chain [/app/GradingTool.sln]</p>
<p>#12 80.20 /app/GradingTool.Tests/GradingTool.Tests.csproj : error NU3037: Package 'Microsoft.EntityFrameworkCore 5.0.0' from source 'https://api.nuget.org/v3/index.json': The author primary signature validity period has expired. [/app/GradingTool.sln]</p>
<p>#12 80.20 /app/GradingTool.Tests/GradingTool.Tests.csproj : error NU3028: Package 'Microsoft.EntityFrameworkCore 5.0.0' from source 'https://api.nuget.org/v3/index.json': The repository countersignature's timestamp found a chain building issue: UntrustedRoot: self signed certificate in certificate chain [/app/GradingTool.sln]</p>
</blockquote>
<p>I never had this error before,
Can someone help me figure out what the problem is?</p>
<p>Dockerfile:</p>
<pre><code>FROM mcr.microsoft.com/dotnet/sdk:latest AS build-env
WORKDIR /app
RUN apt-get update -yq \
    &amp;&amp; apt-get install curl gnupg -yq \
    &amp;&amp; curl -sL https://deb.nodesource.com/setup_10.x | bash \
    &amp;&amp; apt-get install nodejs -yq
# Copy csproj and restore as distinct layers
COPY . ./
RUN dotnet restore
RUN dotnet publish -c Release -o out

# Build runtime image
FROM mcr.microsoft.com/dotnet/aspnet:latest
RUN apt-get update \
    &amp;&amp; apt-get install -y --no-install-recommends libgdiplus libc6-dev \
    &amp;&amp; apt-get clean \
    &amp;&amp; rm -rf /var/lib/apt/lists/*
WORKDIR /app
COPY --from=build-env /app/out .
ENV ASPNETCORE_URLS=&quot;http://+:4200&quot;
ENV ASPNETCORE_ENVIRONMENT=&quot;Production&quot;
ENV GOOGLE_APPLICATION_CREDENTIALS=&quot;Credentials/SchoolTools-e9f260bdf56e.json&quot;
ENV VIRTUAL_HOST=&quot;eva.schooltools.lu,www.eva.schooltools.lu,schooltools.lu,www.schooltools.lu&quot;
ENV LETSENCRYPT_HOST=&quot;eva.schooltools.lu,www.eva.schooltools.lu,schooltools.lu,www.schooltools.lu&quot;
ENV LETSENCRYPT_EMAIL=&quot;wilson.silva@edutec.lu&quot;
EXPOSE 4200
ENTRYPOINT [&quot;dotnet&quot;, &quot;GradingTool.dll&quot;]
</code></pre>
","10667460","","1402846","","2021-01-29 06:16:55","2021-01-31 17:52:53","The author primary signature's timestamp found a chain building issue: UntrustedRoot: self signed certificate in certificate chain","<.net><docker><ssl><.net-core><nuget>","8","6","6","","","CC BY-SA 4.0"
"67278017","1","67278102","","2021-04-27 06:32:49","","10","55669","<p>Running the Command gives me the following error:</p>
<blockquote>
<p>C:\Python34\Scripts&gt; pip install pygame</p>
</blockquote>
<p><strong>Error Stack :</strong></p>
<pre><code>Traceback (most recent call last):
  File &quot;C:\Python34\lib\runpy.py&quot;, line 171, in _run_module_as_main
    &quot;__main__&quot;, mod_spec)
  File &quot;C:\Python34\lib\runpy.py&quot;, line 86, in _run_code
    exec(code, run_globals)
  File &quot;C:\Python34\Scripts\pip.exe\__main__.py&quot;, line 5, in &lt;module&gt;
  File &quot;C:\Python34\lib\site-packages\pip\__init__.py&quot;, line 1, in &lt;module&gt;
    from typing import List, Optional
ImportError: No module named 'typing'
</code></pre>
","14297768","","3722211","","2021-04-27 11:52:50","2021-07-14 12:27:03","Pip command line ""ImportError: No Module Named Typing""","<python><pip>","8","1","4","","","CC BY-SA 4.0"
"65941317","1","65997110","","2021-01-28 16:32:30","","3","15363","<p>I have recently upgraded metasploit framework and after doing it, when I try to launch it I get the next error:</p>
<pre><code>msfconsole
Unable to find a spec satisfying metasploit-framework (&gt;= 0) in the set. Perhaps the lockfile is corrupted?
Run bundle install to install missing gems.
</code></pre>
<p>I have unistalled it and reinstall but the problem continues. Any suggestion?</p>
","10640450","","","","","2021-02-08 21:08:50","Metasploit crashed after upgrade","<metasploit><kali-linux>","4","0","","2021-02-01 20:22:10","","CC BY-SA 4.0"
"67240279","1","","","2021-04-24 07:21:23","","7","13326","<p>I reinstalled my android studio since the sdk was not found and so on. After re installing java jdk and android studio , everything worked well until I got an error saying 'Could not initialize class org.codehaus.groovy.runtime.InvokerHelper' which I solved by changing the Gradle version. And now the error is 'Type 'FlutterTask' property 'assets' is missing an input or output annotation.'</p>
<p>FAILURE: Build failed with an exception.</p>
<ul>
<li>What went wrong:
Could not open settings generic class cache for settings file 'C:\Users\loran\ASProjects\xylophone-flutter\android\settings.gradle' (C:\Users\loran.gradle\caches\6.8.2\scripts\4mawlyb2l5e9tefyvnpxva1kg).</li>
</ul>
<blockquote>
<p>BUG! exception in phase 'semantic analysis' in source unit '<em>BuildScript</em>' Unsupported class file major version 60</p>
</blockquote>
<ul>
<li><p>Try:
Run with --stacktrace option to get the stack trace. Run with --info or --debug option to get more log output. Run with --scan to get full insights.</p>
</li>
<li><p>Get more help at <a href=""https://help.gradle.org"" rel=""noreferrer"">https://help.gradle.org</a></p>
</li>
</ul>
<p>BUILD FAILED in 46s
Exception: Gradle task assembleDebug failed with exit code 1</p>
","13062230","","","","","2021-07-01 12:02:32","Could not open settings generic class cache for settings file '","<flutter><android-studio><dart><gradle><flutter-dependencies>","3","4","2","","","CC BY-SA 4.0"
"67246010","1","","","2021-04-24 18:12:35","","8","18383","<p>I am trying to run this JNLP file on Windows 10 to connect to a server (actually I am connecting to a dedicated server via KVM over IPMI or whatever it is called so I can install a new OS).</p>
<p>Getting error <code>The server selected protocol version TLS10 is not accepted by client preferences</code>.</p>
<p>Is there something I need to do in Java client to fix the error?</p>
<p><a href=""https://i.stack.imgur.com/8VjUs.jpg"" rel=""noreferrer""><img src=""https://i.stack.imgur.com/8VjUs.jpg"" alt=""enter image description here"" /></a></p>
<p><a href=""https://i.stack.imgur.com/KZgML.jpg"" rel=""noreferrer""><img src=""https://i.stack.imgur.com/KZgML.jpg"" alt=""enter image description here"" /></a></p>
<p><a href=""https://i.stack.imgur.com/gjaGo.jpg"" rel=""noreferrer""><img src=""https://i.stack.imgur.com/gjaGo.jpg"" alt=""enter image description here"" /></a></p>
","2153306","","","","","2021-06-29 03:29:59","The server selected protocol version TLS10 is not accepted by client preferences","<jnlp><kvm><ipmi>","4","0","2","","","CC BY-SA 4.0"
"67290697","1","67302297","","2021-04-27 21:08:21","","32","10129","<p>After upgrading Xcode to 12.5 and iOS to 14.5, I can't run the iOS app on a real device nor in the simulator.</p>
<p>After running <code>npm run ios</code>, I get this message:</p>
<pre><code>The following build commands failed:
        CompileC .../Build/Intermediates.noindex/Pods.build/Debug-iphonesimulator/Flipper-Folly.build/Objects-normal/x86_64/DistributedMutex.o /Users/guilherme/Documents/Dood/ios/Pods/Flipper-Folly/folly/synchronization/DistributedMutex.cpp normal x86_64 c++ com.apple.compilers.llvm.clang.1_0.compiler
</code></pre>
<p>If I try to run the app on a real device using Xcode, this is the error I get (related to Flipper-Folly):</p>
<pre><code>.../ios/Pods/Headers/Private/Flipper-Folly/folly/synchronization/DistributedMutex-inl.h:1051:5: 'atomic_notify_one&lt;unsigned long&gt;' is unavailable
</code></pre>
<p>Ideas? Thanks!</p>
<p><strong>UPDATE:</strong></p>
<p>React native has been updated to 0.64.1. You can now just change your react-native dependency to this version within your package.json file, then run <code>npm install</code></p>
","4064710","","4064710","","2021-05-07 22:03:30","2021-06-24 19:55:33","React Native 0.64 won't build iOS app after updating Xcode to 12.5 and iOS to 14.5","<ios><reactjs><xcode><react-native>","8","5","7","","","CC BY-SA 4.0"
"65806330","1","","","2021-01-20 09:08:18","","8","10783","<p>Why does this happen, when I want to build an image from a Dockerfile in CodeCommit with CodeBuild?</p>
<p>I get this Error:</p>
<blockquote>
<p>toomanyrequests: You have reached your pull rate limit. You may increase the limit by authenticating and upgrading: <a href=""https://www.docker.com/increase-rate-limit"" rel=""noreferrer"">https://www.docker.com/increase-rate-limit</a></p>
</blockquote>
","12581323","","","","","2021-07-05 14:51:45","toomanyrequests: You have reached your pull rate limit. You may increase the limit by authenticating and upgrading","<amazon-web-services><docker><docker-compose><dockerfile><aws-codebuild>","3","0","","","","CC BY-SA 4.0"
"65864645","1","","","2021-01-23 21:34:02","","1","11932","<p>I would like to get only one pair from the response. And I can't really understand how I should pass my parameter.</p>
<p>Instructions say:</p>
<blockquote>
<p>Symbol price ticker</p>
</blockquote>
<blockquote>
<p>GET <code>/api/v3/ticker/price</code></p>
</blockquote>
<blockquote>
<p>Latest price for a symbol or symbols.</p>
</blockquote>
<blockquote>
<p>Weight: 1 for a single symbol; 2 when the symbol parameter is omitted</p>
</blockquote>
<blockquote>
<p>Parameters:</p>
</blockquote>
<blockquote>
<p>Name  Type    Mandatory   Description</p>
</blockquote>
<blockquote>
<p>symbol    STRING  NO  -</p>
</blockquote>
<blockquote>
<p>If the symbol is not sent, prices for all symbols will be returned in an array.&quot;</p>
</blockquote>
<p>I'm able to get all symbols in the response body, but can't get a single one.
I have already tried (in Postman) these endpoints:</p>
<ol>
<li><code>https://api.binance.com/api/v3/ticker/price/btcusdt</code></li>
<li><code>https://api.binance.com/api/v3/ticker/price/symbol=btcusdt</code></li>
<li><code>https://api.binance.com/api/v3/ticker/price/?symbol=btcusdt</code></li>
</ol>
<p>Here is the link to entire API:
<code>https://github.com/binance/binance-spot-api-docs/blob/master/rest-api.md#24hr-ticker-price-change-statistics</code></p>
<p>So, which endpoint is correct? <a href=""https://i.stack.imgur.com/JogUZ.png"" rel=""nofollow noreferrer"">postman result</a></p>
","12567170","","9634620","","2021-01-26 14:44:01","2021-05-24 21:41:02","How to use Binance API, simple GET price by ticker","<java><api><binance>","2","2","","","","CC BY-SA 4.0"
"67241196","1","","","2021-04-24 09:24:47","","61","12542","<p>My problem seems similar to <a href=""https://github.com/microsoft/node-pty/issues/441#issue-746076016"" rel=""noreferrer"">this</a> issue, except it happens when I run <code>yarn install</code> in a rails app.</p>
<p>When I run <code>yarn install</code>, it runs successfully for some time, then</p>
<pre><code>../src/libsass/src/ast.hpp:1614:25: warning: loop variable 'numerator' of type 'const std::__1::basic_string&lt;char&gt;' creates a copy from type 'const std::__1::basic_string&lt;char&gt;' [-Wrange-loop-analysis]
        for (const auto numerator : numerators)
                        ^
../src/libsass/src/ast.hpp:1614:14: note: use reference type 'const std::__1::basic_string&lt;char&gt; &amp;' to prevent copying
        for (const auto numerator : numerators)
             ^~~~~~~~~~~~~~~~~~~~~~
                        &amp;
../src/libsass/src/ast.hpp:1616:25: warning: loop variable 'denominator' of type 'const std::__1::basic_string&lt;char&gt;' creates a copy from type 'const std::__1::basic_string&lt;char&gt;' [-Wrange-loop-analysis]
        for (const auto denominator : denominators)
                        ^
../src/libsass/src/ast.hpp:1616:14: note: use reference type 'const std::__1::basic_string&lt;char&gt; &amp;' to prevent copying
        for (const auto denominator : denominators)
             ^~~~~~~~~~~~~~~~~~~~~~~~
                        &amp;
2 warnings generated.
  rm -f Release/sass.a &amp;&amp; ./gyp-mac-tool filter-libtool libtool  -static -o Release/sass.a Release/obj.target/libsass/src/libsass/src/ast.o Release/obj.target/libsass/src/libsass/src/ast_fwd_decl.o Release/obj.target/libsass/src/libsass/src/backtrace.o Release/obj.target/libsass/src/libsass/src/base64vlq.o Release/obj.target/libsass/src/libsass/src/bind.o Release/obj.target/libsass/src/libsass/src/cencode.o Release/obj.target/libsass/src/libsass/src/check_nesting.o Release/obj.target/libsass/src/libsass/src/color_maps.o Release/obj.target/libsass/src/libsass/src/constants.o Release/obj.target/libsass/src/libsass/src/context.o Release/obj.target/libsass/src/libsass/src/cssize.o Release/obj.target/libsass/src/libsass/src/emitter.o Release/obj.target/libsass/src/libsass/src/environment.o Release/obj.target/libsass/src/libsass/src/error_handling.o Release/obj.target/libsass/src/libsass/src/eval.o Release/obj.target/libsass/src/libsass/src/expand.o Release/obj.target/libsass/src/libsass/src/extend.o Release/obj.target/libsass/src/libsass/src/file.o Release/obj.target/libsass/src/libsass/src/functions.o Release/obj.target/libsass/src/libsass/src/inspect.o Release/obj.target/libsass/src/libsass/src/json.o Release/obj.target/libsass/src/libsass/src/lexer.o Release/obj.target/libsass/src/libsass/src/listize.o Release/obj.target/libsass/src/libsass/src/memory/SharedPtr.o Release/obj.target/libsass/src/libsass/src/node.o Release/obj.target/libsass/src/libsass/src/operators.o Release/obj.target/libsass/src/libsass/src/output.o Release/obj.target/libsass/src/libsass/src/parser.o Release/obj.target/libsass/src/libsass/src/plugins.o Release/obj.target/libsass/src/libsass/src/position.o Release/obj.target/libsass/src/libsass/src/prelexer.o Release/obj.target/libsass/src/libsass/src/remove_placeholders.o Release/obj.target/libsass/src/libsass/src/sass.o Release/obj.target/libsass/src/libsass/src/sass2scss.o Release/obj.target/libsass/src/libsass/src/sass_context.o Release/obj.target/libsass/src/libsass/src/sass_functions.o Release/obj.target/libsass/src/libsass/src/sass_util.o Release/obj.target/libsass/src/libsass/src/sass_values.o Release/obj.target/libsass/src/libsass/src/source_map.o Release/obj.target/libsass/src/libsass/src/subset_map.o Release/obj.target/libsass/src/libsass/src/to_c.o Release/obj.target/libsass/src/libsass/src/to_value.o Release/obj.target/libsass/src/libsass/src/units.o Release/obj.target/libsass/src/libsass/src/utf8_string.o Release/obj.target/libsass/src/libsass/src/util.o Release/obj.target/libsass/src/libsass/src/values.o
  c++ '-DNODE_GYP_MODULE_NAME=binding' '-DUSING_UV_SHARED=1' '-DUSING_V8_SHARED=1' '-DV8_DEPRECATION_WARNINGS=1' '-DV8_DEPRECATION_WARNINGS' '-DV8_IMMINENT_DEPRECATION_WARNINGS' '-D_GLIBCXX_USE_CXX11_ABI=1' '-D_DARWIN_USE_64_BIT_INODE=1' '-D_LARGEFILE_SOURCE' '-D_FILE_OFFSET_BITS=64' '-DBUILDING_NODE_EXTENSION' -I/Users/st/.node-gyp/16.0.0/include/node -I/Users/st/.node-gyp/16.0.0/src -I/Users/st/.node-gyp/16.0.0/deps/openssl/config -I/Users/st/.node-gyp/16.0.0/deps/openssl/openssl/include -I/Users/st/.node-gyp/16.0.0/deps/uv/include -I/Users/st/.node-gyp/16.0.0/deps/zlib -I/Users/st/.node-gyp/16.0.0/deps/v8/include -I../../nan -I../src/libsass/include  -O3 -gdwarf-2 -mmacosx-version-min=10.7 -arch x86_64 -Wall -Wendif-labels -W -Wno-unused-parameter -std=c++11 -stdlib=libc++ -fno-rtti -fno-exceptions -fno-strict-aliasing -MMD -MF ./Release/.deps/Release/obj.target/binding/src/binding.o.d.raw   -c -o Release/obj.target/binding/src/binding.o ../src/binding.cpp
In file included from ../src/binding.cpp:1:
In file included from ../../nan/nan.h:56:
In file included from /Users/st/.node-gyp/16.0.0/include/node/node.h:63:
In file included from /Users/st/.node-gyp/16.0.0/include/node/v8.h:30:
/Users/st/.node-gyp/16.0.0/include/node/v8-internal.h:452:38: error: no template named 'remove_cv_t' in namespace 'std'; did you mean 'remove_cv'?
            !std::is_same&lt;Data, std::remove_cv_t&lt;T&gt;&gt;::value&gt;::Perform(data);
                                ~~~~~^~~~~~~~~~~
                                     remove_cv
/Applications/Xcode.app/Contents/Developer/Toolchains/XcodeDefault.xctoolchain/usr/bin/../include/c++/v1/type_traits:697:50: note: 'remove_cv' declared here
template &lt;class _Tp&gt; struct _LIBCPP_TEMPLATE_VIS remove_cv
                                                 ^
1 error generated.
make: *** [Release/obj.target/binding/src/binding.o] Error 1
gyp ERR! build error 
gyp ERR! stack Error: `make` failed with exit code: 2
gyp ERR! stack     at ChildProcess.onExit (/Users/st/rails/myapp/node_modules/node-gyp/lib/build.js:262:23)
gyp ERR! stack     at ChildProcess.emit (node:events:365:28)
gyp ERR! stack     at Process.ChildProcess._handle.onexit (node:internal/child_process:290:12)
gyp ERR! System Darwin 20.3.0
gyp ERR! command &quot;/usr/local/Cellar/node/16.0.0/bin/node&quot; &quot;/Users/st/rails/myapp/node_modules/node-gyp/bin/node-gyp.js&quot; &quot;rebuild&quot; &quot;--verbose&quot; &quot;--libsass_ext=&quot; &quot;--libsass_cflags=&quot; &quot;--libsass_ldflags=&quot; &quot;--libsass_library=&quot;
gyp ERR! cwd /Users/st/rails/myapp/node_modules/node-sass
gyp ERR! node -v v16.0.0
gyp ERR! node-gyp -v v3.8.0
gyp ERR! not ok 
</code></pre>
<p>Any ideas how to solve this? (I'm not even sure if it's a problem with xcode/node/rails/c++)</p>
<p>Other notes</p>
<ul>
<li><code>/usr/bin/xcodebuild -version</code> returns</li>
</ul>
<pre><code>Xcode 12.4
Build version 12D4e
</code></pre>
<ul>
<li><code>cpp --version</code> returns</li>
</ul>
<pre><code>Apple clang version 12.0.0 (clang-1200.0.32.29)
Target: x86_64-apple-darwin20.3.0
Thread model: posix
InstalledDir: /Applications/Xcode.app/Contents/Developer/Toolchains/XcodeDefault.xctoolchain/usr/bin
</code></pre>
<p>Please note: I don't code in cpp, so I have very little contextual knowledge of how to solve.</p>
","5783745","","3563993","","2021-05-26 07:33:39","2021-07-12 11:10:58","error: no template named 'remove_cv_t' in namespace 'std'; did you mean 'remove_cv'?","<node.js><ruby-on-rails><xcode><yarnpkg><node-sass>","12","0","6","","","CC BY-SA 4.0"
"67430297","1","","","2021-05-07 06:58:05","","3","13313","<p>I worked a lot with Visual Studio Code, but since yesterday on all my devices it says: <em>You don't have an extension for debugging HTML</em>.</p>
<p>After a few tries I deleted VSCode and re-installed it. It worked right but as soon that I close VSCode and re-open it, the error keeps showing.</p>
<p>I've noticed that when I close it there is a tiny update box. I've reinstalled it a few times but it keeps happening.</p>
<p><a href=""https://i.stack.imgur.com/faOwF.png"" rel=""nofollow noreferrer""><img src=""https://i.stack.imgur.com/faOwF.png"" alt=""error image"" /></a></p>
","15765715","","10877883","","2021-05-08 05:04:10","2021-07-02 21:23:26","VSCode - You don't have an extension for debugging HTML error","<html><visual-studio-code>","3","5","3","","","CC BY-SA 4.0"
"65603660","1","65603730","","2021-01-06 21:33:22","","2","15872","<p>So, I'm learning PHP and I keep getting &quot;Warning: Undefined array key&quot; in $GET_[&quot;fname&quot;] and  $GET_[&quot;age&quot;]:</p>
<pre><code>&lt;main&gt;

    &lt;form action=&quot;inputs.php&quot; method=&quot;get&quot;&gt;
        Name: 
        &lt;br/&gt;
        &lt;input type=&quot;text&quot; name=&quot;fname&quot;&gt;
        &lt;br/&gt;
        Age:
        &lt;br/&gt;
        &lt;input type=&quot;number&quot; name=&quot;age&quot;&gt;
        &lt;br/&gt;
        &lt;input type=&quot;submit&quot; name=&quot;submit&quot;&gt;

    &lt;/form&gt;
        &lt;br/&gt;
        Your name is &lt;?php echo $_GET[&quot;fname&quot;]; ?&gt;
        &lt;br/&gt;
        Your age is &lt;?php echo $_GET[&quot;age&quot;]; ?&gt;

&lt;/main&gt;
</code></pre>
","14954801","","","","","2021-01-06 21:39:29","Beginner php ""Warning: Undefined array key""","<php><html><forms>","1","2","","2021-06-07 10:52:22","","CC BY-SA 4.0"
"68152730","1","68152940","","2021-06-27 15:36:29","","155","18407","<p>As we all know, the pythonic way to swap the values of two items <code>a</code> and <code>b</code> is</p>
<pre><code>a, b = b, a
</code></pre>
<p>and it should be equivalent to</p>
<pre><code>b, a = a, b
</code></pre>
<p>However, today when I was working on some code, I accidentally found that the following two swaps give different results:</p>
<pre><code>nums = [1, 2, 4, 3]
i = 2
nums[i], nums[nums[i]-1] = nums[nums[i]-1], nums[i]
print(nums)
# [1, 2, 4, 3]

nums = [1, 2, 4, 3]
i = 2
nums[nums[i]-1], nums[i] = nums[i], nums[nums[i]-1]
print(nums)
# [1, 2, 3, 4]
</code></pre>
<p>This is mind-boggling to me. Can someone explain to me what happened here? I thought in a Python swap the two assignments happen simultaneously and independently.</p>
","13860719","","13860719","","2021-06-30 11:01:08","2021-07-08 23:20:18","Understand Python swapping: why is a, b = b, a not always equivalent to b, a = a, b?","<python><python-3.x><list><indexing><swap>","7","22","28","","","CC BY-SA 4.0"
"67405791","1","67406955","","2021-05-05 17:07:28","","139","13156","<p>I just updated Android Studio to version 4.2. I was surprised to not see the Gradle tasks in my project.</p>
<p>In the previous version, 4.1.3, I could see the tasks as shown here:</p>
<p><a href=""https://i.stack.imgur.com/7fhMP.png"" rel=""noreferrer""><img src=""https://i.stack.imgur.com/7fhMP.png"" alt=""working in version 4.1.3"" /></a></p>
<p>But now I only see the dependencies in version 4.2:</p>
<p><a href=""https://i.stack.imgur.com/ScuhS.png"" rel=""noreferrer""><img src=""https://i.stack.imgur.com/ScuhS.png"" alt=""Not working in 4.2"" /></a></p>
<p>I tried to clear Android Studio's cache and sync my project again, but there was no change.</p>
<p>Is this a feature change?</p>
","4424400","","4424400","","2021-05-16 15:41:48","2021-05-30 17:48:30","Gradle tasks are not showing in the gradle tool window in Android Studio 4.2","<android-studio><gradle><android-studio-4.2>","4","0","14","","","CC BY-SA 4.0"
"67418153","1","67434373","","2021-05-06 12:29:07","","36","27793","<p>In Android Studio 4.2 there is a warning:</p>
<p><a href=""https://i.stack.imgur.com/etwRF.png"" rel=""noreferrer""><img src=""https://i.stack.imgur.com/etwRF.png"" alt=""enter image description here"" /></a></p>
<pre><code>buildscript {
    ext.kotlin_version = '1.5.0'

    repositories {
        google()
        //jcenter()
        mavenCentral()
    }
    dependencies {
        classpath 'com.android.tools.build:gradle:4.2.0'
        classpath &quot;org.jetbrains.kotlin:kotlin-gradle-plugin:$kotlin_version&quot;
    }
}

allprojects {
    repositories {
        google()
        //jcenter()
        mavenCentral()
    }
}
</code></pre>
<p>If I remove <code>jcenter()</code> then it can't find some dependencies of my app project:</p>
<pre><code>   &gt; Could not find org.koin:koin-core:2.0.1.
     Required by:
         project :app
   &gt; Could not find org.koin:koin-androidx-scope:2.0.1.
     Required by:
         project :app
   &gt; Could not find org.koin:koin-androidx-viewmodel:2.0.1.
     Required by:
         project :app
   &gt; Could not find com.google.ads.mediation:chartboost:8.1.0.0.
     Required by:
         project :app
</code></pre>
<p>In replace of <code>jcenter()</code> I added <code>mavenCentral()</code></p>
","7767664","","7767664","","2021-05-24 09:52:47","2021-06-29 06:44:44","Android Studio Gradle: Please remove usages of `jcenter()` Maven repository from your build scripts / JCenter is at end of life","<android><maven><android-studio><android-gradle-plugin><jcenter>","8","1","4","","","CC BY-SA 4.0"
"66020820","1","66035709","","2021-02-03 03:27:19","","35","21930","<p>I'm new to npm and am trying to understand how recreating the <code>node_modules</code> directory for deployment works.</p>
<p>We're using <code>npm ci</code> instead of <code>npm install</code> to ensure a clean slate during deployment. However, when we run it without any flags, we get the following error:</p>
<blockquote>
<p>Fix the upstream dependency conflict, or retry this command with --force, or --legacy-peer-deps to accept an incorrect (and potentially broken) dependency resolution.</p>
</blockquote>
<p>The <em><strong><a href=""https://docs.npmjs.com/cli/v7/commands/npm-install"" rel=""noreferrer"">documentation</a></strong></em> for <code>npm install</code> for <code>--force</code> is as follows (there are no flags on <code>npm ci</code>'s <em><strong><a href=""https://docs.npmjs.com/cli/v7/commands/npm-ci"" rel=""noreferrer"">page</a></strong></em>):</p>
<blockquote>
<p>The -f or --force argument will force npm to fetch remote resources even if a local copy exists on disk.</p>
</blockquote>
<p>Meanwhile, the documentation for <code>--legacy-peer-deps</code> says:</p>
<blockquote>
<p>--legacy-peer-deps: ignore all peerDependencies when installing, in the style of npm version 4 through version 6.</p>
</blockquote>
<p>It seems that both flags will let <code>npm ci</code> generate the <code>node_modules</code> directory without any issues, but I am still unclear about the differences between the two.</p>
<p>From what I understand, <code>--force</code> sounds like it will be on a last-dependency-downloaded-wins basis and will overwrite any previously downloaded dependencies. Meanwhile, <code>--legacy-peer-deps</code> sounds like it will always skip peer dependencies (whatever those are) during installation even if there are no issues.</p>
<p>What are the differences between the two flags, and when should we use them?</p>
","7824245","","7824245","","2021-02-03 03:32:26","2021-05-10 15:45:14","npm: When to use `--force` and `--legacy-peer-deps`","<node.js><npm><node-modules><npm-install><npm-ci>","2","0","6","","","CC BY-SA 4.0"
"66019068","1","","","2021-02-02 23:26:52","","86","37123","<p>I am trying to build a react-native app in iOS but unfortunately coming across the following issue (referring to libevent/Flipper):</p>
<p><code>'event2/event-config.h' file not found</code></p>
<p>I have react-native v0.63.4 and I have linked the packages using <code>react-native link</code> and also run <code>pod update</code>. I have also deleted my <code>Podfile.lock</code> and run <code>pod install</code> again.</p>
<p>My guess is that it is something to do with the Flipper version? When I comment out <code>use_flipper!</code> in my Podfile and build, it works.</p>
<p>Any ideas on how I can resolve this?</p>
","5067417","","5067417","","2021-02-04 13:40:38","2021-06-24 15:08:14","'event2/event-config.h' file not found","<react-native><react-native-ios>","15","2","13","","","CC BY-SA 4.0"
"66024297","1","","","2021-02-03 09:05:51","","66","10243","<p>Hi we're getting this error when using fastlane sigh/get_provisioning_profile. I don't think it is a <a href=""https://github.com/fastlane/fastlane/issues/18098"" rel=""noreferrer"">fastlane issue</a> as it happened before <a href=""https://github.com/fastlane/fastlane/issues/12675"" rel=""noreferrer"">case1</a> <a href=""https://github.com/fastlane/fastlane/issues/12577"" rel=""noreferrer"">case2</a> and got fixed by accepting the agreement or other unknown reason..</p>
<blockquote>
<p>Need to acknowledge to Apple's Apple ID and Privacy statement. Please manually log into <a href=""https://appleid.apple.com"" rel=""noreferrer"">https://appleid.apple.com</a> (or <a href=""https://appstoreconnect.apple.com"" rel=""noreferrer"">https://appstoreconnect.apple.com</a>) to acknowledge the statement.</p>
</blockquote>
<p>We went to</p>
<ul>
<li><a href=""https://appleid.apple.com"" rel=""noreferrer"">https://appleid.apple.com</a></li>
<li><a href=""https://appstoreconnect.apple.com"" rel=""noreferrer"">https://appstoreconnect.apple.com</a></li>
<li><a href=""https://itunesconnect.apple.com"" rel=""noreferrer"">https://itunesconnect.apple.com</a></li>
</ul>
<p>but there's nothing to approve there.</p>
<p>Any ideas?</p>
","3040446","","3040446","","2021-02-03 17:32:10","2021-03-02 18:59:20","Getting error ""Need to acknowledge to Apple's Apple ID and Privacy statement.""","<app-store-connect><fastlane><fastlane-match><fastlane-deliver><fastlane-pilot>","7","4","7","","","CC BY-SA 4.0"
"66049860","1","66102270","","2021-02-04 16:34:45","","24","19073","<p>I was trying to run mongoDB on node server
<a href=""https://docs.mongodb.com/drivers/node/fundamentals/connection"" rel=""noreferrer"">Full Code here from MongoDB</a>:</p>
<blockquote>
<p>My mongo version: 4.4.3</p>
<p>Node version: v15.7.0</p>
</blockquote>
<p>I've imported get started code from MongoDB, and here's the code:</p>
<pre><code>const { MongoClient } = require(&quot;mongodb&quot;);
// Connection URI
const uri =
  &quot;mongodb+srv://sample-hostname:27017/?poolSize=20&amp;writeConcern=majority&quot;;
// Create a new MongoClient
const client = new MongoClient(uri);
async function run() {
  try {
    // Connect the client to the server
    await client.connect();
    // Establish and verify connection
    await client.db(&quot;admin&quot;).command({ ping: 1 });
    console.log(&quot;Connected successfully to server&quot;);
  } finally {
    // Ensures that the client will close when you finish/error
    await client.close();
  }
}
run().catch(console.dir);
</code></pre>
<p>On terminal, when i run &quot;node app.js&quot;, it throws me following error:</p>
<pre><code>&gt; (node:79653) Warning: Accessing non-existent property 'MongoError' of
&gt; module exports inside circular dependency (Use `node --trace-warnings
&gt; ...` to show where the warning was created) MongoParseError: URI does
&gt; not have hostname, domain name and tld
&gt;     at parseSrvConnectionString (/home/harmony/Desktop/FruitsProject/node_modules/mongodb/lib/core/uri_parser.js:50:21)
&gt;     at parseConnectionString (/home/harmony/Desktop/FruitsProject/node_modules/mongodb/lib/core/uri_parser.js:594:12)
&gt;     at connect (/home/harmony/Desktop/FruitsProject/node_modules/mongodb/lib/operations/connect.js:284:3)
&gt;     at /home/harmony/Desktop/FruitsProject/node_modules/mongodb/lib/mongo_client.js:225:5
&gt;     at maybePromise (/home/harmony/Desktop/FruitsProject/node_modules/mongodb/lib/utils.js:681:3)
&gt;     at MongoClient.connect (/home/harmony/Desktop/FruitsProject/node_modules/mongodb/lib/mongo_client.js:221:10)
&gt;     at run (/home/harmony/Desktop/FruitsProject/app.js:12:18)
&gt;     at Object.&lt;anonymous&gt; (/home/harmony/Desktop/FruitsProject/app.js:21:1)
</code></pre>
","9674126","","6203472","","2021-02-21 20:36:49","2021-03-05 09:56:32","Cannot connect to MongoDB because of wrong URI","<javascript><node.js><mongodb><circular-dependency>","6","2","1","","","CC BY-SA 4.0"
"67312959","1","67770420","","2021-04-29 07:35:37","","5","16654","<p>Recently I reinstall my VS Code due to some errors. But I am not able to compile python files. I have installed all necessary extensions like python and code runner. But still I am getting this:</p>
<p><a href=""https://i.stack.imgur.com/32SzC.png"" rel=""noreferrer""><img src=""https://i.stack.imgur.com/32SzC.png"" alt=""enter image description here"" /></a></p>
","15034627","","15034627","","2021-04-29 17:06:48","2021-07-17 20:58:49","command 'python.execInTerminal-icon' not found","<python><visual-studio-code>","14","5","1","","","CC BY-SA 4.0"
"65949032","1","","","2021-01-29 05:00:41","","9","12644","<p>I have a null-safe library and in the example folder I'm using the following import:</p>
<pre><code>import 'package:flutter/material.dart';
</code></pre>
<p>However, the linter is giving me the following warning:</p>
<blockquote>
<p>The library 'package:flutter/material.dart' is legacy, and should not be imported into a null safe library. Try migrating the imported library. import_of_legacy_library_into_null_safe</p>
</blockquote>
<p>The example project's pubspec.yaml file specifies the beta version of the Dart SDK:</p>
<pre><code>environment:
  sdk: &quot;&gt;=2.12.0-29.10.beta &lt;3.0.0&quot;

dependencies:
  flutter:
    sdk: flutter
  my_library:
    path: ../
</code></pre>
<p>Hasn't material.dart already been converted by now? Do I need to add something else to pubspec.yaml or just wait for the stable release to come out?</p>
","3681880","","","","","2021-07-13 07:50:32","The library 'package:flutter/material.dart' is legacy, and should not be imported into a null safe library","<flutter><dart><dart-null-safety>","1","2","","","","CC BY-SA 4.0"
"66005232","1","66006913","","2021-02-02 07:25:06","","8","20136","<p>I am attempting to create a custom pipe that would return a sum of an array in a table, but for whatever reason, Angular is complaining about my pipe not having an 'emod' property.</p>
<p>My pipe:</p>
<pre class=""lang-js prettyprint-override""><code>import { Injectable, Pipe, PipeTransform } from '@angular/core';

@Pipe({
  name: 'fieldSum',
  pure: false
})
@Injectable()
export class FieldSumPipe implements PipeTransform {
  transform(items: any[], attr: string): number {
    return items.reduce((a, b) =&gt; a + b[attr], 0);
  }
}
</code></pre>
<p>My module:</p>
<pre class=""lang-js prettyprint-override""><code>import { SomeComponent} from './some.component';
import { SomeRoutingModule} from './some-routing.module';
import { FieldSumPipe } from '../../../shared/pipes/fieldsum.pipe';
// Other imports...

@NgModule({
    imports: [
        CommonModule,
        SomeRoutingModule,
        FieldSumPipe, // other imports removed for brevity
    ],
    declarations: [
        SomeComponent,
    ],
    exports: [
        FieldSumPipe
    ]
})
export class SomeModule { }
</code></pre>
<p>My component HTML:</p>
<pre class=""lang-js prettyprint-override""><code>      &lt;table class=&quot;table table-striped table-hover table-responsive-lg&quot; [mfData]=&quot;tableData&quot; #mf=&quot;mfDataTable&quot; [mfRowsOnPage]=&quot;10&quot;&gt;
        &lt;thead&gt;
          &lt;tr&gt;
            &lt;th&gt;...&lt;/th&gt;
            &lt;th&gt;...&lt;/th&gt;
            &lt;th&gt;...&lt;/th&gt;
            &lt;th&gt;Profit&lt;/th&gt;
          &lt;/tr&gt;
        &lt;/thead&gt;
        &lt;tbody&gt;
          &lt;tr *ngFor=&quot;let item of mf.data&quot;&gt;
            &lt;td&gt;{{ item.Id }}&lt;/td&gt;
            &lt;td&gt;{{ item.Name }}&lt;/td&gt;
            &lt;td&gt;{{ item.Something }}&lt;/td&gt;
            &lt;td&gt;{{ item.Profit }}&lt;/td&gt;
          &lt;/tr&gt;
        &lt;/tbody&gt;
        &lt;tfoot&gt;
          &lt;tr&gt;
            &lt;td&gt;&lt;/td&gt;
            &lt;td&gt;&lt;/td&gt;
            &lt;td&gt;&lt;/td&gt;
            &lt;td&gt;{{ mf.data | fieldSum:'Profit' }}&lt;/td&gt;
          &lt;/tr&gt;
        &lt;/tfoot&gt;
      &lt;/table&gt;
</code></pre>
<p>VS Code is claiming that <code>The pipe 'fieldSum' could not be found</code>, but it does compile everything successfully and it manages to open in browser. However, when I click on whatever is supposed to load my component, the console displays an error.</p>
<pre class=""lang-js prettyprint-override""><code>core.js:4442 ERROR Error: Uncaught (in promise): Error: Type FieldSumPipe does not have 'mod' property.
Error: Type FieldSumPipe does not have 'mod' property.
    at getNgModuleDef (core.js:1855)
    at recurse (core.js:24235)
    at recurse (core.js:24246)
    at registerNgModuleType (core.js:24231)
    at new NgModuleFactory$1 (core.js:24345)
    at Compiler_compileModuleSync__POST_R3__ (core.js:27135)
    at Compiler_compileModuleAsync__POST_R3__ [as compileModuleAsync] (core.js:27140)
    at MergeMapSubscriber.project (router.js:3506)
    at MergeMapSubscriber._tryNext (mergeMap.js:44)
    at MergeMapSubscriber._next (mergeMap.js:34)
    at resolvePromise (zone-evergreen.js:798)
    at resolvePromise (zone-evergreen.js:750)
    at zone-evergreen.js:860
    at ZoneDelegate.invokeTask (zone-evergreen.js:399)
    at Object.onInvokeTask (core.js:27533)
    at ZoneDelegate.invokeTask (zone-evergreen.js:398)
    at Zone.runTask (zone-evergreen.js:167)
    at drainMicroTaskQueue (zone-evergreen.js:569)
</code></pre>
<p>I am not sure if it's related in any way, but my SomeModule is lazy loaded in the AppRoutingModule.</p>
<pre class=""lang-js prettyprint-override""><code>import { NgModule } from '@angular/core';
import { Routes, RouterModule } from '@angular/router';

const routes: Routes = [
  {
    path: '',
    data: {
      title: 'Whatever',
    },
    children: [
      {
        path: 'some',
        loadChildren: () =&gt;
        import('./some/some.module').then((m) =&gt; m.SomeModule),
      }
    ]
  },
];

@NgModule({
  imports: [RouterModule.forChild(routes)],
  exports: [RouterModule],
})
export class AppRoutingModule {}
</code></pre>
","12182680","","10717357","","2021-06-25 19:54:38","2021-06-25 19:54:38","Angular - Type Pipe does not have 'mod' property","<angular><pipe>","6","2","","","","CC BY-SA 4.0"
"66029781","1","66066663","","2021-02-03 14:41:21","","4","20353","<p>I see that this question has been asked many times but I see no solution that works for me so I'm hoping that providing more info might shed some light.</p>
<p>We use appcenter.ms to test iOS apps. Until our iOS certificate expired this method worked fine. We generated a new enterprise certificate and ad hoc provisioning profile for new releases of the iOS app. Which led to the first curiosity.</p>
<p>I see how to upload a certificate on appcenter.ms but not a provisioning profile. I thought there was an option to do this in the past but perhaps I am mistaken. However, the app is signed with a provisioning profile before upload, so perhaps this is not needed now.</p>
<p>Once the app is uploaded, it can't be installed. It remains grey and when you tap it, you get the &quot;this app cannot be installed because its integrity could not be verified&quot; error. Again, that the .ipa is created with an ad hoc certificate and profile in Xamarin (VS for Mac).</p>
<p>Also, I can't install the provisioning profile on a device from appcenter.ms. You basically get stuck in a loop where you seem to successfully install the profile but have to keep doing it because it never actually installs.</p>
<p>I hope this is enough info for some insight and thanks in advance for any feedback.</p>
","462440","","","","","2021-02-05 16:10:05","Appcenter iOS install error ""this app cannot be installed because its integrity could not be verified""","<ios><xamarin><certificate>","1","1","","","","CC BY-SA 4.0"
"66894200","1","66903554","","2021-03-31 19:33:26","","33","37538","<p>Hey I just updated to the new version of go <code>go version go1.16.2 linux/amd64</code> and am getting an error when I build <a href=""https://tour.golang.org/welcome/1"" rel=""noreferrer"">hello world example</a>:</p>
<pre><code>go: go.mod file not found in current directory or any parent directory; see 'go help modules'
</code></pre>
<p>Even when I follow the fix from <a href=""https://stackoverflow.com/questions/66740187/errors-running-first-go-project-on-local-machine"">that post</a> it isn't working. I set these variables then build again:</p>
<pre><code>GO111MODULE=on
GOPROXY=https://proxy.golang.org,direct
</code></pre>
<p>And same problem unfortunately.</p>
","4159198","","3668967","","2021-05-05 12:28:36","2021-07-12 19:50:07","go: go.mod file not found in current directory or any parent directory; see 'go help modules'","<linux><go>","8","2","5","","","CC BY-SA 4.0"
"65980952","1","","","2021-01-31 15:36:21","","8","23790","<p>I try to use pip to install <code>sklearn</code>, and I receive the following error message:</p>
<blockquote>
<p>ERROR: Could not install packages due to an OSError: [Errno 2] No such file or directory: 'C:\Users\13434\AppData\Local\Packages\PythonSoftwareFoundation.Python.3.7_qbz5n2kfra8p0\LocalCache\local-packages\Python37\site-packages\sklearn\datasets\tests\data\openml\292\api-v1-json-data-list-data_name-australian-limit-2-data_version-1-status-deactivated.json.gz'**.</p>
</blockquote>
<p>Can anyone help? Thanks.</p>
","14489450","","5679285","","2021-01-31 15:39:35","2021-04-02 11:49:06","Python: Could not install packages due to an OSError: [Errno 2] No such file or directory","<python><scikit-learn><pip>","2","0","","","","CC BY-SA 4.0"
"65896334","1","","","2021-01-26 05:33:33","","95","95940","<p>On fresh Vagrant VM using box bento/centos-7 the following commands corrupt my pip installation:</p>
<pre><code>yum update
yum install epel-release -y
yum install python-pip -y
/usr/bin/pip2 install --upgrade pip setuptools pyOpenSSL psycopg2-binary lxml
</code></pre>
<p>This fails at the end with</p>
<pre><code>  Downloading https://files.pythonhosted.org/packages/84/48/5c99d8770fd0a9eb0f82654c3294aad6d0ba9f8600638c2e2ad74f2c5d52/setuptools-52.0.0.tar.gz (2.1MB)
    100% || 2.1MB 821kB/s
    Complete output from command python setup.py egg_info:
    Traceback (most recent call last):
      File &quot;&lt;string&gt;&quot;, line 1, in &lt;module&gt;
      File &quot;setuptools/__init__.py&quot;, line 16, in &lt;module&gt;
        import setuptools.version
      File &quot;setuptools/version.py&quot;, line 1, in &lt;module&gt;
        import pkg_resources
      File &quot;pkg_resources/__init__.py&quot;, line 1367
        raise SyntaxError(e) from e
                                ^
    SyntaxError: invalid syntax

    ----------------------------------------
Command &quot;python setup.py egg_info&quot; failed with error code 1 in /tmp/pip-build-GZrC3W/setuptools/
You are using pip version 8.1.2, however version 21.0 is available.
You should consider upgrading via the 'pip install --upgrade pip' command.
</code></pre>
<p>If I then upgrade Pip I notice that my Python is broken. After that all pip commands end with <code>SyntaxError</code></p>
<pre><code>[root@bkd-openam ~]# pip install --upgrade pip
Collecting pip
  Using cached https://files.pythonhosted.org/packages/9e/24/bc928987f35dd0167f21b13a1777c21b9c5917c9894cff93f1c1a6cb8f3b/pip-21.0.tar.gz
Installing collected packages: pip
  Found existing installation: pip 8.1.2
    Uninstalling pip-8.1.2:
      Successfully uninstalled pip-8.1.2
  Running setup.py install for pip ... done
Successfully installed pip-21.0
[root@bkd-openam ~]# /usr/bin/pip2 install --upgrade pip setuptools pyOpenSSL psycopg2-binary lxml
Traceback (most recent call last):
  File &quot;/usr/bin/pip2&quot;, line 9, in &lt;module&gt;
    load_entry_point('pip==21.0', 'console_scripts', 'pip2')()
  File &quot;/usr/lib/python2.7/site-packages/pkg_resources.py&quot;, line 378, in load_entry_point
    return get_distribution(dist).load_entry_point(group, name)
  File &quot;/usr/lib/python2.7/site-packages/pkg_resources.py&quot;, line 2566, in load_entry_point
    return ep.load()
  File &quot;/usr/lib/python2.7/site-packages/pkg_resources.py&quot;, line 2260, in load
    entry = __import__(self.module_name, globals(),globals(), ['__name__'])
  File &quot;/usr/lib/python2.7/site-packages/pip/_internal/cli/main.py&quot;, line 60
    sys.stderr.write(f&quot;ERROR: {exc}&quot;)
                                   ^
SyntaxError: invalid syntax
</code></pre>
<p>Why is this? Is this a known issue with Python? How do I fix this?</p>
<p>BTW, CentOS 7 is a given, we cannot upgrade to CentOS 8 at this point. Also, we are using Ansible so using virtualenv I think for target nodes is recommended against by the Ansible community.</p>
<p>We can install Python 3 of course on target nodes but not all Ansible code is available for combination Python 3 with CentOS 7.</p>
<p>Can we use Pip 20?  We would like to upgrade to the most recent version of Pip that still works and I think that is Pip 20. How do I prevent upgrade to Pip 21?</p>
","202576","","8384089","","2021-02-19 09:54:36","2021-06-20 19:46:49","Python Pip broken with sys.stderr.write(f""ERROR: {exc}"")","<python><pip>","12","7","15","","","CC BY-SA 4.0"
"65594119","1","","","2021-01-06 10:32:06","","10","13984","<p>When I upgraded from Angular <strong>8</strong> to <strong>11</strong> I faced this warning</p>
<blockquote>
<p>'node-sass' usage is deprecated and will be removed in a future major version. To opt-out of the deprecated behavior and start using 'sass' uninstall 'node-sass'.</p>
</blockquote>
<p>can anyone help me <br/>
Thanks in advance</p>
","11297998","","4390133","","2021-05-03 14:06:25","2021-06-06 12:51:02","'node-sass' usage is deprecated and will be removed in a future major version","<angular>","3","3","3","","","CC BY-SA 4.0"
"67400029","1","67400706","","2021-05-05 11:02:44","","97","19334","<p>I updated Android studio 4.2 but I wasn't able to create new project kotlin</p>
<pre><code>A problem occurred configuring root project 'My Application'.
&gt; Could not resolve all artifacts for configuration ':classpath'.
&gt; Could not find org.jetbrains.kotlin:kotlin-gradle-plugin:1.5.0-release-764.
 Searched in the following locations:
   - https://dl.google.com/dl/android/maven2/org/jetbrains/kotlin/kotlin-gradle-plugin/1.5.0-release- 
764/kotlin-gradle-plugin-1.5.0-release-764.pom
   - https://repo.maven.apache.org/maven2/org/jetbrains/kotlin/kotlin-gradle-plugin/1.5.0-release-764/kotlin-gradle-plugin-1.5.0-release-764.pom
 Required by:
     project :

Possible solution:
- Declare repository providing the artifact, see the documentation at 
 https://docs.gradle.org/current/userguide/declaring_repositories.html
</code></pre>
","13833626","","815724","","2021-05-06 00:16:11","2021-06-23 10:10:38","Can't create new Kotlin project after updating to Android Studio 4.2","<android><android-studio><kotlin><android-studio-4.2>","14","4","10","","","CC BY-SA 4.0"
"65630743","1","66879350","","2021-01-08 14:20:57","","5","12505","<p>It seems like CORS error is well-known issue in the web field. But I tried flutter web for the first time ever and I faced critical error.</p>
<p>The code below worked well in app version when it was running on iOS device, but when i tested the same code on Chrome with web debugging from beta channel, it encountered CORS error.</p>
<p>Other stackoverflow answers explained how to solve the CORS issue with serverside files of their projects. But I have totally no idea what is server thing and how to deal with their answers. The error message from Chrome console was below</p>
<p>[  Access to XMLHttpRequest at 'https://kapi.kakao.com/v1/payment/ready' from origin 'http://localhost:52700' has been blocked by CORS policy: Response to preflight request doesn't pass access control check: No 'Access-Control-Allow-Origin' header is present on the requested resource.  ]</p>
<p>So, what i want to do is to solve above 'Access-Control-Allow-Origin header' issue ONLY WITH DART CODE! Code below is what i've tried to solve these issues only with my main.dart.</p>
<pre><code>onPressed: () async {
      var res =
          await http.post('https://kapi.kakao.com/v1/payment/ready', encoding: Encoding.getByName('utf8'), headers: {
        'Authorization': 'KakaoAK $_ADMIN_KEY',
        HttpHeaders.authorizationHeader: 'KakaoAK $_ADMIN_KEY',
        &quot;Access-Control-Allow-Origin&quot;: &quot;*&quot;,
        &quot;Access-Control-Allow-Methods&quot;: &quot;POST, GET, OPTIONS, PUT, DELETE, HEAD&quot;,
      }, body: {
        'cid': 'TC0ONETIME',
        'partner_order_id': 'partner_order_id',
        'partner_user_id': 'partner_user_id',
        'item_name': 'cool_beer',
        'quantity': '1',
        'total_amount': '22222',
        'vat_amount': '2222',
        'tax_free_amount': '0',
        'approval_url': '$_URL/kakaopayment',
        'fail_url': '$_URL/kakaopayment',
        'cancel_url': '$_URL/kakaopayment'
      });
      Map&lt;String, dynamic&gt; result = json.decode(res.body);
      print(result);
    },
</code></pre>
<p>Even though i actually had the header <code>&quot;Access-Control-Allow-Origin&quot;: &quot;*&quot;</code> which most other answers recommended, the Chrome console printed same error message. Weird thing is that the same code made successful request in mobileApp version. So I think this is only problem with flutter WEB VERSION.</p>
<p>Hope somebody can figure it out and suggest only-dart code to resolve the issue in my main.dart!! Thank you for reading [:</p>
","12373446","","","","","2021-07-17 09:53:13","How to solve flutter web api cors error only with dart code?","<api><flutter><http><dart><request>","5","2","3","","","CC BY-SA 4.0"
"68191392","1","68192700","","2021-06-30 08:45:37","","145","31427","<p>I was using a username password for pushing my code, it was working for several months but suddenly I'm not able to do it and getting this error:</p>
<pre><code>Username for 'https://github.com': shreyas-jadhav
Password for 'https://shreyas-jadhav@github.com': 
remote: Password authentication is temporarily disabled as part of a brownout. Please use a personal access token instead.
remote: Please see https://github.blog/2020-07-30-token-authentication-requirements-for-api-and-git-operations/ for more information.
</code></pre>
<p>Please note that the link doesn't help. Even using the generated token doesn't help.</p>
<blockquote>
<p><strong>Moderator Note:</strong> This is <a href=""https://github.blog/2020-12-15-token-authentication-requirements-for-git-operations/"" rel=""nofollow noreferrer"">part of a planned and soon-to-be permanent service change by GitHub</a></p>
</blockquote>
","15507251","","7403464","","2021-07-17 08:25:10","2021-07-17 08:25:10","Password authentication is temporarily disabled as part of a brownout. Please use a personal access token instead","<git><github><github-api>","25","18","21","2021-07-01 13:02:28","","CC BY-SA 4.0"
"66964492","1","67599606","","2021-04-06 07:34:31","","6","13386","<p>My notebook was working up till today. At the beginning of my colab notebook I install tf-nightly, but now it is giving me this error</p>
<pre><code>---------------------------------------------------------------------------
ImportError                               Traceback (most recent call last)
&lt;ipython-input-1-589c442233c5&gt; in &lt;module&gt;()
      7 import tensorflow as tf
      8 from tensorflow.keras import datasets, layers, models
----&gt; 9 from keras.preprocessing import image
     10 from keras_preprocessing.image import ImageDataGenerator #check underscore or not
     11 from tensorflow.keras.preprocessing import image_dataset_from_directory

2 frames
/usr/local/lib/python3.7/dist-packages/keras/backend.py in &lt;module&gt;()
     35 from tensorflow.python.distribute import distribute_coordinator as dc
     36 from tensorflow.python.distribute import distribute_coordinator_context as dc_context
---&gt; 37 from tensorflow.python.eager.context import get_config
     38 from tensorflow.python.framework import config
     39 from keras import backend_config

ImportError: cannot import name 'get_config' from 'tensorflow.python.eager.context' (/usr/local/lib/python3.7/dist-packages/tensorflow_core/python/eager/context.py)
</code></pre>
<p>This is my code:</p>
<pre><code>!pip install tf-nightly

import tensorflow as tf
from tensorflow.keras import datasets, layers, models
from keras.preprocessing import image
from keras_preprocessing.image import ImageDataGenerator
from tensorflow.keras.preprocessing import image_dataset_from_directory
from keras.callbacks import Callback, ModelCheckpoint, ReduceLROnPlateau, EarlyStopping
</code></pre>
<p>I have tried installing tensorflow==2.1.0 and this has not been working either. If I comment out that one import, I just get another error on the next line and I have not been able to find much online about this. Any help would be appreciated!</p>
","5111234","","","","","2021-07-12 10:16:36","ImportError: cannot import name 'get_config' from 'tensorflow.python.eager.context'","<python><tensorflow><keras>","6","2","2","","","CC BY-SA 4.0"
"66971594","1","66971803","","2021-04-06 15:23:41","","64","17950","<p>I just updated my python from 3.9.1 to 3.9.4. When I tried to run the server. The console gave me a warning for this:</p>
<pre><code>WARNINGS:
learning_logs.Entry: (models.W042) Auto-created primary key used when not defining a primary key type, by default 'django.db.models.AutoField'.
HINT: Configure the DEFAULT_AUTO_FIELD setting or the LearningLogsConfig.default_auto_field attribute to point to a subclass of AutoField, e.g. 'django.db.models.BigAutoField'.
learning_logs.Topic: (models.W042) Auto-created primary key used when not defining a primary key type, by default 'django.db.models.AutoField'.
HINT: Configure the DEFAULT_AUTO_FIELD setting or the LearningLogsConfig.default_auto_field attribute to point to a subclass of AutoField, e.g. 'django.db.models.BigAutoField'.
No changes detected in app 'learning_logs'
</code></pre>
<p>May I please know how do I fix this.
I read the documentation about this, but I don't understand how this part <a href=""https://docs.djangoproject.com/en/3.1/topics/db/models/"" rel=""noreferrer"">this page</a> relates to this.</p>
<p>Models.py</p>
<pre><code>from django.db import models
from django.contrib.auth.models import User
# Create your models here.

class Topic(models.Model):
    text = models.CharField(max_length = 200)
    date_added = models.DateTimeField(auto_now_add = True)
    image = models.ImageField(upload_to = 'backgroud_images', null = True, blank = True)
    owner = models.ForeignKey(User,on_delete = models.CASCADE)
    def __str__(self):
        return self.text



class Entry(models.Model):
    topic = models.ForeignKey(Topic,on_delete = models.CASCADE)
    text = models.TextField()
    date_added = models.DateTimeField(auto_now_add = True)

    class Meta:
        verbose_name_plural = &quot;Entries&quot;

    def __str__(self):
        return self.text[:50]
</code></pre>
","15022111","","4679965","","2021-04-06 16:20:01","2021-05-27 03:54:56","Auto-create primary key used when not defining a primary key type warning in Django","<python-3.x><django>","5","3","7","","","CC BY-SA 4.0"
"66921263","1","67322465","","2021-04-02 15:02:27","","16","10218","<p>I am getting RNSScreen error even though I have installed all related packages and followed react-navigation guide (<a href=""https://reactnavigation.org/docs/getting-started#installation"" rel=""noreferrer"">https://reactnavigation.org/docs/getting-started#installation</a>) but nothing worked for me.</p>
<p><a href=""https://i.stack.imgur.com/KzOim.png"" rel=""noreferrer""><img src=""https://i.stack.imgur.com/KzOim.png"" alt=""enter image description here"" /></a></p>
<p><a href=""https://i.stack.imgur.com/NBl7q.png"" rel=""noreferrer""><img src=""https://i.stack.imgur.com/NBl7q.png"" alt=""enter image description here"" /></a></p>
<p><a href=""https://i.stack.imgur.com/am7xx.png"" rel=""noreferrer""><img src=""https://i.stack.imgur.com/am7xx.png"" alt=""enter image description here"" /></a></p>
","3048984","","","","","2021-07-16 08:34:18","Invariant Violation: requireNativeComponent: ""RNSScreen"" was not found in the UIManager","<react-native><react-navigation><react-navigation-v5>","16","2","4","","","CC BY-SA 4.0"
"66927051","1","66935286","","2021-04-03 01:45:02","","34","14466","<p>I'm trying to do validations for my form in react. I chose &quot;react-hook-form&quot; library. But I'm constantly getting error &quot;Path.split is not a function. Even after using the default example given in their website, I'm getting the same error.
This is the default code given in the official site.</p>
<pre class=""lang-js prettyprint-override""><code>import React from &quot;react&quot;;
import { useForm } from &quot;react-hook-form&quot;;

export default function App() {
  const { register, handleSubmit, watch, errors } = useForm();
  const onSubmit = data =&gt; console.log(data);

  console.log(watch(&quot;example&quot;)); // watch input value by passing the name of it

  return (
    {/* &quot;handleSubmit&quot; will validate your inputs before invoking &quot;onSubmit&quot; */}
    &lt;form onSubmit={handleSubmit(onSubmit)}&gt;
    {/* register your input into the hook by invoking the &quot;register&quot; function */}
      &lt;input name=&quot;example&quot; defaultValue=&quot;test&quot; ref={register} /&gt;
      
      {/* include validation with required or other standard HTML validation rules */}
      &lt;input name=&quot;exampleRequired&quot; ref={register({ required: true })} /&gt;
      {/* errors will return when field validation fails  */}
      {errors.exampleRequired &amp;&amp; &lt;span&gt;This field is required&lt;/span&gt;}
      
      &lt;input type=&quot;submit&quot; /&gt;
    &lt;/form&gt;
  );
}
</code></pre>
","15173609","","1087119","","2021-04-21 23:29:02","2021-04-28 07:31:51","Getting Uncaught TypeError: path.split is not a function in react","<react-hook-form>","3","5","6","","","CC BY-SA 4.0"
"65619529","1","65621536","","2021-01-07 20:32:31","","7","16802","<p>I am trying to install Homebrew onto my M1 Mac. My default shell is zsh and I want to keep it that way. I ran:
<code>ruby -e &quot;$(curl -fsSL https://raw.githubusercontent.com/Homebrew/install/master/install)&quot;</code></p>
<p>and it said the installation was successful however after trying the command <code>brew doctor</code> and <code>brew help</code> both returned the error zsh: command not found: brew</p>
<p>I don't know a whole lot about shells or programming so anything I can try would be helpful.</p>
<p>I then was about to try un/re installing it and ran:
<code>ruby -e &quot;$(curl -fsSL https://raw.githubusercontent.com/Homebrew/install/master/uninstall)&quot;</code>
but a warning came up to migrate to this command:<br />
<code>/bin/bash -c &quot;$(curl -fsSL https://raw.githubusercontent.com/Homebrew/install/master/uninstall.sh)&quot;</code></p>
<p>this leads me to believe maybe it is just located in the wrong shell?</p>
","14961591","","","","","2021-05-05 20:45:39","Fixing zsh command not found: brew? (installing Homebrew)","<macos><homebrew>","3","2","3","","","CC BY-SA 4.0"
"66980047","1","67121849","","2021-04-07 05:28:46","","36","18760","<p>I'm installing a package that has Maven dependency and get a DependencyResolutionException when I try to clean it.
After cloning it, I navigate to the directory and run the following to install it with no error:</p>
<pre><code>mvn install:install-file -Dfile=./lib/massbank.jar -DgroupId=massbank  -DartifactId=massbank -Dversion=1.0 -Dpackaging=jar
mvn install:install-file -Dfile=./lib/metfusion.jar -DgroupId=de.ipbhalle.msbi  -DartifactId=metfusion -Dversion=1.0 -Dpackaging=jar
</code></pre>
<p>Then:</p>
<pre><code>mvn clean package 
</code></pre>
<p>with the following console output:</p>
<pre><code>[INFO] Scanning for projects...
[INFO] 
[INFO] --------------------&lt; MassBank2NIST:MassBank2NIST &gt;---------------------
[INFO] Building MassBank2NIST 0.0.2-SNAPSHOT
[INFO] --------------------------------[ jar ]---------------------------------
[INFO] ------------------------------------------------------------------------
[INFO] BUILD FAILURE
[INFO] ------------------------------------------------------------------------
[INFO] Total time:  0.450 s
[INFO] Finished at: 2021-04-07T01:08:28-04:00
[INFO] ------------------------------------------------------------------------
[ERROR] Failed to execute goal on project MassBank2NIST: Could not resolve dependencies for project MassBank2NIST:MassBank2NIST:jar:0.0.2-SNAPSHOT: Failed to collect dependencies at edu.ucdavis.fiehnlab.splash:core:jar:1.8: Failed to read artifact descriptor for edu.ucdavis.fiehnlab.splash:core:jar:1.8: Could not transfer artifact edu.ucdavis.fiehnlab.splash:core:pom:1.8 from/to maven-default-http-blocker (http://0.0.0.0/): Blocked mirror for repositories: [EBI (http://www.ebi.ac.uk/intact/maven/nexus/content/repositories/ebi-repo/, default, releases+snapshots), releases (http://gose.fiehnlab.ucdavis.edu:55000/content/groups/public, default, releases+snapshots)] -&gt; [Help 1]
[ERROR] 
[ERROR] To see the full stack trace of the errors, re-run Maven with the -e switch.
[ERROR] Re-run Maven using the -X switch to enable full debug logging.
[ERROR] 
[ERROR] For more information about the errors and possible solutions, please read the following articles:
[ERROR] [Help 1] http://cwiki.apache.org/confluence/display/MAVEN/DependencyResolutionException
</code></pre>
<p>I can post the output of the debug logging switch if necessary, but it's quite long. I can also post the pom.xml, however it refers to the repositories as required from what I can tell.</p>
<p>I've searched for similar posts, but none seem to contain the same series of errors or similar. Can someone help me decipher these errors?</p>
<p>Thanks!</p>
","15570794","","","","","2021-07-08 05:20:09","Maven Build Failure -- DependencyResolutionException","<maven><pom.xml><dependency-resolution>","7","0","7","","","CC BY-SA 4.0"
"66919504","1","66921259","","2021-04-02 12:41:47","","40","26987","<p>Today I tried to build a docker for my rails 6.1.0 with active storage, I got the following error:</p>
<pre><code>Your bundle is locked to mimemagic (0.3.5), but that version could not be found in any of the sources listed in your Gemfile. If you haven't changed sources, that means the author of mimemagic (0.3.5) has removed it. You'll need to update your
bundle to a version other than mimemagic (0.3.5) that hasn't been removed in order to install.
</code></pre>
<p>And now I try to install the mimemagic</p>
<pre><code> gem install mimemagic -v 0.3.5
</code></pre>
<p>I've got the following error:</p>
<pre><code>ERROR:  Could not find a valid gem 'mimemagic' (= 0.3.5) in any repository
ERROR:  Possible alternatives: mimemagic
</code></pre>
<p>It seems like the gem is gone. Can someone explain this?</p>
<p>what can be the solution to this issue?</p>
","660572","","","","","2021-04-28 18:25:31","Your bundle is locked to mimemagic (0.3.5), but that version could not be found in any of the sources listed in your Gemfile","<ruby-on-rails><ruby-on-rails-6><mimemagic>","3","2","8","2021-04-03 07:07:05","","CC BY-SA 4.0"
"66936633","1","66938929","","2021-04-03 23:08:39","","25","10974","<p>Hello developers i have been literally the whole day trying to implement charts on my proyect , but following the official docs there is not way i could rid off this error :</p>
<pre><code>ERROR in ./node_modules/ng2-charts/__ivy_ngcc__/fesm2015/ng2-charts.js 317:8-21
&quot;export 'pluginService' was not found in 'chart.js'
 node_modules/ng2-charts/lib/base-chart.directive.d.ts:4:59 - error TS2305: Module '&quot;../../chart.js/types/index.esm&quot;' has no exported member 
'ChartPoint'.
    
    4 import { ChartConfiguration, ChartDataSets, ChartOptions, ChartPoint, ChartType, PluginServiceGlobalRegistration, PluginServiceRegistrationOptions } from 'chart.js';
                                                                ~~~~~~~~~~
    node_modules/ng2-charts/lib/base-chart.directive.d.ts:4:82 - error TS2305: Module '&quot;../../chart.js/types/index.esm&quot;' has no exported member 
'PluginServiceGlobalRegistration'.
    
    4 import { ChartConfiguration, ChartDataSets, ChartOptions, ChartPoint, ChartType, PluginServiceGlobalRegistration, PluginServiceRegistrationOptions } from 'chart.js';
                                                                                       ~~~~~~~~~~~~~~~~~~~~~~~~~~~~~~~
    node_modules/ng2-charts/lib/base-chart.directive.d.ts:4:115 - error TS2305: Module '&quot;../../chart.js/types/index.esm&quot;' has no exported member 'PluginServiceRegistrationOptions'.
    
    4 import { ChartConfiguration, ChartDataSets, ChartOptions, ChartPoint, ChartType, PluginServiceGlobalRegistration, PluginServiceRegistrationOptions } from 'chart.js';
                                                                                                                        ~~~~~~~~~~~~~~~~~~~~~~~~~~~~~~~~
    node_modules/ng2-charts/lib/base-chart.directive.d.ts:32:12 - error TS2304: Cannot find name 'Chart'.
    
    32     chart: Chart;
                  ~~~~~
    node_modules/ng2-charts/lib/base-chart.directive.d.ts:56:35 - error TS2304: Cannot find name 'Chart'.
    
    56     getChartBuilder(ctx: string): Chart;
                                         ~~~~~
    src/app/components/graphics/graphics.component.ts:6:20 - error TS2305: Module '&quot;../../../../node_modules/chart.js/types/index.esm&quot;' has no exported member 'pluginService'.
    
    6 import { ChartType,pluginService} from 'chart.js';
                         ~~~~~~~~~~~~~
    

Date: 2021-04-03T22:59:36.844Z - Hash: 2c8378fd3f46cd7e10f8
6 unchanged chunks

Time: 2109ms

ERROR in ./node_modules/ng2-charts/__ivy_ngcc__/fesm2015/ng2-charts.js 317:8-21
&quot;export 'pluginService' was not found in 'chart.js'

ERROR in ./node_modules/ng2-charts/__ivy_ngcc__/fesm2015/ng2-charts.js 324:8-21
&quot;export 'pluginService' was not found in 'chart.js'
    
    ERROR in node_modules/ng2-charts/lib/base-chart.directive.d.ts:4:30 - error TS2724: Module '&quot;../../chart.js/types/index.esm&quot;' has no exported member 'ChartDataSets'. Did you mean 'ChartDataset'?
    
    4 import { ChartConfiguration, ChartDataSets, ChartOptions, ChartPoint, ChartType, PluginServiceGlobalRegistration, PluginServiceRegistrationOptions } from 'chart.js';
                                   ~~~~~~~~~~~~~
    node_modules/ng2-charts/lib/base-chart.directive.d.ts:4:59 - error TS2305: Module '&quot;../../chart.js/types/index.esm&quot;' has no exported member 
'ChartPoint'.
    
    4 import { ChartConfiguration, ChartDataSets, ChartOptions, ChartPoint, ChartType, PluginServiceGlobalRegistration, PluginServiceRegistrationOptions } from 'chart.js';
                                                                ~~~~~~~~~~
    node_modules/ng2-charts/lib/base-chart.directive.d.ts:4:82 - error TS2305: Module '&quot;../../chart.js/types/index.esm&quot;' has no exported member 
'PluginServiceGlobalRegistration'.
    
    4 import { ChartConfiguration, ChartDataSets, ChartOptions, ChartPoint, ChartType, PluginServiceGlobalRegistration, PluginServiceRegistrationOptions } from 'chart.js';
                                                                                       ~~~~~~~~~~~~~~~~~~~~~~~~~~~~~~~
    node_modules/ng2-charts/lib/base-chart.directive.d.ts:4:115 - error TS2305: Module '&quot;../../chart.js/types/index.esm&quot;' has no exported member 'PluginServiceRegistrationOptions'.
    
    4 import { ChartConfiguration, ChartDataSets, ChartOptions, ChartPoint, ChartType, PluginServiceGlobalRegistration, PluginServiceRegistrationOptions } from 'chart.js';
                                                                                                                        ~~~~~~~~~~~~~~~~~~~~~~~~~~~~~~~~
    node_modules/ng2-charts/lib/base-chart.directive.d.ts:32:12 - error TS2304: Cannot find name 'Chart'.
    
    32     chart: Chart;
                  ~~~~~
    node_modules/ng2-charts/lib/base-chart.directive.d.ts:56:35 - error TS2304: Cannot find name 'Chart'.
    
    56     getChartBuilder(ctx: string): Chart;
                                         ~~~~~
    

</code></pre>
<p>All this when I'm trying to implement ng2-charts wrapping chart.js from its official site through the commands:</p>
<pre><code>npm install --save ng2-charts

npm install --save chart.js
</code></pre>
<p>My package.json has this structure:</p>
<pre class=""lang-json prettyprint-override""><code>{
  &quot;name&quot;: &quot;front&quot;,
  &quot;version&quot;: &quot;0.0.0&quot;,
  &quot;scripts&quot;: {
    &quot;ng&quot;: &quot;ng&quot;,
    &quot;start&quot;: &quot;ng serve&quot;,
    &quot;build&quot;: &quot;ng build&quot;,
    &quot;test&quot;: &quot;ng test&quot;,
    &quot;lint&quot;: &quot;ng lint&quot;,
    &quot;e2e&quot;: &quot;ng e2e&quot;,
    &quot;postinstall&quot;: &quot;ngcc&quot;
  },
  &quot;private&quot;: true,
  &quot;dependencies&quot;: {
    &quot;@angular/animations&quot;: &quot;~10.0.5&quot;,
    &quot;@angular/cdk&quot;: &quot;^10.2.7&quot;,
    &quot;@angular/common&quot;: &quot;~10.0.5&quot;,
    &quot;@angular/compiler&quot;: &quot;~10.0.5&quot;,
    &quot;@angular/core&quot;: &quot;~10.0.5&quot;,
    &quot;@angular/forms&quot;: &quot;~10.0.5&quot;,
    &quot;@angular/material&quot;: &quot;^10.2.7&quot;,
    &quot;@angular/platform-browser&quot;: &quot;~10.0.5&quot;,
    &quot;@angular/platform-browser-dynamic&quot;: &quot;~10.0.5&quot;,
    &quot;@angular/router&quot;: &quot;~10.0.5&quot;,
    &quot;@mapbox/mapbox-gl-geocoder&quot;: &quot;^4.7.0&quot;,
    &quot;@ngrx/effects&quot;: &quot;^10.1.2&quot;,
    &quot;@ngrx/store&quot;: &quot;^10.1.2&quot;,
    &quot;@ngrx/store-devtools&quot;: &quot;^10.1.2&quot;,
    &quot;@swimlane/ngx-charts&quot;: &quot;^17.0.1&quot;,
    &quot;@swimlane/ngx-datatable&quot;: &quot;^19.0.0&quot;,
    &quot;angular-datatables&quot;: &quot;^11.1.1&quot;,
    &quot;bootstrap&quot;: &quot;^4.6.0&quot;,
    &quot;chart.js&quot;: &quot;^3.0.1&quot;,
    &quot;chartjs-plugin-datalabels&quot;: &quot;^0.7.0&quot;,
    &quot;datatables.net&quot;: &quot;^1.10.20&quot;,
    &quot;datatables.net-dt&quot;: &quot;^1.10.20&quot;,
    &quot;jquery&quot;: &quot;^3.6.0&quot;,
    &quot;mapbox-gl&quot;: &quot;^2.2.0&quot;,
    &quot;ng2-charts&quot;: &quot;^2.4.2&quot;,
    &quot;popper.js&quot;: &quot;^1.16.1&quot;,
    &quot;rxjs&quot;: &quot;~6.5.5&quot;,
    &quot;tslib&quot;: &quot;^2.0.0&quot;,
    &quot;uuid&quot;: &quot;^8.3.2&quot;,
    &quot;zone.js&quot;: &quot;~0.10.3&quot;
  },
  &quot;devDependencies&quot;: {
    &quot;@angular-devkit/build-angular&quot;: &quot;~0.1000.4&quot;,
    &quot;@angular/cli&quot;: &quot;~10.0.4&quot;,
    &quot;@angular/compiler-cli&quot;: &quot;~10.0.5&quot;,
    &quot;@types/datatables.net&quot;: &quot;^1.10.18&quot;,
    &quot;@types/jasmine&quot;: &quot;~3.5.0&quot;,
    &quot;@types/jasminewd2&quot;: &quot;~2.0.3&quot;,
    &quot;@types/jquery&quot;: &quot;^3.3.33&quot;,
    &quot;@types/node&quot;: &quot;^12.11.1&quot;,
    &quot;codelyzer&quot;: &quot;^6.0.0&quot;,
    &quot;jasmine-core&quot;: &quot;~3.5.0&quot;,
    &quot;jasmine-spec-reporter&quot;: &quot;~5.0.0&quot;,
    &quot;karma&quot;: &quot;~5.0.0&quot;,
    &quot;karma-chrome-launcher&quot;: &quot;~3.1.0&quot;,
    &quot;karma-coverage-istanbul-reporter&quot;: &quot;~3.0.2&quot;,
    &quot;karma-jasmine&quot;: &quot;~3.3.0&quot;,
    &quot;karma-jasmine-html-reporter&quot;: &quot;^1.5.0&quot;,
    &quot;protractor&quot;: &quot;~7.0.0&quot;,
    &quot;ts-node&quot;: &quot;~8.3.0&quot;,
    &quot;tslint&quot;: &quot;~6.1.0&quot;,
    &quot;typescript&quot;: &quot;~3.9.5&quot;
  }
}

</code></pre>
<p>And the ChartModule is implemented in the app.module, as well as the modularized component I might be setting the charts at.</p>
<p>I'm not sure why this situation.
Any help would be amazing.
Thanks in advance</p>
","12037397","","1087119","","2021-04-21 23:29:27","2021-06-23 09:18:43","Chart JS +ng2-charts not working on Angular+2","<angular><charts><ng2-charts>","3","1","3","","","CC BY-SA 4.0"
"65640476","1","","","2021-01-09 07:49:51","","14","14796","<p>After installing (ubuntu) python3.9, installing some packages with pip failes on:</p>
<pre><code>    Traceback (most recent call last):
      File &quot;&lt;string&gt;&quot;, line 1, in &lt;module&gt;
      File &quot;/usr/lib/python3/dist-packages/setuptools/__init__.py&quot;, line 14, in &lt;module&gt;
        from setuptools.dist import Distribution, Feature
      File &quot;/usr/lib/python3/dist-packages/setuptools/dist.py&quot;, line 24, in &lt;module&gt;
        from setuptools.depends import Require
      File &quot;/usr/lib/python3/dist-packages/setuptools/depends.py&quot;, line 7, in &lt;module&gt;
        from .py33compat import Bytecode
      File &quot;/usr/lib/python3/dist-packages/setuptools/py33compat.py&quot;, line 54, in &lt;module&gt;
        unescape = getattr(html, 'unescape', html_parser.HTMLParser().unescape)
    AttributeError: 'HTMLParser' object has no attribute 'unescape'
    ----------------------------------------
ERROR: Command errored out with exit status 1: python setup.py egg_info Check the logs for full command output.
</code></pre>
","2964927","","","","","2021-01-13 08:25:41","pip3 on python3.9 fails on 'HTMLParser' object has no attribute 'unescape'","<python><pip><python-3.9>","1","1","3","2021-01-09 11:37:06","","CC BY-SA 4.0"
"67079327","1","","","2021-04-13 17:02:54","","30","33855","<p>I have a Gradle project in Ubuntu.  It's written in Java 14.  I have the Java 14 JDK installed.  When I build it from the command line, everything works, but no one wants to use a command line!  When I open it in IntelliJ Idea, it throws an error:</p>
<pre><code>* Where:
Initialization script '/tmp/ijmapper.gradle`

* What went wrong:
Could not compile initialization script '/tmp/ijmapper.gradle`.
&gt; Startup failed:
General error during semantic analysis: Unsupported class file major version 60.
</code></pre>
<p>followed by a long, unhelpful stack trace that says a lot about Groovy.  (The project is not a Groovy project; it's a Java project.)</p>
<p><a href=""https://stackoverflow.com/questions/9170832/list-of-java-class-file-format-major-version-numbers"">Major version 60 refers to Java 16,</a> which this project is not using.  I've already gone into Project Structure and made sure that it's set to use JDK version 14.  But the name &quot;ijmapper&quot; suggests that this has something to do with IntelliJ specifically, and this is likely an IDE problem rather than a project problem.</p>
<p>The mapper file simply says:</p>
<p><code>if(!ext.has('mapPath')) ext.mapPath = { path -&gt; path}</code></p>
<p>A simple polyfill, in other words.</p>
<p>Does anyone have any idea what's going on here and how to fix it?  I've lost a day already trying to get this to work and I'm about at my wits' end here!</p>
","32914","","32914","","2021-04-13 17:15:38","2021-06-28 19:02:32","How to fix ""unsupported class file major version 60"" in IntelliJ?","<java><ubuntu><intellij-idea><groovy>","7","5","1","","","CC BY-SA 4.0"
"66997942","1","","","2021-04-08 05:43:16","","1","11206","<p>On Selenium, I am using chromedriver version 89 and my chrome browser version 89.0. too. When I run my code on a headless browser, I got an error; turn chrome to a headless browser to test the result. Here is my script-</p>
<pre><code>from selenium import webdriver
from selenium.webdriver.common.keys import Keys
from selenium.webdriver.chrome.options import Options
from shutil import which 

chrome_options = Options()
chrome_options.add_argument(&quot;--headless&quot;)

chrome_path = which(&quot;chromedriver&quot;)

driver = webdriver.Chrome(executable_path=chrome_path, options=chrome_options)
driver.get(&quot;https://duckduckgo.com/&quot;)

search_input = driver.find_element_by_id(&quot;search_form_input_homepage&quot;)
search_input.send_keys(&quot;My User Agent&quot;)

search_input.send_keys(Keys.ENTER)
</code></pre>
<p><em><strong>And here is the VSCODE Terminal Output,</strong></em></p>
<pre><code>DevTools listening on ws://127.0.0.1:57195/devtools/browser/7464cfb0-5b3c-497d-a768-6eae3bb5b59b
[0408/112137.788:INFO:CONSOLE(0)] &quot;Error with Permissions-Policy header: Unrecognized feature: 'interest-cohort'.&quot;, source:  (0)
[0408/112138.552:INFO:CONSOLE(0)] &quot;Error with Permissions-Policy header: Unrecognized feature: 'interest-cohort'.&quot;, source:  (0)
[0408/112139.176:INFO:CONSOLE(0)] &quot;Error with Permissions-Policy header: Unrecognized feature: 'interest-cohort'.&quot;, source:  (0)
[0408/112139.483:INFO:CONSOLE(0)] &quot;Error with Permissions-Policy header: Unrecognized feature: 'interest-cohort'.&quot;, source:  (0)
</code></pre>
<p><a href=""https://i.stack.imgur.com/gM4vH.png"" rel=""nofollow noreferrer"">VSCode Terminal Output</a></p>
","8597394","","","","","2021-04-13 06:54:22","""Error with Permissions-Policy header"", when using Chromedriver to a Headless Browser","<selenium>","1","0","","","","CC BY-SA 4.0"
"67072463","1","","","2021-04-13 09:46:01","","1","11557","<p>Well if you would like to get the attachments from a Discord message, you can do it by the following way:</p>
<pre><code>attachements = message.attachments
</code></pre>
<p>But it cannot get attachments which are sent with a link.</p>
<p>Like the following links:</p>
<pre><code>https://media.discordapp.net/attachments/722437402685341766/801262293693890580/banner.gif
https://cdn.discordapp.com/attachments/281595941746900992/710992416039108748/unknown.png(I got it from a spam report)
</code></pre>
<p>They already have a different starting url.</p>
<p>How to extract them from the message?</p>
","13415628","","","","","2021-05-15 14:01:55","Discord Attachments Link","<python><python-3.x><discord.py><re>","1","0","","","","CC BY-SA 4.0"
"65653417","1","65655132","","2021-01-10 12:44:36","","16","28192","<p>I've ran into an issue running <code>npm start</code> (I've attached the screenshot of the error bellow) on my Angular project.</p>
<p>When I run the project using <code>ng serve</code>, everything is working fine.</p>
<p>I have tried several ways to fix this issue without success.</p>
<p><a href=""https://i.stack.imgur.com/O689A.png"" rel=""noreferrer""><img src=""https://i.stack.imgur.com/O689A.png"" alt=""Screenshot of the error"" /></a></p>
<p>This is my <code>package.json</code> file:</p>
<pre class=""lang-json prettyprint-override""><code>{
  &quot;name&quot;: &quot;myapplication&quot;,
  &quot;version&quot;: &quot;0.0.0&quot;,
  &quot;scripts&quot;: {
    &quot;ng&quot;: &quot;ng&quot;,
    &quot;start&quot;: &quot;ng serve&quot;,
    &quot;build&quot;: &quot;ng build&quot;,
    &quot;test&quot;: &quot;ng test&quot;,
    &quot;lint&quot;: &quot;ng lint&quot;,
    &quot;e2e&quot;: &quot;ng e2e&quot;
  },
  &quot;private&quot;: true,
  &quot;dependencies&quot;: {
    &quot;@angular/animations&quot;: &quot;~11.0.6&quot;,
    &quot;@angular/common&quot;: &quot;~11.0.6&quot;,
    &quot;@angular/compiler&quot;: &quot;~11.0.6&quot;,
    &quot;@angular/core&quot;: &quot;~11.0.6&quot;,
    &quot;@angular/forms&quot;: &quot;~11.0.6&quot;,
    &quot;@angular/platform-browser&quot;: &quot;~11.0.6&quot;,
    &quot;@angular/platform-browser-dynamic&quot;: &quot;~11.0.6&quot;,
    &quot;@angular/router&quot;: &quot;~11.0.6&quot;,
    &quot;rxjs&quot;: &quot;~6.6.0&quot;,
    &quot;tslib&quot;: &quot;^2.0.0&quot;,
    &quot;zone.js&quot;: &quot;~0.10.2&quot;
  },
  &quot;devDependencies&quot;: {
    &quot;@angular-devkit/build-angular&quot;: &quot;~0.1100.6&quot;,
    &quot;@angular/cli&quot;: &quot;~11.0.6&quot;,
    &quot;@angular/compiler-cli&quot;: &quot;~11.0.6&quot;,
    &quot;@types/jasmine&quot;: &quot;~3.6.0&quot;,
    &quot;@types/node&quot;: &quot;^12.11.1&quot;,
    &quot;codelyzer&quot;: &quot;^6.0.0&quot;,
    &quot;jasmine-core&quot;: &quot;~3.6.0&quot;,
    &quot;jasmine-spec-reporter&quot;: &quot;~5.0.0&quot;,
    &quot;karma&quot;: &quot;~5.1.0&quot;,
    &quot;karma-chrome-launcher&quot;: &quot;~3.1.0&quot;,
    &quot;karma-coverage&quot;: &quot;~2.0.3&quot;,
    &quot;karma-jasmine&quot;: &quot;~4.0.0&quot;,
    &quot;karma-jasmine-html-reporter&quot;: &quot;^1.5.0&quot;,
    &quot;protractor&quot;: &quot;~7.0.0&quot;,
    &quot;ts-node&quot;: &quot;~8.3.0&quot;,
    &quot;tslint&quot;: &quot;~6.1.0&quot;,
    &quot;typescript&quot;: &quot;~4.0.2&quot;
  }
}
</code></pre>
","8867841","","6367213","","2021-05-02 09:52:05","2021-07-18 03:21:22","internal/modules/cjs/loader.js:883 throw err","<angular><npm><angular-cli><npm-install>","9","1","1","","","CC BY-SA 4.0"
"67001968","1","67002852","","2021-04-08 10:19:41","","32","13384","<p>Maven blocks external HTTP repositories by default since version 3.8.1 (see <a href=""https://maven.apache.org/docs/3.8.1/release-notes.html"" rel=""noreferrer"">https://maven.apache.org/docs/3.8.1/release-notes.html</a>)</p>
<p>Is there a way to disable that or to exempt a repository from this rule?</p>
","5428154","","","","","2021-07-15 13:05:26","How to disable maven blocking external HTTP repositores?","<maven><maven-3>","4","8","8","","","CC BY-SA 4.0"
"65657716","1","","","2021-01-10 19:44:11","","15","12382","<p>When using the class Bloc provider as follows, I get the error:</p>
<p>'The method 'ancestorInheritedElementForWidgetOfExactType' isn't defined for the type 'BuildContext'.'</p>
<p>So I replaced this line <code>context.ancestorInheritedElementForWidgetOfExactType(type)?.widget;</code></p>
<p>with this line <code>context.getElementForInheritedWidgetOfExactType&lt;_BlocProviderInherited&lt;T&gt;&gt;().widget;</code></p>
<p>but then I get the following Error:</p>
<pre><code>Error output from Xcode build:

** BUILD FAILED **

Xcode's output:

../../../development/flutter/.pub-cache/hosted/pub.dartlang.org/dynamic_theme-1.0.1/lib/dynamic_theme.dart:25:20: Error: The method 'ancestorStateOfType' isn't defined for the class 'BuildContext'.
 - 'BuildContext' is from 'package:flutter/src/widgets/framework.dart' ('../../../development/flutter/packages/flutter/lib/src/widgets/framework.dart').
Try correcting the name to the name of an existing method, or defining a method named 'ancestorStateOfType'.
    return context.ancestorStateOfType(const TypeMatcher&lt;DynamicThemeState&gt;());
                   ^^^^^^^^^^^^^^^^^^^

Command PhaseScriptExecution failed with a nonzero exit code
note: Using new build system
note: Building targets in parallel
note: Planning build
note: Constructing build description

Could not build the precompiled application for the device.

Error launching application on iPhone 
</code></pre>
<p>This is the Bloc Provider i am using:</p>
<pre><code>class BlocProvider&lt;T extends BlocBase&gt; extends StatefulWidget {
   BlocProvider({
   Key key,
   @required this.child,
   @required this.bloc,}) : super(key: key);
   final Widget child;
   final T bloc;
   @override
   _BlocProviderState&lt;T&gt; createState() =&gt; _BlocProviderState&lt;T&gt;();

   static T of&lt;T extends BlocBase&gt;(BuildContext context) {
   final type = _typeOf&lt;_BlocProviderInherited&lt;T&gt;&gt;();
   _BlocProviderInherited&lt;T&gt; provider =
   context.ancestorInheritedElementForWidgetOfExactType(type)?.widget;
   return provider?.bloc;
  }
}
</code></pre>
<p>I am on the Master channel,  Flutter (Channel master, 1.26.0-2.0.pre.275)</p>
","4461271","","","","","2021-07-08 16:20:50","Error: The method 'ancestorStateOfType' isn't defined for the class 'BuildContext'","<flutter><bloc>","6","2","","","","CC BY-SA 4.0"
"65712380","1","65712494","","2021-01-14 02:04:18","","0","10003","<p>I have the following python code:</p>
<pre class=""lang-py prettyprint-override""><code>import requests

def requestAPI(url):
  return requests.get(url=url).json()

UselessFact = RequestApi(&quot;https://uselessfacts.jsph.pl/random.json?language=en&quot;)['text']
</code></pre>
<p>I wanted to put a try/except on the <code>requestAPI</code> function so it does'nt break the code. I thought about this:</p>
<pre class=""lang-py prettyprint-override""><code>import requests

def requestAPI(url, keys):
  return requests.get(url=url).json() #Here is the struggle with passing the &quot;keys&quot; parameter into the return

UselessFact = RequestApi(&quot;https://uselessfacts.jsph.pl/random.json?language=en&quot;, ['text'])
</code></pre>
<p>I could do something like:</p>
<pre class=""lang-py prettyprint-override""><code>import requests

def requestAPI(url):
  try:
    return requests.get(url=url).json() 

  except:
    return False

UselessFact = RequestApi(&quot;https://uselessfacts.jsph.pl/random.json?language=en&quot;)['text'] if (condition here) else False
</code></pre>
<p>But i think there's a better way of doing this.</p>
","12368797","","","","","2021-01-14 02:20:31","Python pass array into function and use it in json return","<python><json><python-3.x>","1","0","","","","CC BY-SA 4.0"
"65653801","1","","","2021-01-10 13:29:29","","26","12871","<p>I can't load network images in flutter web from other domains with API calls. getting this error</p>
<blockquote>
<p>Trying to load an image from another domain? Find answers at:
<a href=""https://flutter.dev/docs/development/platform-integration/web-images"" rel=""noreferrer"">https://flutter.dev/docs/development/platform-integration/web-images</a>
ImageCodecException: Failed to load network image.</p>
</blockquote>
<p>any help?</p>
","13341284","","","","","2021-07-15 10:31:19","Flutter web can't load network image from another domain","<flutter><flutter-web>","9","5","10","","","CC BY-SA 4.0"
"65747286","1","","","2021-01-16 07:11:33","","125","31498","<p>I am using apple M1 MacBook pro.</p>
<p>When I installed oh my zash. When I added<code>export PATH=&quot;/opt/homebrew/bin:$PATH&quot;</code> to my ~/.zshrc file. This error was shown in my terminal:</p>
<pre><code>joe :: share/zsh/site-functions  source ~/.zshrc
compinit:503: no such file or directory: /usr/local/share/zsh/site-functions/_brew
compinit:503: no such file or directory: /usr/local/share/zsh/site-functions/_brew_cask
</code></pre>
<p>However, I checked and found that these two files do exsist.
Can someone tell me that the problem is?</p>
<p>This is my ~/.zshrc file:</p>
<pre><code>Last login: Sat Jan 16 14:53:34 on console
compinit:503: no such file or directory: /usr/local/share/zsh/site-functions/_brew
compinit:503: no such file or directory: /usr/local/share/zsh/site-functions/_brew_cask
[oh-my-zsh] Random theme 'jnrowe' loaded
 ~  cd ~
 ~  source .zshrc

compinit:503: no such file or directory: /usr/local/share/zsh/site-functions/_brew
compinit:503: no such file or directory: /usr/local/share/zsh/site-functions/_brew_cask
# export MANPATH=&quot;/usr/local/man:$MANPATH&quot;
[oh-my-zsh] Random theme 'cypher' loaded
joe :: ~  chmod 755 /usr/local/share/zsh
chmod 755 /usr/local/share/zsh/site-functions

joe :: ~  sudo chmod 755 /usr/local/share/zsh
Password:
joe :: ~  sudo chmod 755 /usr/local/share/zsh/site-functions
joe :: ~  ls
#ZSH_DISABLE_COMPFIX=true

# If you come from bash you might have to change your $PATH.
# export PATH=$HOME/bin:/usr/local/bin:$PATH

#Homebrew
export PATH=&quot;/opt/homebrew/bin:$PATH&quot;
export PATH=&quot;/opt/homebrew/sbin:$PATH&quot;
#Homebrew END

#Wget
export LDFLAGS=&quot;-L/opt/homebrew/opt/openssl@1.1/lib&quot;
export CPPFLAGS=&quot;-I/opt/homebrew/opt/openssl@1.1/include&quot;
#Wget END

 #Path to your oh-my-zsh installation.
export ZSH=&quot;/Users/caizhuoyue/.oh-my-zsh&quot;

# Set name of the theme to load --- if set to &quot;random&quot;, it will
# load a random theme each time oh-my-zsh is loaded, in which case,
# to know which specific one was loaded, run: echo $RANDOM_THEME
# See https://github.com/ohmyzsh/ohmyzsh/wiki/Themes
ZSH_THEME=&quot;random&quot;

&quot;~/.zshrc&quot; 114L, 3999C




</code></pre>
","12036138","","","","","2021-07-14 11:34:05","zsh problem: compinit:503: no such file or directory: /usr/local/share/zsh/site-functions/_brew","<macos><zsh><apple-m1>","9","2","11","","","CC BY-SA 4.0"
"65779378","1","65779456","","2021-01-18 17:33:58","","22","13193","<p>I have installed a new Laravel 8 application, and then I ran...</p>
<pre><code>npm install
</code></pre>
<p>Afterward, I ran...</p>
<pre><code>npm run dev
</code></pre>
<p>I get the following error.</p>
<blockquote>
<p>'mix' is not recognized as an internal or external command</p>
<pre><code>
&gt; @ dev E:\wamp64\www\Laravel8Projects\Laravel_Livewire_JetStream_Projects\jetstream_blog
&gt; npm run development


&gt; @ development E:\wamp64\www\Laravel8Projects\Laravel_Livewire_JetStream_Projects\jetstream_blog
&gt; mix

'mix' is not recognized as an internal or external command, operable
program or batch file. npm ERR! code ELIFECYCLE npm ERR! errno 1 npm
ERR! @ development: `mix` npm ERR! Exit status 1 npm ERR! npm ERR!
Failed at the @ development script. npm ERR! This is probably not a
problem with npm. There is likely additional logging output above.

npm ERR! A complete log of this run can be found in: npm ERR!    
C:\Users\HP\AppData\Roaming\npm-cache\_logs\2021-01-18T17_03_24_944Z-debug.log
npm ERR! code ELIFECYCLE npm ERR! errno 1 npm ERR! @ dev: `npm run
development` npm ERR! Exit status 1 npm ERR! npm ERR! Failed at the @
dev script. npm ERR! This is probably not a problem with npm. There is
likely additional logging output above.

npm ERR! A complete log of this run can be found in: npm ERR!    
C:\Users\HP\AppData\Roaming\npm-cache\_logs\2021-01-18T17_03_24_980Z-debug.log
</code></pre>
</blockquote>
","12092252","","633440","","2021-01-18 18:24:06","2021-07-01 20:17:13","'mix' is not recognized as an internal or external command in Laravel 8 new installation","<npm><laravel-8><laravel-mix>","5","0","4","","","CC BY-SA 4.0"
"65772865","1","","","2021-01-18 10:36:24","","5","22173","<p>I am trying to install MySQL 8.0.23 version from the <a href=""https://dev.mysql.com/downloads/windows/installer/8.0.html"" rel=""noreferrer"">download page</a>. I ran the .msi file several times and every time, I got the error &quot;mysql installer did not find packages in the current bundle suitable for installation windows&quot;. I tried to find a solution online for more than an hour and I could not get the resolution to problem. I even ran it through CMD using admin privileges and still no use. I am installing on a laptop with the following configuration.</p>
<p>Windows 10, 64Bit with 16GB RAM, i7 Hexacore, 1TB SSD.</p>
<p>Can someone please help?</p>
","186148","","","","","2021-03-22 07:28:10","mysql installer did not find packages in the current bundle suitable for installation windows","<mysql><windows-10>","10","2","2","","","CC BY-SA 4.0"
"65792436","1","","","2021-01-19 13:26:37","","46","30564","<p>I have tried to re-install, but still cant open workbench. This is the error I get:</p>
<p>Process:               MySQLWorkbench [3352]
Path:                  /Applications/MySQLWorkbench.app/Contents/MacOS/MySQLWorkbench
Identifier:            com.oracle.workbench.MySQLWorkbench
Version:               8.0.23.CE (1)
Code Type:             X86-64 (Native)
Parent Process:        ??? [1]
Responsible:           MySQLWorkbench [3352]
User ID:               501</p>
<p>Date/Time:             2021-01-19 08:21:33.443 -0500
OS Version:            macOS 11.1 (20C69)
Report Version:        12
Bridge OS Version:     5.1 (18P3030)
Anonymous UUID:        36AA1C89-5799-157D-2CB8-D2DF0B83C543</p>
<p>Sleep/Wake UUID:       23957CD2-4BD4-40B9-94C3-244059218D75</p>
<p>Time Awake Since Boot: 7700 seconds
Time Since Wake:       2000 seconds</p>
<p>System Integrity Protection: enabled</p>
<p>Crashed Thread:        0  Dispatch queue: com.apple.main-thread</p>
<p>Exception Type:        EXC_CRASH (SIGABRT)
Exception Codes:       0x0000000000000000, 0x0000000000000000
Exception Note:        EXC_CORPSE_NOTIFY</p>
<p>Termination Signal:    Abort trap: 6
Termination Reason:    Namespace SIGNAL, Code 0x6</p>
<p>Thread 0 Crashed:: Dispatch queue: com.apple.main-thread</p>
","10963766","","5389997","","2021-01-19 13:28:25","2021-04-08 09:18:18","MYSQL Workbench Quit Unexpectedly on MAC OS Big Sur 11.1","<mysql-workbench>","5","6","3","","","CC BY-SA 4.0"
"66489286","1","66763874","","2021-03-05 08:39:15","","94","33756","<p>When creating a react app via <code>npx create-react-app</code> and running it, a warning pops up in DevTools (Chrome 88 and 89):</p>
<blockquote>
<p>scheduler.development.js:298 [Deprecation] SharedArrayBuffer will
require cross-origin isolation as of M91, around May 2021. See
<a href=""https://developer.chrome.com/blog/enabling-shared-array-buffer/"" rel=""noreferrer"">https://developer.chrome.com/blog/enabling-shared-array-buffer/</a> for
more details.</p>
</blockquote>
<p><strong>Environment</strong></p>
<pre><code>  current version of create-react-app: 4.0.1
  running from /Users/mahdi/.npm/_npx/25767/lib/node_modules/create-react-app
  Binaries:
    Node: 14.15.4 - ~/.nvm/versions/node/v14.15.4/bin/node
    Yarn: 1.22.4 - /usr/local/bin/yarn
    npm: 6.14.10 - ~/.nvm/versions/node/v14.15.4/bin/npm
  Browsers:
    Chrome: 88.0.4324.96
    Edge: 87.0.664.66
    Firefox: 84.0
    Safari: 14.0.2
  npmPackages:
    react: ^17.0.1 =&gt; 17.0.1
    react-dom: ^17.0.1 =&gt; 17.0.1
    react-scripts: Not Found
  npmGlobalPackages:
    create-react-app: Not Found
</code></pre>
<p><a href=""https://i.stack.imgur.com/0lq4e.png"" rel=""noreferrer""><img src=""https://i.stack.imgur.com/0lq4e.png"" alt=""enter image description here"" /></a></p>
<p><strong>Steps to reproduce</strong></p>
<ol>
<li><code>npx create-react-app myapp</code></li>
<li><code>cd myapp &amp;&amp; npm start Open</code></li>
<li><a href=""http://localhost:3000"" rel=""noreferrer"">http://localhost:3000</a> in Chrome 88 or 89, regular or Incognito mode</li>
<li>Open DevTools: the warning is displayed</li>
</ol>
<p><strong>Any suggestion for resolving this warning?</strong></p>
","2094548","","2094548","","2021-03-05 09:21:30","2021-06-16 08:26:36","SharedArrayBuffer will require cross-origin isolation as of M91, around May 2021","<reactjs><google-chrome>","7","0","6","","","CC BY-SA 4.0"
"65745683","1","","","2021-01-16 01:38:19","","13","10382","<p>I have successfully installed python 3.9.1 with Numpy and Matplotlib on a new Mac mini with Apple Silicon. However, I cannot install SciPy : I get compilation errors when using</p>
<p>python3 -m pip install scipy</p>
<p>I also tried installing everything from brew, and &quot;import scipy&quot; works, but using it gives a seg fault. I have installed ARM versions of lapack and openblas, but this does not fix the problem.</p>
<p>Has anyone succeeded? (I am interested in running it natively, not through Rosetta).</p>
","8206216","","","","","2021-06-17 08:29:46","How to install SciPy on Apple Silicon (ARM / M1)","<python><scipy><arm><apple-silicon><apple-m1>","5","0","6","","","CC BY-SA 4.0"
"65756266","1","65756560","","2021-01-17 00:50:26","","8","11456","<p>Please note: This is <em>NOT</em> a duplicate as I followed the <a href=""https://stackoverflow.com/questions/65184355/error-403-access-denied-from-google-authentication-web-api-despite-google-acc"">SO</a> only verified answer by creating a new project yet it didn't work. Also my case is with chrome extension or chrome app client ID from dev console.</p>
<p>Error:</p>
<blockquote>
<p>Error 403: access_denied
The developer hasnt given you access to this app. Its currently being tested and it hasnt been verified by Google. If you think you should have access, contact the developer</p>
</blockquote>
<p>Even though, just like the other post I'm accessing it from owner account. At the same time, I can't leave a comment on the answer of that post as my reputation isn't high enough.
Nonetheless,</p>
<p>I am trying to retrieve access token from the user via:</p>
<p>manifest.json:</p>
<pre><code>{
    &quot;manifest_version&quot;: 2,
    &quot;name&quot;: &quot;To be named&quot;,
    &quot;description&quot;: &quot;This extension helps...&quot;,
    &quot;version&quot;: &quot;0.1.0&quot;,
    &quot;browser_action&quot;:{
        &quot;default_popup&quot;:&quot;popup.html&quot;
    },
    &quot;permissions&quot;: [
        &quot;storage&quot;,
        &quot;identity&quot;,
        &quot;identity.email&quot;,
        &quot;http://127.0.0.1:5000/Time&quot;
    ],

    &quot;oauth2&quot;:{
        &quot;client_id&quot;:&quot;10977...esr6.apps.googleusercontent.com&quot;,
        &quot;scopes&quot;:[&quot;https://www.googleapis.com/auth/userinfo.profile&quot;]
    },
    &quot;background&quot;: {
        &quot;scripts&quot;: [&quot;background.js&quot;],
        &quot;persistent&quot;: false
    },  
    &quot;content_scripts&quot;: [{
        &quot;matches&quot;: [&quot;https://www.blank.org/&quot;], 
        &quot;js&quot;: [&quot;content.js&quot;],
        &quot;css&quot;: [&quot;styles.css&quot;]
    }]
}
</code></pre>
<p>background.js:</p>
<pre><code>chrome.identity.getAuthToken({ 'interactive': true }, function(token) {
  if (token){alert('token is ' + token)}
  else{alert('token not present')}
});
</code></pre>
<p>P.S: I don't want to go through the verifying route as I am in a testing stage. Also I'd expect verification to be not needed from the owner.</p>
","14899040","","1841839","","2021-01-17 10:35:56","2021-01-17 10:35:56","Error 403: access_denied The developer hasnt given you access to this app despite a new project being created","<google-chrome-extension><google-api><google-oauth><google-api-client>","1","1","3","2021-01-17 10:36:20","","CC BY-SA 4.0"
"66060487","1","","","2021-02-05 09:11:48","","53","57550","<p>Importing from pyxdameraulevenshtein gives the following error, I have</p>
<pre><code>pyxdameraulevenshtein==1.5.3, 
pandas==1.1.4 and 
scikit-learn==0.20.2. 
Numpy is 1.16.1. 
Works well in Python3.6, Issue in Python3.7.
</code></pre>
<p>Has anyone been facing similar issues with Python3.7 (3.7.9), docker image - python:3.7-buster</p>
<pre><code>__init__.pxd:242: in init pyxdameraulevenshtein
    ???
E   ValueError: numpy.ndarray size changed, may indicate binary incompatibility. Expected 88 from C header, got 80 from PyObject
</code></pre>
","15150567","","4878848","","2021-02-05 09:28:23","2021-07-01 16:11:28","ValueError: numpy.ndarray size changed, may indicate binary incompatibility. Expected 88 from C header, got 80 from PyObject","<python><pandas><numpy><scikit-learn><python-3.7>","7","0","6","","","CC BY-SA 4.0"
"65627536","1","65627596","","2021-01-08 10:43:18","","16","11459","<p>On the way of installing <strong>Webpack</strong> on my React Project, the following problem hinders my progress:</p>
<p><strong>last step to configure the Webpack</strong></p>
<pre><code>npm run build &amp;&amp; node ./dist/main.js
</code></pre>
<p><strong>Error on Windows Power Shell / on Visual Studio Code</strong></p>
<pre><code>PS C:\Users\pythonbuddha\Desktop\to_experiment\to-do-list&gt; npm run build &amp;&amp; node ./dist/main.js
At line:1 char:15
+ npm run build &amp;&amp; node ./dist/main.js
+               ~~
The token '&amp;&amp;' is not a valid statement separator in this version.
    + CategoryInfo          : ParserError: (:) [], ParentContainsErrorRecordException
    + FullyQualifiedErrorId : InvalidEndOfLine

</code></pre>
<p><strong>Tutorial which promised to configure the webpack</strong></p>
<pre><code>https://developerhandbook.com/webpack/webpack-4-from-absolute-scratch/

https://developerhandbook.com/webpack/how-to-configure-scss-modules-for-webpack/
</code></pre>
","10306863","","45375","","2021-03-23 14:10:42","2021-03-25 18:26:51","The token '&&' is not a valid statement separator in this version","<javascript><reactjs><powershell><webpack>","3","0","1","","","CC BY-SA 4.0"
"65675771","1","66342626","","2021-01-11 23:03:00","","17","13202","<p>I have a folder structure like</p>
<pre><code>parentFolder &gt; componentA
             &gt; componentB
             &gt; componentC
</code></pre>
<p>Each component has a package.json which defines a yarn lint command (eslint &quot;myFilter&quot; --no-error-on-unmatched-pattern). And each component has its own .eslintrc and .prettierrc</p>
<p>When I am in a componentA/B/C folder and run yarn lint, it is working as expected.</p>
<p>Since all of the .eslintrc are the same in each component folder, I moved the file under parentFolder and delete the copies in the component folders. When I call yarn lint, it used the .eslintrc in the parentFolder, but, I am getting an error.</p>
<blockquote>
<p>Oops! Something went wrong! :(</p>
<p>ESLint: 6.8.0.</p>
<p>ESLint couldn't find the config &quot;prettier/@typescript-eslint&quot; to
extend from. Please check that the name of the config is correct.</p>
</blockquote>
<p>I moved the .prettierrc to the parent folder, but, it couldn't find it. What should I do? Thank you</p>
<p><strong>Update:</strong> I noticed if I add the prettier on the package.json in the parent folder and run the yarn install, it works. But, I don't know if this is the proper way to do it.</p>
","441851","","441851","","2021-01-12 00:35:57","2021-02-24 18:08:44","ESLint couldn't find the config ""prettier/@typescript-eslint"" after relocating .eslintrc to parent","<eslint><prettier>","3","1","4","","","CC BY-SA 4.0"
"66083106","1","66087744","","2021-02-06 23:35:44","","14","14768","<p>I just installed MySQL using the community installer in hopes of running a server and creating a database for use in my C++ program. I installed the Server, Workbench, Shell, Router, and Connector/C++ before running the Workbench. Everything appeared to be working properly. The server was running and I was able to connect to it in my C++ program, so I started to create my database, when the power suddenly went out before I could finish.</p>
<p>Once the power came back on and my PC rebooted, I reopened the MySQL Workbench to find that I was unable to start the server. I clicked the 'Start Server' button several times, but was met with the error &quot;Could not start server: argument 2: &lt;class 'TypeError'&gt;: wrong type&quot;.</p>
<p>I tried uninstalling and reinstalling everything, but when I reopened the MySQL Workbench after the installation was finished, I was met with the same error. Does anyone know what could have possibly happened?</p>
<p>EDIT: After uninstalling everything and deleting every trace of MySQL from my computer, I was able to reinstall everything and get the server running again. However now I'm getting the same error when I try to STOP the server: &quot;Could not stop server: argument 2: &lt;class 'TypeError'&gt;: wrong type&quot;. What is going on????</p>
","3713569","","3713569","","2021-02-07 02:10:32","2021-04-25 17:26:39","Trying to Start MySQL Server and Getting ""Could not start server: argument 2: <class 'TypeError'>: wrong type""","<mysql><mysql-workbench>","8","4","","","","CC BY-SA 4.0"
"65907365","1","66028149","","2021-01-26 18:43:01","","9","13643","<p>I run drive.py program from <a href=""https://www.codeproject.com/Articles/1273179/A-Complete-guide-to-self-driving-Car?fbclid=IwAR1L7mOaPTZ7-vwWicXcAS7FLhVLcU9BUgaivhK0P9tbXAGe0zOThAuktMs"" rel=""noreferrer"">Code Project | A Complete guide to self driving car</a></p>
<p>but when i start program i have error:</p>
<p>Not creating XLA devices, tf_xla_enable_xla_devices not set</p>
<p>Does anyone know how I can fix this problem? What should I download or reinstall?</p>
<p>I use:</p>
<p>Python 3.8.7</p>
<p>CUDA 11.0</p>
<p>tensorflow 2.4.1
On <a href=""http://0.0.0.0:4567/"" rel=""noreferrer"">http://0.0.0.0:4567/</a> of course I see nothing</p>
<p><a href=""https://i.stack.imgur.com/3pXqE.jpg"" rel=""noreferrer""><img src=""https://i.stack.imgur.com/3pXqE.jpg"" alt=""enter image description here"" /></a></p>
","9800633","","12340179","","2021-02-11 11:36:17","2021-05-04 15:14:21","tensorflow: Not creating XLA devices, tf_xla_enable_xla_devices not set","<python><tensorflow>","3","0","4","","","CC BY-SA 4.0"
"66952832","1","66959690","","2021-04-05 12:10:03","","39","10286","<p><a href=""https://i.stack.imgur.com/65JEv.png"" rel=""noreferrer""><img src=""https://i.stack.imgur.com/65JEv.png"" alt=""enter image description here"" /></a></p>
<p>Spyder gives me error message like above, but I cannot solve it.</p>
<p>I think the version of spyder_kernels should be 2.0.1 at least, but I already updated my version as 2.0.1.</p>
<p>Why I get such warning message? &amp; How can I solve it?</p>
<p>I reinstalled spyder-kernels both conda and pip, but it didn't help.</p>
","13467891","","438386","","2021-04-05 20:57:23","2021-05-18 14:28:07","Spyder 5 missing dependencies - spyder_kernels version error","<python><spyder>","1","0","4","2021-05-08 10:46:46","","CC BY-SA 4.0"
"67040818","1","","","2021-04-11 02:02:11","","0","10502","<p>I am currently on developing a little twitch.tv chatbot. I know, there are like a thousand of them but I would like to create my own, just to have a project - so this is not the point.</p>
<p>I was wondering, how the watchtime of a user could be calculated. Just as streamelements.com does it with their <code>!watchtime</code> chat command. I did not find any API endpoint to get the users, which are currently viewing the stream. The only thing found is the current viewcount in <a href=""https://dev.twitch.tv/docs/api/reference#get-streams"" rel=""nofollow noreferrer"">https://dev.twitch.tv/docs/api/reference#get-streams</a> but there is no way to link to a specific user.</p>
<p>Anyone has any idea?</p>
","1338970","","","","","2021-07-18 04:05:15","How to get Twitch watchtime (like streamelements)","<twitch><twitch-api>","1","1","","","","CC BY-SA 4.0"
"65749767","1","66092545","","2021-01-16 12:41:32","","31","21329","<p>Today when I compile my flutter project, it shows this error:</p>
<pre><code>This will generate a JSON format file containing all messages that 
need to be translated.
../../../.pub-cache/hosted/pub.flutter-io.cn/fish_redux-0.3.4/lib/src/redux_component/page.dart:208:17: Error: The method 'inheritFromWidgetOfExactType' isn't defined for the class 'BuildContext'.
 - 'BuildContext' is from 'package:flutter/src/widgets/framework.dart' ('../../../apps/flutter/packages/flutter/lib/src/widgets/framework.dart').
Try correcting the name to the name of an existing method, or defining a method named 'inheritFromWidgetOfExactType'.
        context.inheritFromWidgetOfExactType(PageProvider);
                ^^^^^^^^^^^^^^^^^^^^^^^^^^^^
../../../.pub-cache/hosted/pub.flutter-io.cn/pull_to_refresh-1.6.3/lib/src/smart_refresher.dart:273:21: Error: The method 'ancestorWidgetOfExactType' isn't defined for the class 'BuildContext'.
 - 'BuildContext' is from 'package:flutter/src/widgets/framework.dart' ('../../../apps/flutter/packages/flutter/lib/src/widgets/framework.dart').
Try correcting the name to the name of an existing method, or defining a method named 'ancestorWidgetOfExactType'.
    return context?.ancestorWidgetOfExactType(SmartRefresher);
                    ^^^^^^^^^^^^^^^^^^^^^^^^^
../../../.pub-cache/hosted/pub.flutter-io.cn/pull_to_refresh-1.6.3/lib/src/smart_refresher.dart:277:21: Error: The method 'ancestorStateOfType' isn't defined for the class 'BuildContext'.
 - 'BuildContext' is from 'package:flutter/src/widgets/framework.dart' ('../../../apps/flutter/packages/flutter/lib/src/widgets/framework.dart').
Try correcting the name to the name of an existing method, or defining a method named 'ancestorStateOfType'.
    return context?.ancestorStateOfType(TypeMatcher&lt;SmartRefresherState&gt;());
                    ^^^^^^^^^^^^^^^^^^^
../../../.pub-cache/hosted/pub.flutter-io.cn/pull_to_refresh-1.6.3/lib/src/smart_refresher.dart:1003:20: Error: The method 'inheritFromWidgetOfExactType' isn't defined for the class 'BuildContext'.
 - 'BuildContext' is from 'package:flutter/src/widgets/framework.dart' ('../../../apps/flutter/packages/flutter/lib/src/widgets/framework.dart').
Try correcting the name to the name of an existing method, or defining a method named 'inheritFromWidgetOfExactType'.
    return context.inheritFromWidgetOfExactType(RefreshConfiguration);
                   ^^^^^^^^^^^^^^^^^^^^^^^^^^^^
../../../.pub-cache/hosted/pub.flutter-io.cn/chewie-0.9.10/lib/src/chewie_player.dart:276:17: Error: The method 'inheritFromWidgetOfExactType' isn't defined for the class 'BuildContext'.
 - 'BuildContext' is from 'package:flutter/src/widgets/framework.dart' ('../../../apps/flutter/packages/flutter/lib/src/widgets/framework.dart').
Try correcting the name to the name of an existing method, or defining a method named 'inheritFromWidgetOfExactType'.
        context.inheritFromWidgetOfExactType(_ChewieControllerProvider)
                ^^^^^^^^^^^^^^^^^^^^^^^^^^^^
../../../.pub-cache/hosted/pub.flutter-io.cn/chewie_audio-1.0.0+1/lib/src/chewie_player.dart:101:17: Error: The method 'inheritFromWidgetOfExactType' isn't defined for the class 'BuildContext'.
 - 'BuildContext' is from 'package:flutter/src/widgets/framework.dart' ('../../../apps/flutter/packages/flutter/lib/src/widgets/framework.dart').
Try correcting the name to the name of an existing method, or defining a method named 'inheritFromWidgetOfExactType'.
        context.inheritFromWidgetOfExactType(_ChewieAudioControllerProvider)
                ^^^^^^^^^^^^^^^^^^^^^^^^^^^^
</code></pre>
<p>I am using flutter master channel, this is the flutter doctor:</p>
<pre><code>[] Flutter (Channel master, 1.26.0-2.0.pre.366, on Mac OS X 10.15.7 19H114 darwin-x64, locale en-CN)
     Flutter version 1.26.0-2.0.pre.366 at /Users/dolphin/apps/flutter
     Framework revision b7f6d9bcb2 (24 hours ago), 2021-01-15 07:44:03 -0500
     Engine revision 69a7538a90
     Dart version 2.12.0 (build 2.12.0-227.0.dev)
     Pub download mirror https://pub.flutter-io.cn
     Flutter download mirror https://storage.flutter-io.cn

[] Android toolchain - develop for Android devices (Android SDK version 30.0.2)
     Android SDK at /Users/dolphin/Library/Android/sdk
     Platform android-30, build-tools 30.0.2
     Java binary at: /Applications/Android Studio.app/Contents/jre/jdk/Contents/Home/bin/java
     Java version OpenJDK Runtime Environment (build 1.8.0_242-release-1644-b3-6915495)
     All Android licenses accepted.

[] Xcode - develop for iOS and macOS
     Xcode at /Applications/Xcode.app/Contents/Developer
     Xcode 12.3, Build version 12C33
     CocoaPods version 1.10.0

[] Chrome - develop for the web
     Chrome at /Applications/Google Chrome.app/Contents/MacOS/Google Chrome

[] Android Studio (version 4.1)
     Android Studio at /Applications/Android Studio.app/Contents
     Flutter plugin can be installed from:
       https://plugins.jetbrains.com/plugin/9212-flutter
     Dart plugin can be installed from:
       https://plugins.jetbrains.com/plugin/6351-dart
     Java version OpenJDK Runtime Environment (build 1.8.0_242-release-1644-b3-6915495)

[] IntelliJ IDEA Community Edition (version 2020.3.1)
     IntelliJ at /Applications/IntelliJ IDEA CE.app
     Flutter plugin can be installed from:
       https://plugins.jetbrains.com/plugin/9212-flutter
     Dart plugin can be installed from:
       https://plugins.jetbrains.com/plugin/6351-dart

[] IntelliJ IDEA Ultimate Edition (version 2019.2.2)
     IntelliJ at /Users/dolphin/Applications/JetBrains Toolbox/IntelliJ IDEA Ultimate.app
     Flutter plugin can be installed from:
       https://plugins.jetbrains.com/plugin/9212-flutter
     Dart plugin can be installed from:
       https://plugins.jetbrains.com/plugin/6351-dart

[] VS Code (version 1.52.1)
     VS Code at /Applications/Visual Studio Code.app/Contents
     Flutter extension version 3.18.1

[] Connected device (3 available)
     sdk gphone x86 arm (mobile)  emulator-5554  android-x86     Android 11 (API 30) (emulator)
     macOS (desktop)              macos          darwin-x64      Mac OS X 10.15.7 19H114 darwin-x64
     Chrome (web)                 chrome         web-javascript  Google Chrome 87.0.4280.141
    ! Error: xiaoqiang  iPhone is not connected. Xcode will continue when xiaoqiang  iPhone is connected. (code
      -13)

 No issues found!
(base)
</code></pre>
<p>after upgrade to flutter 2.0.1, shows this error again:</p>
<pre><code>~/Documents/GitHub/cruise-open on  feature/channel!  15:01:43
$ ~/apps/flutter/bin/flutter doctor
Doctor summary (to see all details, run flutter doctor -v):
[] Flutter (Channel stable, 2.0.1, on Mac OS X 10.15.7 19H114 darwin-x64, locale en-CN)
[] Android toolchain - develop for Android devices (Android SDK version 30.0.3)
[] Xcode - develop for iOS and macOS
[] Chrome - develop for the web
[] Android Studio (version 4.1)
[] IntelliJ IDEA Community Edition (version 2020.3.2)
[] IntelliJ IDEA Ultimate Edition (version 2019.2.2)
[] VS Code (version 1.53.2)
[] Connected device (3 available)
    ! Error: xiaoqiang  iPhone is not connected. Xcode will continue when xiaoqiang  iPhone is connected. (code
      -13)

 No issues found!
(base)
</code></pre>
","2628868","","2628868","","2021-05-16 17:16:06","2021-05-16 17:16:06","Error: The method 'inheritFromWidgetOfExactType' isn't defined for the class 'BuildContext'","<flutter>","5","5","4","","","CC BY-SA 4.0"
"65793225","1","","","2021-01-19 14:10:59","","12","10189","<p>I have my brand new .NET Core service with API and I want to get list of items inside it. It's hosted on localhost and I always have this error:</p>
<pre><code>16 ms
Warning: Unable to verify the first certificate
Network
Request Headers
User-Agent: PostmanRuntime/7.26.8
Accept: */*
Postman-Token: e64e10c3-8e3a-4b47-9427-d994e2bdc9fd
Host: localhost:44397
Accept-Encoding: gzip, deflate, br
Connection: keep-alive
Request Body
Response Headers
Transfer-Encoding: chunked
Server: Microsoft-IIS/10.0
X-Powered-By: ASP.NET
Date: Tue, 19 Ja

n 2021 14:06:14 GMT
Response Body
</code></pre>
<p>How to fix it? I disabled/enabled SSL certification but it no helps.</p>
","14625753","","2756409","","2021-01-22 21:28:04","2021-01-22 21:28:04","Postman error: ""Unable to verify the first certificate"" when try to get from my .net core api","<c#><api><.net-core><postman>","1","4","","","","CC BY-SA 4.0"
"66097444","1","","","2021-02-08 07:31:31","","-1","11576","<p>This is the error currently show. Below The first code I save as details.php and the second on as details.html</p>
<p>Warning: Undefined array key &quot;first_name&quot; in C:\xampp\htdocs\children_math\detail2.php on line 12</p>
<p>Warning: Undefined array key &quot;last_name&quot; in C:\xampp\htdocs\children_math\detail2.php on line 13</p>
<p>Warning: Undefined array key &quot;email&quot; in C:\xampp\htdocs\children_math\detail2.php on line 14</p>
<p>Warning: Undefined array key &quot;age&quot; in C:\xampp\htdocs\children_math\detail2.php on line 15
ERROR: Could not able to execute INSERT INTO details (first_name, last_name, email, age) VALUES ('', '', '', ''). Cannot add or update a child row: a foreign key constraint fails (<code>record</code>.<code>details</code>, CONSTRAINT <code>details_ibfk_1</code> FOREIGN KEY (<code>id</code>) REFERENCES <code>users</code> (<code>id</code>))</p>
<pre><code>/* Attempt MySQL server connection. Assuming you are running MySQL
server with default setting (user 'root' with no password) */
$link = mysqli_connect(&quot;localhost&quot;, &quot;root&quot;, &quot;&quot;, &quot;record&quot;);
 
// Check connection
if($link === false){
    die(&quot;ERROR: Could not connect. &quot; . mysqli_connect_error());
}
 
// Escape user inputs for security
$first_name = mysqli_real_escape_string($link, $_REQUEST['first_name']);
$last_name = mysqli_real_escape_string($link, $_REQUEST['last_name']);
$email = mysqli_real_escape_string($link, $_REQUEST['email']);
$age = mysqli_real_escape_string($link, $_REQUEST['age']);
 
// Attempt insert query execution
$sql = &quot;INSERT INTO details (first_name, last_name, email, age) VALUES ('$first_name', '$last_name', '$email', '$age')&quot;;
if(mysqli_query($link, $sql)){
    echo &quot;Records added successfully.&quot;;
} else{
    echo &quot;ERROR: Could not able to execute $sql. &quot; . mysqli_error($link);
}
 
// Close connection
mysqli_close($link);
?&gt;

&lt;!DOCTYPE html&gt;
&lt;html lang=&quot;en&quot;&gt;
&lt;head&gt;
&lt;meta charset=&quot;UTF-8&quot;&gt;
&lt;title&gt;Add Record Form&lt;/title&gt;
&lt;/head&gt;
&lt;body&gt;
&lt;form action=&quot;detail2.php&quot; method=&quot;post&quot;&gt;
    &lt;p&gt;
        &lt;label for=&quot;firstName&quot;&gt;First Name:&lt;/label&gt;
        &lt;input type=&quot;text&quot; name=&quot;first_name&quot; id=&quot;firstName&quot;&gt;
    &lt;/p&gt;
    &lt;p&gt;
        &lt;label for=&quot;lastName&quot;&gt;Last Name:&lt;/label&gt;
        &lt;input type=&quot;text&quot; name=&quot;last_name&quot; id=&quot;lastName&quot;&gt;
    &lt;/p&gt;
    &lt;p&gt;
        &lt;label for=&quot;emailAddress&quot;&gt;Email Address:&lt;/label&gt;
        &lt;input type=&quot;text&quot; name=&quot;email&quot; id=&quot;emailAddress&quot;&gt;
    &lt;/p&gt;
    &lt;p&gt;
        &lt;label for=&quot;ages&quot;&gt;Email Address:&lt;/label&gt;
        &lt;input type=&quot;text&quot; name=&quot;age&quot; id=&quot;ages&quot;&gt;
    &lt;/p&gt;
    &lt;input type=&quot;submit&quot; value=&quot;Submit&quot;&gt;
&lt;/form&gt;
&lt;/body&gt;
&lt;/html&gt;```
</code></pre>
","15164019","","15164019","","2021-02-08 07:53:27","2021-02-24 10:11:35","How do i fix this undefined array key?","<php><html><visual-studio-code>","2","9","","2021-02-24 10:53:29","","CC BY-SA 4.0"
"65644782","1","65644846","","2021-01-09 16:10:59","","13","17186","<p>Ubuntu 20.04 comes with Python 3.8. <strong>I cannot uninstall Python 3.8</strong> but I need Python 3.9</p>
<p>I went ahead and installed Python 3.9  from:</p>
<blockquote>
<p>sudo add-apt-repository ppa:deadsnakes/ppa</p>
</blockquote>
<blockquote>
<p>sudo apt install python3.9</p>
</blockquote>
<p>How do I install pip for python 3.9?</p>
<p>Installing pip using
<code>sudo apt-get install python3-pip</code> does not work for me as it installs pip for python 3.8</p>
<p>Installing pip using <code>python3.9 get-pip.py</code> gives an error:</p>
<pre><code>~/python_tools$ python3.9 get-pip.py 
Traceback (most recent call last):
  File &quot;/home/ubuntu/python_tools/get-pip.py&quot;, line 23704, in &lt;module&gt;
    main()
  File &quot;/home/ubuntu/python_tools/get-pip.py&quot;, line 198, in main
    bootstrap(tmpdir=tmpdir)
  File &quot;/home/ubuntu/python_tools/get-pip.py&quot;, line 82, in bootstrap
    from pip._internal.cli.main import main as pip_entry_point
  File &quot;&lt;frozen zipimport&gt;&quot;, line 259, in load_module
  File &quot;/tmp/tmpkwyc8h7j/pip.zip/pip/_internal/cli/main.py&quot;, line 10, in &lt;module&gt;
  File &quot;&lt;frozen zipimport&gt;&quot;, line 259, in load_module
  File &quot;/tmp/tmpkwyc8h7j/pip.zip/pip/_internal/cli/autocompletion.py&quot;, line 9, in &lt;module&gt;
  File &quot;&lt;frozen zipimport&gt;&quot;, line 259, in load_module
  File &quot;/tmp/tmpkwyc8h7j/pip.zip/pip/_internal/cli/main_parser.py&quot;, line 7, in &lt;module&gt;
  File &quot;&lt;frozen zipimport&gt;&quot;, line 259, in load_module
  File &quot;/tmp/tmpkwyc8h7j/pip.zip/pip/_internal/cli/cmdoptions.py&quot;, line 18, in &lt;module&gt;
ModuleNotFoundError: No module named 'distutils.util'
</code></pre>
","2402966","","11573842","","2021-05-15 18:44:38","2021-06-30 22:42:32","How to install pip for Python 3.9 on Ubuntu 20.04","<python><ubuntu><pip><ubuntu-20.04>","4","0","1","","","CC BY-SA 4.0"
"66118122","1","66126037","","2021-02-09 11:28:31","","16","10911","<p>I have a cleanly installed Mac <code>10.15.7</code>, with freshly installed xCode (<code>12.4</code>) on in it. I installed <code>react-native</code> following the official instructions <a href=""https://reactnative.dev/docs/environment-setup"" rel=""noreferrer"">here</a>. I created a new project and tried to build it (from Xcode), but ended up with this error:</p>
<blockquote>
<p>Lexical or Preprocessor Issue - event2/event-config.h file not found</p>
</blockquote>
<p><a href=""https://i.stack.imgur.com/9ISZT.png"" rel=""noreferrer""><img src=""https://i.stack.imgur.com/9ISZT.png"" alt=""Error Message"" /></a></p>
<p>It appears to have something to do with <code>Flipper</code>. I have absolutely no clue how to fix this, as I am not familiar with <code>CPP</code> development and the file/data-structure it needs...</p>
","3935035","","3935035","","2021-02-23 15:55:00","2021-04-29 23:06:31","Lexical or Preprocessor Issue - event2/event-config.h file not found","<javascript><xcode><react-native><flipper>","3","2","6","","","CC BY-SA 4.0"
"66118337","1","66118921","","2021-02-09 11:43:29","","13","17185","<p>I am trying to build a dockerfile but the problem is when it trying to build specifically <strong>cryptography</strong> is not building.</p>
<p>MY Dockerfile</p>
<pre><code>FROM python:3.7-alpine

ENV PYTHONUNBUFFERED 1

RUN apk update \
  # psycopg2 dependencies
  &amp;&amp; apk add --virtual build-deps gcc python3-dev musl-dev\
  &amp;&amp; apk add postgresql-dev \
  &amp;&amp; apk add build-base \
  # Pillow dependencies
  &amp;&amp; apk add jpeg-dev zlib-dev freetype-dev lcms2-dev openjpeg-dev tiff-dev tk-dev tcl-dev \
  # CFFI dependencies
  &amp;&amp; apk add libffi-dev py-cffi \
  # Translations dependencies
  &amp;&amp; apk add gettext \
  # https://docs.djangoproject.com/en/dev/ref/django-admin/#dbshell
  &amp;&amp; apk add postgresql-client \
  # cairo
  &amp;&amp; apk add cairo cairo-dev pango-dev gdk-pixbuf-dev poppler-utils

# fonts for weasyprint
RUN mkdir ~/.fonts
COPY ./fonts/* /root/.fonts/

# secret key (should be in docker-secrets, or we need to run minikube locally
RUN mkdir /etc/secrets
COPY secret.readme proxy_rsa_key* /etc/secrets/

# Requirements are installed here to ensure they will be cached.
COPY ./requirements /requirements
RUN pip install -r /requirements/local.txt

COPY ./compose/local/django/entrypoint /entrypoint
RUN sed -i 's/\r//' /entrypoint
RUN chmod +x /entrypoint

COPY ./compose/local/django/start /start
RUN sed -i 's/\r//' /start
RUN chmod +x /start

COPY ./compose/local/django/celery/worker/start /start-celeryworker
RUN sed -i 's/\r//' /start-celeryworker
RUN chmod +x /start-celeryworker

COPY ./compose/local/django/celery/beat/start /start-celerybeat
RUN sed -i 's/\r//' /start-celerybeat
RUN chmod +x /start-celerybeat

COPY ./compose/local/django/celery/flower/start /start-flower
RUN sed -i 's/\r//' /start-flower
RUN chmod +x /start-flower

WORKDIR /app

ENTRYPOINT [&quot;/entrypoint&quot;]
</code></pre>
<p><strong>when I try to build my dockerfile it shows:</strong></p>
<pre><code>Building wheel for cryptography (PEP 517): finished with status 'error'
  ERROR: Command errored out with exit status 1:
  
  error: Can not find Rust compiler
  ----------------------------------------
  ERROR: Failed building wheel for cryptography

</code></pre>
<p>I tried to solve but i couldn't. I am newbie in docker.Please help how to get rid of this problem.</p>
","15175539","","","","","2021-04-27 19:39:06","How to get rid of cryptography build error?","<python-3.x><docker>","3","0","2","","","CC BY-SA 4.0"
"67191286","1","","","2021-04-21 07:37:43","","17","80673","<p>I just created new project and have run it for the first time using F5 or ctrl +f5, the result in Chrome is &quot;The site can't be reached&quot;</p>
<p>&quot;err_connection_refused&quot;</p>
<p>I checked the option at the breakpoints for &quot;Exceptions caught&quot; and the following error is displayed.
<a href=""https://i.stack.imgur.com/r8Zmr.png"" rel=""noreferrer""><img src=""https://i.stack.imgur.com/r8Zmr.png"" alt=""enter image description here"" /></a></p>
<p>without &quot;Exceptions caught&quot; checked, the next error raised:
<a href=""https://i.stack.imgur.com/pIWZA.png"" rel=""noreferrer""><img src=""https://i.stack.imgur.com/pIWZA.png"" alt=""enter image description here"" /></a></p>
<p>I tried to run from terminal &quot;ng s -o&quot; and all work fine, the site working well on port 4200,</p>
<p>but I like to have a debug.</p>
<p>here is my launch.json file, all by default</p>
<pre><code>{
// Use IntelliSense to learn about possible attributes.
// Hover to view descriptions of existing attributes.
// For more information, visit: https://go.microsoft.com/fwlink/?linkid=830387
&quot;version&quot;: &quot;0.2.0&quot;,
&quot;configurations&quot;: [
{
&quot;type&quot;: &quot;pwa-chrome&quot;,
&quot;request&quot;: &quot;launch&quot;,
&quot;name&quot;: &quot;Launch Chrome against localhost&quot;,
&quot;url&quot;: &quot;http://localhost:4200&quot;,
&quot;webRoot&quot;: &quot;${workspaceFolder}&quot;
}
]
}
</code></pre>
<p>Why is this happening?</p>
","8732988","","815724","","2021-04-27 12:19:50","2021-07-15 23:11:55","Crbug/1173575, non-JS module files deprecated. chromewebdata/(index)5305:9:5551","<angular>","13","1","3","","","CC BY-SA 4.0"
"66062663","1","66130332","","2021-02-05 11:44:06","","33","12308","<p>After reading <a href=""https://reactnative.dev/docs/environment-setup"" rel=""noreferrer"">https://reactnative.dev/docs/environment-setup</a>, I created a react-native project using <code>npx react-native init ***</code>.</p>
<p>It was successful, so, I tried to run the project using <code>npx react-native run-ios</code>, and got the below error:</p>
<pre><code>** BUILD FAILED **


The following build commands failed:
    CompileC /Users/loser/Library/Developer/Xcode/DerivedData/test0205-dasunahpjpavelgmslwgmvjhesxy/Build/Intermediates.noindex/Pods.build/Debug-iphonesimulator/Flipper.build/Objects-normal/x86_64/FlipperRSocketResponder.o /Users/loser/Documents/projects/test0205/ios/Pods/Flipper/xplat/Flipper/FlipperRSocketResponder.cpp normal x86_64 c++ com.apple.compilers.llvm.clang.1_0.compiler
(1 failure)
</code></pre>
","8938539","","10585708","","2021-03-10 13:22:29","2021-06-16 09:56:21","React Native - npx react-native run-ios doesn't work after initializing the project","<ios><reactjs><xcode><react-native>","15","2","9","","","CC BY-SA 4.0"
"66082776","1","66101345","","2021-02-06 22:48:36","","12","16912","<p>I am in the process of trying to restart some legacy project that demands the use of an older version of openssl.</p>
<p>I have found good input on the issue <a href=""https://stackoverflow.com/a/61086871/921573"">here</a>, which worked on one of my machines but not the other, which gives me the following error:</p>
<pre><code>$  brew switch openssl 1.0.2t
Error: Unknown command: switch
</code></pre>
<p>The error does not seem to be very common, nothing helpful is showing up on a google/stackoverflow search.</p>
<p>What I have tried so far:</p>
<ul>
<li>resolved all warnings shown by <code>brew doctor</code></li>
<li>run <code>brew update &amp;&amp; brew upgrade</code></li>
<li>updated Xcode Command Line Tools</li>
<li>reinstalled openssl</li>
</ul>
<p>What can I do to fix this?</p>
","921573","","","","","2021-05-28 06:12:31","Uncommon homebrew error: ""Unknown command: switch""","<openssl><homebrew><macos-catalina>","1","2","2","","","CC BY-SA 4.0"
"66185671","1","","","2021-02-13 13:34:14","","60","56247","<p>I'm doing API with the node and using Mongoose. When I give a <code>yarn dev</code> to start my Nodemon, there is an error in Mongo, I have no idea how to solve this. Would anyone have any ideas? (I'm using the MongoDB Atlas database)</p>
<p>Right after the following error.</p>
<pre><code>yarn run v1.22.5
$ nodemon src/server.js
[nodemon] 2.0.7
[nodemon] to restart at any time, enter `rs`
[nodemon] watching path(s): *.*
[nodemon] watching extensions: js,mjs,json
[nodemon] starting `node src/server.js`
(node:752) Warning: Accessing non-existent property 'MongoError' of module exports inside circular dependency
(Use `node --trace-warnings ...` to show where the warning was created)
(node:752) DeprecationWarning: Listening to events on the Db class has been deprecated and will be removed in the next major version.
</code></pre>
<p>I'm using the</p>
<ul>
<li>Node v14.15.4</li>
<li>npm 6.14.10</li>
</ul>
<p>My package.json</p>
<pre><code>{
  &quot;name&quot;: &quot;backend&quot;,
  &quot;version&quot;: &quot;1.0.0&quot;,
  &quot;main&quot;: &quot;index.js&quot;,
  &quot;license&quot;: &quot;MIT&quot;,
  &quot;scripts&quot;: {
    &quot;dev&quot;: &quot;nodemon src/server.js&quot;
  },
  &quot;dependencies&quot;: {
    &quot;express&quot;: &quot;^4.17.1&quot;,
    &quot;md5&quot;: &quot;^2.3.0&quot;,
    &quot;mongoose&quot;: &quot;^5.11.16&quot;,
    &quot;multer&quot;: &quot;^1.4.2&quot;,
    &quot;yarn&quot;: &quot;^1.22.10&quot;
  },
  &quot;devDependencies&quot;: {
    &quot;nodemon&quot;: &quot;^2.0.7&quot;
  }
}
</code></pre>
","15203447","","472495","","2021-02-13 14:20:15","2021-03-25 18:31:56","Warning: Accessing non-existent property 'MongoError' of module exports inside circular dependency","<node.js><mongodb><api><mongoose><nodemon>","12","5","2","","","CC BY-SA 4.0"
"66147046","1","","","2021-02-11 00:15:04","","11","22241","<p>I am new to Python and VS Code and am trying to debug a simple python program via &quot;F5&quot; or &quot;Run with debugger&quot;.</p>
<p>Whenever I try to debug a simple python program using the python extension, a pop up appears at the bottom right <strong>&quot;The Python path in your debug configuration is invalid.&quot;</strong></p>
<p>It suggests opening launch.json, but doesn't explain what to add.</p>
<p>How can I easily debug my new python program?</p>
","15187233","","13634970","","2021-05-18 12:00:41","2021-05-18 12:00:41","The Python path in your debug configuration is invalid","<python><visual-studio-code>","0","8","","2021-02-11 07:37:29","","CC BY-SA 4.0"
"66521344","1","66521565","","2021-03-07 20:57:50","","152","10200","<p>I discovered this popular ~9-year-old <a href=""https://stackoverflow.com/questions/11227809/why-is-processing-a-sorted-array-faster-than-processing-an-unsorted-array"">SO question</a> and decided to double-check its outcomes.</p>
<p>So, I have AMD Ryzen 9 5950X, clang++ 10 and Linux, I copy-pasted code from the question and here is what I got:</p>
<p><strong>Sorted - 0.549702s</strong>:</p>
<pre><code>~/d/so_sorting_faster$ cat main.cpp | grep &quot;std::sort&quot; &amp;&amp; clang++ -O3 main.cpp &amp;&amp; ./a.out
    std::sort(data, data + arraySize);
0.549702
sum = 314931600000
</code></pre>
<p><strong>Unsorted - 0.546554s</strong>:</p>
<pre><code>~/d/so_sorting_faster $ cat main.cpp | grep &quot;std::sort&quot; &amp;&amp; clang++ -O3 main.cpp &amp;&amp; ./a.out
    // std::sort(data, data + arraySize);
0.546554
sum = 314931600000
</code></pre>
<p>I am pretty sure that the fact that unsorted version turned out to be faster by 3ms is just noise, but it seems it is not slower anymore.</p>
<p>So, <strong>what has changed in the architecture of CPU</strong> (so that it is not an order of magnitude slower anymore)?</p>
<p>Here are results from multiple runs:</p>
<pre><code>Unsorted: 0.543557 0.551147 0.541722 0.555599
Sorted:   0.542587 0.559719 0.53938  0.557909
</code></pre>
<p>Just in case, here is my main.cpp:</p>
<pre><code>#include &lt;algorithm&gt;
#include &lt;ctime&gt;
#include &lt;iostream&gt;

int main()
{
    // Generate data
    const unsigned arraySize = 32768;
    int data[arraySize];

    for (unsigned c = 0; c &lt; arraySize; ++c)
        data[c] = std::rand() % 256;

    // !!! With this, the next loop runs faster.
    // std::sort(data, data + arraySize);

    // Test
    clock_t start = clock();
    long long sum = 0;

    for (unsigned i = 0; i &lt; 100000; ++i)
    {
        // Primary loop
        for (unsigned c = 0; c &lt; arraySize; ++c)
        {
            if (data[c] &gt;= 128)
                sum += data[c];
        }
    }

    double elapsedTime = static_cast&lt;double&gt;(clock() - start) / CLOCKS_PER_SEC;

    std::cout &lt;&lt; elapsedTime &lt;&lt; std::endl;
    std::cout &lt;&lt; &quot;sum = &quot; &lt;&lt; sum &lt;&lt; std::endl;
    return 0;
}
</code></pre>
<p><strong>Update</strong></p>
<p>With larger number of elements (627680):</p>
<pre><code>Unsorted
cat main.cpp | grep &quot;std::sort&quot; &amp;&amp; clang++ -O3 main.cpp &amp;&amp; ./a.out
    // std::sort(data, data + arraySize);
10.3814

Sorted:
cat main.cpp | grep &quot;std::sort&quot; &amp;&amp; clang++ -O3 main.cpp &amp;&amp; ./a.out
    std::sort(data, data + arraySize);
10.6885
</code></pre>
<p>I think the question is still relevant - almost no difference.</p>
","758986","","224132","","2021-03-08 15:12:14","2021-03-09 13:09:56","Why is processing an unsorted array the same speed as processing a sorted array with modern x86-64 clang?","<c++><performance><clang><cpu-architecture><branch-prediction>","1","7","18","","","CC BY-SA 4.0"
"66207609","1","66207610","","2021-02-15 11:55:42","","7","12469","<p>tensorflow version 2.3.1
numpy version 1.20</p>
<p>below the code</p>
<pre><code># define model
model = Sequential()
model.add(LSTM(50, activation='relu', input_shape=(n_steps, n_features)))
model.add(Dense(1))
model.compile(optimizer='adam', loss='mse')
</code></pre>
<p>we got</p>
<blockquote>
<p>NotImplementedError: Cannot convert a symbolic Tensor
(lstm_2/strided_slice:0) to a numpy array. This error may indicate
that you're trying to pass a Tensor to a NumPy call, which is not
supported</p>
</blockquote>
<p>it seems to me a crazy error!</p>
","1645339","","","","","2021-07-14 13:12:32","NotImplementedError: Cannot convert a symbolic Tensor (lstm_2/strided_slice:0) to a numpy array. T","<python><numpy><tensorflow>","4","0","3","","","CC BY-SA 4.0"
"66146088","1","67944726","","2021-02-10 22:32:45","","13","15518","<p>So I've generated a Dockerfile with VS, it runs in VS just fine and now I'm trying to build it from windows itself(docker buid . , I tried many combinations). Yet I get the following error</p>
<p><a href=""https://i.stack.imgur.com/k88vu.png"" rel=""noreferrer""><img src=""https://i.stack.imgur.com/k88vu.png"" alt=""Error code"" /></a></p>
<p>When I change copy to ./client.csproj it does continue and then I get
<a href=""https://i.stack.imgur.com/FWMkZ.png"" rel=""noreferrer""><img src=""https://i.stack.imgur.com/FWMkZ.png"" alt=""Second error with changed copy path"" /></a></p>
<p>What am I doing wrong? I changed Docker linux to windows, changed WSL, restarted everything</p>
<p>Thanks in advance</p>
<p>Edit:
<a href=""https://i.stack.imgur.com/6Nr2L.png"" rel=""noreferrer"">Dockerfile client</a></p>
","7419676","","7419676","","2021-02-11 09:59:24","2021-06-22 20:21:35","docker - failed to compute cache key: not found - runs fine in visual studio","<windows><visual-studio><docker><command-line-interface><windows-subsystem-for-linux>","5","2","","","","CC BY-SA 4.0"
"66170975","1","","","2021-02-12 11:23:01","","16","20972","<p>Since <code>IntelliJ IDEA 2020.3.2</code> (I use Community Edition), I started getting:</p>
<pre><code>Parsing java... [applicationname]
java: JPS incremental annotation processing is disabled. Compilation results on partial recompilation may be inaccurate.
Use build process &quot;jps.track.ap.dependencies&quot; VM flag to enable/disable incremental annotation processing environment.
Writing classes
</code></pre>
<p>warning, upon running the application within the IntelliJ IDEA.</p>
<p>This actually happens during the build phase, when you run your application for the &quot;first&quot; time (to be more precise, when <code>target</code> (or whatever you have configured as a building result directory) is being built).</p>
<p>What does this message mean?</p>
","1553537","","1553537","","2021-04-19 07:38:56","2021-07-12 19:27:57","JPS incremental annotation processing is disabled. Compilation results on partial recompilation may be inaccurate","<intellij-idea>","5","0","1","","","CC BY-SA 4.0"
"66642705","1","67000726","","2021-03-15 17:25:31","","29","33033","<pre><code>p={
    'http':'http://my correct proxy here',
    'https':'https://my correct proxy here'
    }
self.response=requests.get(url=url,headers=self.headers,timeout=(6,15),proxies=p)
</code></pre>
<p>And then it raise the exception:</p>
<pre><code>Traceback (most recent call last):
  File &quot;C:\Users\xyl13509876955\Desktop\Monitor\dicks.py&quot;, line 61, in send_request
    self.response=requests.get(url=url,headers=self.headers,timeout=(6,15),proxies=p)
  File &quot;C:\Users\xyl13509876955\AppData\Local\Programs\Python\Python37\lib\site-packages\requests\api.py&quot;, line 76, in get
    return request('get', url, params=params, **kwargs)
  File &quot;C:\Users\xyl13509876955\AppData\Local\Programs\Python\Python37\lib\site-packages\requests\api.py&quot;, line 61, in request
    return session.request(method=method, url=url, **kwargs)
  File &quot;C:\Users\xyl13509876955\AppData\Local\Programs\Python\Python37\lib\site-packages\requests\sessions.py&quot;, line 542, in request
    resp = self.send(prep, **send_kwargs)
  File &quot;C:\Users\xyl13509876955\AppData\Local\Programs\Python\Python37\lib\site-packages\requests\sessions.py&quot;, line 655, in send
    r = adapter.send(request, **kwargs)
  File &quot;C:\Users\xyl13509876955\AppData\Local\Programs\Python\Python37\lib\site-packages\requests\adapters.py&quot;, line 449, in send
    timeout=timeout
  File &quot;C:\Users\xyl13509876955\AppData\Local\Programs\Python\Python37\lib\site-packages\urllib3\connectionpool.py&quot;, line 696, in urlopen
    self._prepare_proxy(conn)
  File &quot;C:\Users\xyl13509876955\AppData\Local\Programs\Python\Python37\lib\site-packages\urllib3\connectionpool.py&quot;, line 964, in _prepare_proxy
    conn.connect()
  File &quot;C:\Users\xyl13509876955\AppData\Local\Programs\Python\Python37\lib\site-packages\urllib3\connection.py&quot;, line 359, in connect
    conn = self._connect_tls_proxy(hostname, conn)
  File &quot;C:\Users\xyl13509876955\AppData\Local\Programs\Python\Python37\lib\site-packages\urllib3\connection.py&quot;, line 506, in _connect_tls_proxy
    ssl_context=ssl_context,
  File &quot;C:\Users\xyl13509876955\AppData\Local\Programs\Python\Python37\lib\site-packages\urllib3\util\ssl_.py&quot;, line 432, in ssl_wrap_socket
    ssl_sock = _ssl_wrap_socket_impl(sock, context, tls_in_tls)
  File &quot;C:\Users\xyl13509876955\AppData\Local\Programs\Python\Python37\lib\site-packages\urllib3\util\ssl_.py&quot;, line 474, in _ssl_wrap_socket_impl
    return ssl_context.wrap_socket(sock)
  File &quot;C:\Users\xyl13509876955\AppData\Local\Programs\Python\Python37\lib\ssl.py&quot;, line 423, in wrap_socket
    session=session
  File &quot;C:\Users\xyl13509876955\AppData\Local\Programs\Python\Python37\lib\ssl.py&quot;, line 827, in _create
    raise ValueError(&quot;check_hostname requires server_hostname&quot;)
ValueError: check_hostname requires server_hostname
</code></pre>
<p>Please help me solve the problem and the best way is to show me the right code. I am very confused and frustrated for the problem!!</p>
","14364917","","","","","2021-07-12 06:01:44","Why requests raise this exception ""check_hostname requires server_hostname""?","<python><python-requests><urllib3>","7","2","4","","","CC BY-SA 4.0"
"66212924","1","66213117","","2021-02-15 17:46:36","","11","14393","<p>i am having a trouble with pip and pip3.
I am trying to install requirements and it shows an error. When i write pip3 or pip --version it show this error.</p>
<pre><code>jumphost@jumphost-VirtualBox:~$ pip3 --version
Traceback (most recent call last):
  File &quot;/usr/bin/pip3&quot;, line 9, in &lt;module&gt;
    from pip import __main__
  File &quot;/usr/local/lib/python3.5/dist-packages/pip/__main__.py&quot;, line
21, in &lt;module&gt;
    from pip._internal.cli.main import main as _main
  File
&quot;/usr/local/lib/python3.5/dist-packages/pip/_internal/cli/main.py&quot;, line 60
    sys.stderr.write(f&quot;ERROR: {exc}&quot;)
                                   ^
SyntaxError: invalid syntax
</code></pre>
<p>If i am trying to install, it showed this</p>
<pre><code>jumphost@jumphost-VirtualBox:~/kubespray$ pip install -r requirements.txt
Traceback (most recent call last):
  File &quot;/usr/bin/pip&quot;, line 9, in &lt;module&gt;
    from pip import __main__
  File
&quot;/usr/local/lib/python2.7/dist-packages/pip-21.0-py2.7.egg/pip/__main__.py&quot;,
line 21, in &lt;module&gt;
    from pip._internal.cli.main import main as _main
  File
&quot;/usr/local/lib/python2.7/dist-packages/pip-21.0-py2.7.egg/pip/_internal/cli/main.py&quot;,
line 60
    sys.stderr.write(f&quot;ERROR: {exc}&quot;)
                                   ^
SyntaxError: invalid syntax
jumphost@jumphost-VirtualBox:~/kubespray$ pip3 install -r requirements.txt
Traceback (most recent call last):
  File &quot;/usr/bin/pip3&quot;, line 9, in &lt;module&gt;
    from pip import __main__
  File &quot;/usr/local/lib/python3.5/dist-packages/pip/__main__.py&quot;, line
21, in &lt;module&gt;
    from pip._internal.cli.main import main as _main
  File
&quot;/usr/local/lib/python3.5/dist-packages/pip/_internal/cli/main.py&quot;, line 60
    sys.stderr.write(f&quot;ERROR: {exc}&quot;)
                                   ^
SyntaxError: invalid syntax
</code></pre>
<p>I didn't found a right answer so this is the reason why i ask you. Thanks !
I tried remove python, pip, python3 and pip3 multipletimes but still same problem.</p>
","12504197","","7954504","","2021-02-15 18:08:25","2021-03-18 16:18:31","pip: sys.stderr.write(f""ERROR: {exc}"") with Python 3.5","<python><pip>","1","8","3","2021-02-15 20:11:48","","CC BY-SA 4.0"
"66252333","1","","","2021-02-18 01:32:39","","3","10542","<p>I am trying to save the value from my component to firebase using service. But I am getting NullInjector Error when ever I use service. I did everything that was not the internet. Imported everything but it wont work. I already tried importing HttpClientModule, AngularFireDatabase but nothing works. I have tried to completely recreate the project by freshly installing everything. I have tried different versions of firebase and angular (currently firebase@7.24.0 @angular/fire@6.0.3). Nothing works.</p>
<p>This is my fireservice.service</p>
<pre><code>import { Injectable } from '@angular/core';
import { AngularFireDatabase } from 'angularfire2/database';

@Injectable({
  providedIn: 'root'
})
export class FireserviceService {

  constructor(private db: AngularFireDatabase) {
    
   }
   create(){
    return this.db.list('/shopping-carts').push({
      dateCreated:new Date().getTime()
    });
  }
}
</code></pre>
<p>this is my app module</p>
<pre><code>import { FireserviceService } from './fireservice.service';
import { NgModule } from '@angular/core';
import { BrowserModule } from '@angular/platform-browser';
import { AppRoutingModule } from './app-routing.module';
import { AppComponent } from './app.component';
import { environment } from '../environments/environment';
import { AngularFirestore } from '@angular/fire/firestore';
import { AngularFireModule } from '@angular/fire';
import { AngularFirestoreModule } from '@angular/fire/firestore';
import { BrainComponent } from './brain/brain.component';


@NgModule({
  declarations: [
    AppComponent,
    BrainComponent
  ],
  imports: [
    BrowserModule,
    AppRoutingModule,
    AngularFireModule.initializeApp(environment.firebase),
    AngularFirestoreModule
  ],
  providers: [
    AngularFirestore,
    FireserviceService
  ],
  bootstrap: [AppComponent]
})
export class AppModule { 
  constructor(){

  }
}

</code></pre>
<p>this is my compnent</p>
<pre><code>import { FireserviceService } from './../fireservice.service';
import { Component, OnInit } from '@angular/core';


@Component({
  selector: 'brain',
  templateUrl: './brain.component.html',
  styleUrls: ['./brain.component.css']
})
export class BrainComponent  {

  constructor(private cartService: FireserviceService) { }
  addToCart(val:any){
    console.log(val)
  }

}
</code></pre>
<p>This is the error I get</p>
<pre><code>core.js:6142 ERROR NullInjectorError: R3InjectorError(AppModule)[FireserviceService -&gt; AngularFireDatabase -&gt; AngularFireDatabase -&gt; AngularFireDatabase]: 
  NullInjectorError: No provider for AngularFireDatabase!
    at NullInjector.get (http://localhost:51081/vendor.js:38768:27)
    at R3Injector.get (http://localhost:51081/vendor.js:38935:33)
    at R3Injector.get (http://localhost:51081/vendor.js:38935:33)
    at R3Injector.get (http://localhost:51081/vendor.js:38935:33)
    at injectInjectorOnly (http://localhost:51081/vendor.js:32465:33)
    at Module.inject (http://localhost:51081/vendor.js:32469:61)
    at Object.FireserviceService_Factory [as factory] (http://localhost:51081/main.js:280:159)
    at R3Injector.hydrate (http://localhost:51081/vendor.js:39103:35)
    at R3Injector.get (http://localhost:51081/vendor.js:38924:33)
    at NgModuleRef$1.get (http://localhost:51081/vendor.js:53004:33)
</code></pre>
<p>The site works fine until I add parameters to the constructor in the brain component. But as soon as I add private car service: FireserviceService in the constructor in the brain component it won't even load HTML.
I am new to angular and firebase. I am trying to save the value in the firebase database. Please help.</p>
","14629851","","14629851","","2021-02-18 01:41:11","2021-07-09 05:40:23","ERROR NullInjectorError: R3InjectorError(AppModule)","<angular><firebase>","3","0","","","","CC BY-SA 4.0"
"65696048","1","","","2021-01-13 05:20:04","","10","14192","<p>When I run emulator from Android Studio in Windows 10 Pro 64-bit, then it shows the below error:</p>
<pre><code>13-01-2021
10:42 AM    Emulator: handleCpuAcceleration: feature check for hvf

10:42 AM    Emulator: cannot add library vulkan-1.dll: failed

10:42 AM    Emulator: cannot add library vulkan-1.dll: failed

10:42 AM    Emulator: Process finished with exit code -1073741819 (0xC0000005)
</code></pre>
<p>And Emulator is not Opening. I've uninstalled the current version (4.1.1) and installed 4.0.1 of Android Studio, but problem is not solved, now I'm in latest version of Android Studio i.e., 4.1.1.</p>
<p>Here is output of flutter doctor:
<img src=""https://i.stack.imgur.com/37D0o.png"" alt=""flutter doctor output Image"" /></p>
","12256830","","2756409","","2021-07-14 14:16:55","2021-07-17 01:59:21","Android Studio Emulator: cannot add library vulkan-1.dll: failed","<android-studio><flutter><android-emulator>","8","5","2","","","CC BY-SA 4.0"
"66189325","1","66226868","","2021-02-13 20:02:15","","72","27987","<p>I installed Xcode 12 on my Mac, tried building my react native app that runs perfectly on android, and get <code>'atomic_notify_one&lt;unsigned long&gt;' is unavailable</code>. This is the most information I get from the error.</p>
","9095848","","","","","2021-05-05 12:33:10","Xcode throws 'atomic_notify_one<unsigned long>' is unavailable","<react-native><react-native-ios><xcode12beta6>","12","0","11","","","CC BY-SA 4.0"
"66629862","1","66650266","","2021-03-14 21:43:50","","96","17284","<p>So i just updated to a new Visual studio version and I'm no longer able to push/pull from/to my azure git repo (cloning works fine).</p>
<p>The exact error I get is</p>
<blockquote>
<p>Cannot determine the organization name for this 'dev.azure.com' remote
url. ensure the <code>credential.usehttppath</code> configuration value is set,
or set the organization name as the user in the remote url
'{org}@dev.azure.com'.</p>
</blockquote>
<p>and only the pull command shows me this error, all the others are failing with git fatal error. I messed with my Credentials Manager cos i suspected it might be the one causing the problem but no luck..</p>
","11124332","","","","","2021-06-10 07:36:38","Cannot determine the organization name for this 'dev.azure.com' remote url","<git><visual-studio><azure-devops>","6","6","7","","","CC BY-SA 4.0"
"66239691","1","66346921","","2021-02-17 10:03:55","","43","21762","<p>Just ran into this error:</p>
<pre><code>npm ERR! code ERESOLVE
npm ERR! ERESOLVE unable to resolve dependency tree
npm ERR! 
npm ERR! While resolving: nexttwin@0.1.0
npm ERR! Found: react@17.0.1
npm ERR! node_modules/react
npm ERR!   react@&quot;17.0.1&quot; from the root project
npm ERR! 
npm ERR! Could not resolve dependency:
npm ERR! peer react@&quot;^16.8.0&quot; from react-hook-mousetrap@2.0.4
npm ERR! node_modules/react-hook-mousetrap
npm ERR!   react-hook-mousetrap@&quot;*&quot; from the root project
npm ERR! 
</code></pre>
<p>The module I am trying to install seems to have a different peer dependency from what I have installed. It seems like npm changed its behaviour in this regard and now lets the install fail.</p>
<p>What can I do now to fix this? I don't want to downgrade my React version for this.</p>
<p>I know there is a flag called <code>--legacy-peer-deps</code> but I am not sure what exactly this does and whether it's recommended to use it / what the potential disadvantages are? I assume there is a reason npm did let the install fail.</p>
<p>It's just strange because I was using <code>yarn</code> up until very recently and everything was fine.</p>
","15093141","","","","","2021-06-30 18:54:42","What does npm install --legacy-peer-deps do exactly? When is it recommended / What's a potential use case?","<javascript><node.js><reactjs><npm><npm-install>","4","2","9","","","CC BY-SA 4.0"
"67448034","1","67470309","","2021-05-08 13:21:36","","22","18282","<p>I am a beginner in Kotlin App Development. The following error is occurred when I tried to build the app -</p>
<blockquote>
<p>e: C:/Users/Lenovo/.gradle/caches/transforms-2/files-2.1/32f0bb3e96b47cf79ece6482359b6ad2/jetified-kotlin-stdlib-jdk7-1.5.0.jar!/META-INF/kotlin-stdlib-jdk7.kotlin_module: Module was compiled with an incompatible version of Kotlin. The binary version of its metadata is 1.5.1, expected version is 1.1.16</p>
</blockquote>
<p><a href=""https://i.stack.imgur.com/yG6Kj.jpg"" rel=""noreferrer""><img src=""https://i.stack.imgur.com/yG6Kj.jpg"" alt=""enter image description here"" /></a></p>
<p>Is it about updating the module? Then how to update it?</p>
","14099703","","3789665","","2021-06-07 15:54:26","2021-07-17 06:08:19","""Module was compiled with an incompatible version of Kotlin. The binary version of its metadata is 1.5.1, expected version is 1.1.16""","<android><android-studio><kotlin>","11","3","1","","","CC BY-SA 4.0"
"66088443","1","66088694","","2021-02-07 13:22:52","","19","11725","<p>I am reinstalling my MacBook. And I receive the following message when I install (npm install -g @angular/cli) angular. Any idea why? I suspect the nom version but I comes along with node...</p>
<pre><code>Developments npm install -g @angular/cli
npm WARN EBADENGINE Unsupported engine {
npm WARN EBADENGINE   package: '@angular/cli@11.1.4',
npm WARN EBADENGINE   required: { node: '&gt;= 10.13.0', npm: '^6.11.0', yarn: '&gt;= 1.13.0' },
npm WARN EBADENGINE   current: { node: 'v15.8.0', npm: '7.5.2' }
npm WARN EBADENGINE }
npm WARN EBADENGINE Unsupported engine {
npm WARN EBADENGINE   package: '@angular-devkit/architect@0.1101.4',
npm WARN EBADENGINE   required: { node: '&gt;= 10.13.0', npm: '^6.11.0', yarn: '&gt;= 1.13.0' },
npm WARN EBADENGINE   current: { node: 'v15.8.0', npm: '7.5.2' }
npm WARN EBADENGINE }
npm WARN EBADENGINE Unsupported engine {
npm WARN EBADENGINE   package: '@angular-devkit/core@11.1.4',
npm WARN EBADENGINE   required: { node: '&gt;= 10.13.0', npm: '^6.11.0', yarn: '&gt;= 1.13.0' },
npm WARN EBADENGINE   current: { node: 'v15.8.0', npm: '7.5.2' }
npm WARN EBADENGINE }
npm WARN EBADENGINE Unsupported engine {
npm WARN EBADENGINE   package: '@angular-devkit/schematics@11.1.4',
npm WARN EBADENGINE   required: { node: '&gt;= 10.13.0', npm: '^6.11.0', yarn: '&gt;= 1.13.0' },
npm WARN EBADENGINE   current: { node: 'v15.8.0', npm: '7.5.2' }
npm WARN EBADENGINE }
npm WARN EBADENGINE Unsupported engine {
npm WARN EBADENGINE   package: '@schematics/angular@11.1.4',
npm WARN EBADENGINE   required: { node: '&gt;= 10.13.0', npm: '^6.11.0', yarn: '&gt;= 1.13.0' },
npm WARN EBADENGINE   current: { node: 'v15.8.0', npm: '7.5.2' }
npm WARN EBADENGINE }
npm WARN EBADENGINE Unsupported engine {
npm WARN EBADENGINE   package: '@schematics/update@0.1101.4',
npm WARN EBADENGINE   required: { node: '&gt;= 10.13.0', npm: '^6.11.0', yarn: '&gt;= 1.13.0' },
npm WARN EBADENGINE   current: { node: 'v15.8.0', npm: '7.5.2' }
npm WARN EBADENGINE }
npm WARN deprecated har-validator@5.1.5: this library is no longer supported
npm WARN deprecated request@2.88.2: request has been deprecated, see https://github.com/request/request/issues/3142

    added 241 packages, and audited 242 packages in 12s
    
    20 packages are looking for funding
      run `npm fund` for details
    
    found 0 vulnerabilities
</code></pre>
","11255801","","5437671","","2021-02-07 13:37:36","2021-03-19 08:49:30","Install Angular Unsupported Engine, OSX","<node.js><macos><npm><angular-cli><npm-install>","4","0","2","","","CC BY-SA 4.0"
"66217436","1","","","2021-02-16 01:02:41","","29","14825","<p>I started using gnupg. An error occurs when trying to import a key from any server:</p>
<pre><code>@ubuntu:~/Desktop$ gpg --keyserver keys.gnupg.net --recv-key 908F435E
gpg: keyserver receive failed: No name
</code></pre>
","15080770","","","","","2021-07-05 01:44:18","gpg: keyserver receive failed: No name","<gnupg>","3","2","6","","","CC BY-SA 4.0"
"67442661","1","","","2021-05-07 23:18:52","","9","15526","<p><a href=""https://i.stack.imgur.com/Jn9TG.png"" rel=""noreferrer"">Error I'm getting</a></p>
<p>I keep getting this WARNING: Ignoring invalid distribution -ip (c:\python39\lib\site-packages) How do I fix this and what does it mean?</p>
<p>I have anaconda and python installed. I use Jupyter Notebook and Python in vs code.
This is in my bash command line.
My version of windows is windows 10 home.
My version of python is 3.9.2 and pip is 21.1.1.</p>
","15867437","","11301900","","2021-05-14 15:14:55","2021-05-14 15:14:55","WARNING: Ignoring invalid distribution -ip (c:\python39\lib\site-packages) How do I fix this and what does it mean?","<python><python-3.x><pip><jupyter-notebook><conda>","1","0","","2021-05-08 00:07:44","","CC BY-SA 4.0"
"66354756","1","","","2021-02-24 16:19:28","","151","10806","<pre><code>long long int n = 2000*2000*2000*2000;    // overflow

long long int n = pow(2000,4);            // works
long long int n = 16000000000000;         // works
</code></pre>
<p>Why does the first one overflow (multiplying integer literal constants to assign to a long long)?</p>
<p>What's different about it vs. the second or third ones?</p>
","15162879","","224132","","2021-02-25 09:11:43","2021-03-21 18:28:20","Why does long long n = 2000*2000*2000*2000; overflow?","<c++><math><types><literals><integer-overflow>","6","12","10","","","CC BY-SA 4.0"
"66835173","1","67211499","","2021-03-27 19:11:42","","26","31581","<p>I am new to Flutter, I started Flutter last week, And now I want to make a simple Xylophone app. I created the UI successfully and made a function <code>playSound(int soundNumber)</code> but when I call this function for playing sound, it gives me this error.</p>
<pre><code>**The following _TypeError was thrown building Body(dirty, state: _BodyState#051c2):
type '_MaterialStatePropertyAll&lt;dynamic&gt;' is not a subtype of type 'MaterialStateProperty&lt;Color?&gt;?'**
</code></pre>
<p>Here's the code I wrote for <code>playSound(int soundNumber)</code> function.</p>
<pre><code>void playSound(int soundNumber) {
final player = AudioCache();
player.play('note$soundNumber.wav');}

Expanded buildPlayButton({MaterialStateProperty color, int soundNumber}){
return Expanded(
  child: ElevatedButton(
    onPressed: () {
      playSound(soundNumber);
    },
    style: ButtonStyle(
      backgroundColor: color,
    ),
  ),
);}
</code></pre>
<p>Here is the point where I am calling this function.</p>
<pre><code>Widget build(BuildContext context) {
return Column(
  crossAxisAlignment: CrossAxisAlignment.stretch,
  children: &lt;Widget&gt;[
    buildPlayButton(color: MaterialStateProperty.all(Colors.red), soundNumber: 1),
    buildPlayButton(color: MaterialStateProperty.all(Colors.orangeAccent), soundNumber: 2),
    buildPlayButton(color: MaterialStateProperty.all(Colors.yellow), soundNumber: 3),
    buildPlayButton(color: MaterialStateProperty.all(Colors.indigo), soundNumber: 4),
    buildPlayButton(color: MaterialStateProperty.all(Colors.blue), soundNumber: 5),
    buildPlayButton(color: MaterialStateProperty.all(Colors.lightGreenAccent), soundNumber: 6),
    buildPlayButton(color: MaterialStateProperty.all(Colors.green), soundNumber: 7),
  ],
);
}
</code></pre>
<p>How to call this function because it gives me the above-mentioned error?</p>
","13628530","","10794031","","2021-06-26 23:51:43","2021-06-26 23:51:43","How to change background color of Elevated Button in Flutter from function?","<flutter><flutter-layout><flutter-android><android-studio-4.2><flutter-functional-widget>","6","0","2","","","CC BY-SA 4.0"
"66400264","1","66400265","","2021-02-27 15:21:21","","82","12023","<p>Android Studio Arctic Fox Canary 8 started to warn that <code>JCenter is at end of life</code></p>
<p><a href=""https://i.stack.imgur.com/qQiwt.png"" rel=""noreferrer""><img src=""https://i.stack.imgur.com/qQiwt.png"" alt=""enter image description here"" /></a></p>
<p>But I cannot just delete <code>jcenter()</code> declarations since it hosts a lot of android artifacts, it would lead to <code>Could not resolve all artifacts</code> error. What is the right way to solve this warning?</p>
","4858777","","","","","2021-07-13 08:19:39","""JCenter is at end of life"" android lint warning, what is the replacement?","<android><android-studio><android-gradle-plugin>","4","0","9","","","CC BY-SA 4.0"
"66472891","1","66472892","","2021-03-04 10:11:09","","4","10668","<p>While trying <strong>Dart</strong>'s <em>Sound Null Safety</em> i came up with a problem:</p>
<hr />
<h2>Some Context</h2>
<p>Creating a new <strong>Flutter</strong> project i found the following (and very familiar) piece code</p>
<pre class=""lang-dart prettyprint-override""><code>int _counter = 0;

void _incrementCounter() {
  setState(() {
    // This call to setState tells the Flutter framework that something has
    // changed in this State, which causes it to rerun the build method below
    // so that the display can reflect the updated values. If we changed
    // _counter without calling setState(), then the build method would not be
    // called again, and so nothing would appear to happen.
    _counter++;
  });
}
</code></pre>
<p>Now, i changed the variable <code>_counter</code> to be <em>nullable</em> and took off the initialization:</p>
<pre class=""lang-dart prettyprint-override""><code>int? _counter;

void _incrementCounter() {
  setState(() {
    _counter++;
  });
}
</code></pre>
<p>And as expected, i got the following error in the editor:</p>
<blockquote>
<p>The operator + cant be unconditionally invoked because the receiver can be 'null'</p>
</blockquote>
<h2>The Problem</h2>
<p>Following <a href=""https://dart.dev/tools/diagnostic-messages#unchecked_use_of_nullable_value"" rel=""nofollow noreferrer"">the documentation</a> i added the required checking:</p>
<pre class=""lang-dart prettyprint-override""><code>if (_counter!=null)
        _counter++;

</code></pre>
<p>but to my astonishment, the error kept on showing and suggesting</p>
<blockquote>
<p>Try making the call conditional (using '?' or adding a null check to the target ('!'))</p>
</blockquote>
<p>even though i explicitly am making <em>the call conditionally</em>... so what is wrong?</p>
","7432242","","7432242","","2021-03-04 10:21:25","2021-03-05 09:38:32","How to fix ""The operator {0} cant be unconditionally invoked because the receiver can be null""","<flutter><dart><dart-null-safety>","1","2","","2021-03-04 11:59:55","","CC BY-SA 4.0"
"65549858","1","66284049","","2021-01-03 12:30:19","","13","16674","<p>Trying to install <code>npm react-facebook-login</code> in my react app, but I keep getting dependency errors? That sounds scary and I don't want to force install something that can potentially break in the future. I'm new to javascript, what are some ways I should proceed?</p>
<p>I've tried clearing my npm cache and removing node modules and installing them again, however im still getting this error.</p>
<pre><code>npm ERR! code ERESOLVE
npm ERR! ERESOLVE unable to resolve dependency tree
npm ERR! 
npm ERR! While resolving: buckets@0.1.0
npm ERR! Found: react@17.0.1
npm ERR! node_modules/react
npm ERR!   react@&quot;^17.0.1&quot; from the root project
npm ERR! 
npm ERR! Could not resolve dependency:
npm ERR! peer react@&quot;^16.0.0&quot; from react-facebook-login@4.1.1
npm ERR! node_modules/react-facebook-login
npm ERR!   react-facebook-login@&quot;*&quot; from the root project
npm ERR! 
npm ERR! Fix the upstream dependency conflict, or retry
npm ERR! this command with --force, or --legacy-peer-deps
npm ERR! to accept an incorrect (and potentially broken) dependency resolution.
npm ERR! 
npm ERR! See /home/user/.npm/eresolve-report.txt for a full report.

npm ERR! A complete log of this run can be found in:
npm ERR!     /home/user/.npm/_logs/2021-01-03T12_23_40_000Z-debug.log

</code></pre>
<p><code>debug log</code>:</p>
<pre><code>0 verbose cli [ '/usr/bin/node', '/usr/bin/npm', 'install', 'react-facebook-login' ]
1 info using npm@7.0.15
2 info using node@v15.4.0
3 timing config:load:defaults Completed in 4ms
4 timing config:load:file:/usr/lib/node_modules/npm/npmrc Completed in 12ms
5 timing config:load:builtin Completed in 12ms
6 timing config:load:cli Completed in 1ms
7 timing config:load:env Completed in 1ms
8 timing config:load:file:/home/user/app/frontend/buckets/.npmrc Completed in 0ms
9 timing config:load:project Completed in 1ms
10 timing config:load:file:/home/user/.npmrc Completed in 0ms
11 timing config:load:user Completed in 0ms
12 timing config:load:file:/usr/etc/npmrc Completed in 0ms
13 timing config:load:global Completed in 0ms
14 timing config:load:cafile Completed in 0ms
15 timing config:load:validate Completed in 0ms
16 timing config:load:setUserAgent Completed in 1ms
17 timing config:load:setEnvs Completed in 1ms
18 timing config:load Completed in 21ms
19 verbose npm-session a80715ea0624d48b
20 timing npm:load Completed in 30ms
21 timing arborist:ctor Completed in 1ms
22 timing idealTree:init Completed in 1531ms
23 timing idealTree:userRequests Completed in 4ms
24 silly idealTree buildDeps
25 silly fetch manifest react-facebook-login@*
26 http fetch GET 200 https://registry.npmjs.org/react-facebook-login 2249ms
27 silly fetch manifest react@^17.0.1
28 http fetch GET 200 https://registry.npmjs.org/react 142ms
29 timing idealTree Completed in 3940ms
30 timing command:install Completed in 3944ms
31 verbose stack Error: unable to resolve dependency tree
31 verbose stack     at Arborist.[failPeerConflict] (/usr/lib/node_modules/npm/node_modules/@npmcli/arborist/lib/arborist/build-ideal-tree.js:1045:25)
31 verbose stack     at Arborist.[loadPeerSet] (/usr/lib/node_modules/npm/node_modules/@npmcli/arborist/lib/arborist/build-ideal-tree.js:1025:36)
31 verbose stack     at async Arborist.[buildDepStep] (/usr/lib/node_modules/npm/node_modules/@npmcli/arborist/lib/arborist/build-ideal-tree.js:781:11)
31 verbose stack     at async Arborist.buildIdealTree (/usr/lib/node_modules/npm/node_modules/@npmcli/arborist/lib/arborist/build-ideal-tree.js:209:7)
31 verbose stack     at async Promise.all (index 1)
31 verbose stack     at async Arborist.reify (/usr/lib/node_modules/npm/node_modules/@npmcli/arborist/lib/arborist/reify.js:122:5)
31 verbose stack     at async install (/usr/lib/node_modules/npm/lib/install.js:39:3)
32 verbose cwd /home/user/app/frontend/buckets
33 verbose Linux 5.4.0-58-generic
34 verbose argv &quot;/usr/bin/node&quot; &quot;/usr/bin/npm&quot; &quot;install&quot; &quot;react-facebook-login&quot;
35 verbose node v15.4.0
36 verbose npm  v7.0.15
37 error code ERESOLVE
38 error ERESOLVE unable to resolve dependency tree
39 error
40 error While resolving: [1mbuckets[22m@[1m0.1.0[22m
40 error Found: [1mreact[22m@[1m17.0.1[22m[2m[22m
40 error [2mnode_modules/react[22m
40 error   [1mreact[22m@&quot;[1m^17.0.1[22m&quot; from the root project
40 error
40 error Could not resolve dependency:
40 error [35mpeer[39m [1mreact[22m@&quot;[1m^16.0.0[22m&quot; from [1mreact-facebook-login[22m@[1m4.1.1[22m[2m[22m
40 error [2mnode_modules/react-facebook-login[22m
40 error   [1mreact-facebook-login[22m@&quot;[1m*[22m&quot; from the root project
40 error
40 error Fix the upstream dependency conflict, or retry
40 error this command with --force, or --legacy-peer-deps
40 error to accept an incorrect (and potentially broken) dependency resolution.
40 error
40 error See /home/user/.npm/eresolve-report.txt for a full report.
41 verbose exit 1

</code></pre>
<p>How can I overcome this without causing any future problems? Thank you for the help.</p>
","12425004","","","","","2021-07-09 09:24:31","""ERESOLVE unable to resolve dependency tree"" when installing npm react-facebook-login","<javascript><reactjs>","3","0","1","","","CC BY-SA 4.0"
"65559632","1","","","2021-01-04 08:27:03","","7","13835","<p>Seems to be impossible currently with Anaconda as well as with Xcode 12. Via idle, it runs via Rosetta. There seems to be no discussion of this so either I'm quite naive or maybe this will be useful to others as well.</p>
<p>Python says: &quot;As of 3.9.1, Python now fully supports building and running on macOS 11.0 (Big Sur) and on Apple Silicon Macs (based on the ARM64 architecture). A new universal build variant, universal2, is now available to natively support both ARM64 and Intel 64 in one set of executables&quot; <a href=""https://docs.python.org/3/whatsnew/3.9.html"" rel=""noreferrer"">https://docs.python.org/3/whatsnew/3.9.html</a></p>
<p>Please help a newbie figure out how to take advantage of his recent impulse-buy.</p>
","14936216","","","","","2021-07-11 03:07:11","How can I run Python 3.9.1 natively on M1 Mac?","<python-3.9><apple-silicon>","4","0","6","","","CC BY-SA 4.0"
"67433893","1","67446215","","2021-05-07 11:11:49","","64","20679","<p>so today I wanted to create a new Angular project using the command <code>ng new &lt;projectname&gt;</code> and I got this error:</p>
<pre><code>npm ERR! ERESOLVE unable to resolve dependency tree
npm ERR!
npm ERR! While resolving: project-name@0.0.0
npm ERR! Found: jasmine-core@3.6.0
npm ERR! node_modules/jasmine-core
npm ERR!   dev jasmine-core@&quot;~3.6.0&quot; from the root project
npm ERR!
npm ERR! Could not resolve dependency:
npm ERR! peer jasmine-core@&quot;&gt;=3.7.1&quot; from karma-jasmine-html-reporter@1.6.0
npm ERR! node_modules/karma-jasmine-html-reporter
npm ERR!   dev karma-jasmine-html-reporter@&quot;^1.5.0&quot; from the root project
npm ERR!
npm ERR! Fix the upstream dependency conflict, or retry
npm ERR! this command with --force, or --legacy-peer-deps
npm ERR! to accept an incorrect (and potentially broken) dependency resolution.
</code></pre>
<hr />
<p>I literally tried everything, I updated <code>npm</code>, installed <code>Angular cli</code> again, download and installed <code>node</code> again, <code>npm audit</code>, and a lot of other things but nothing happened.</p>
<p>Also as you can see error told me to use the command with <code>--force</code>, I tried but nothing happened, and with <code>--legacy-peer-deps</code>, I get the error as unknown option.</p>
<p>What is bothering me the most is that everything was working completely right last night and I changed nothing at all but suddenly I'm getting this error today.</p>
","13925570","","8919675","","2021-06-07 08:54:32","2021-07-15 16:26:12","unable to resolve dependency tree error for creating new angular project","<angular><web><npm>","11","1","12","","","CC BY-SA 4.0"
"66375972","1","","","2021-02-25 20:25:47","","28","11574","<p>hi it is about two days I am getting this error:</p>
<p><strong>ERROR: XMLRPC request failed [code:-32500]
RuntimeError: PyPI's XMLRPC API is currently disabled due to unmanageable load and will be deprecated in the near future. See <a href=""https://status.python.org/"" rel=""noreferrer"">https://status.python.org/</a> for more information.</strong></p>
<p>I asked from some people and searched a lot but I din't kbow what is the problem and how to fix it
I tryed <code>apt update</code> and <code>python3 pip install --upgrade pip</code> recommended by pip itself
I am in android using Termux
pip was working for some days ago...</p>
","15285836","","86643","","2021-03-07 11:36:33","2021-06-22 02:04:53","Getting error with pip search and pip install","<python-3.x><pip>","3","2","5","","","CC BY-SA 4.0"
"66734503","1","","","2021-03-21 16:00:37","","13","12735","<p>I cloned my already working React-Typescript app on Github Pages, from Github and wanted to make some changes. I ran npm install and installed all the dependencies but when I run npm start, I got this error;</p>
<p><a href=""https://i.stack.imgur.com/0CwUa.png"" rel=""noreferrer""><img src=""https://i.stack.imgur.com/0CwUa.png"" alt=""enter image description here"" /></a></p>
<p>I don't know what chokidar is and I looked a little bit and I think it's unrelated to my project. Still I tried to npm install chokidar and I got another error like this;</p>
<p><a href=""https://i.stack.imgur.com/ccGCx.png"" rel=""noreferrer""><img src=""https://i.stack.imgur.com/ccGCx.png"" alt=""enter image description here"" /></a></p>
<p>Also tried <code>npm audit fix</code> as well. Fixed some stuff but nothing changed.</p>
<p>So I can't open the development server. Additionally, this is the package.json file;</p>
<pre><code>// package.json
{
  &quot;name&quot;: &quot;panflix&quot;,
  &quot;homepage&quot;: &quot;https://absolutezero13.github.io/meerkast/&quot;,
  &quot;version&quot;: &quot;0.1.0&quot;,
  &quot;private&quot;: true,
  &quot;dependencies&quot;: {
    &quot;@testing-library/jest-dom&quot;: &quot;^5.11.4&quot;,
    &quot;@testing-library/react&quot;: &quot;^11.1.0&quot;,
    &quot;@testing-library/user-event&quot;: &quot;^12.1.10&quot;,
    &quot;@types/enzyme&quot;: &quot;^3.10.8&quot;,
    &quot;@types/jest&quot;: &quot;^26.0.15&quot;,
    &quot;@types/node&quot;: &quot;^12.0.0&quot;,
    &quot;@types/react&quot;: &quot;^17.0.0&quot;,
    &quot;@types/react-dom&quot;: &quot;^17.0.0&quot;,
    &quot;@types/redux-devtools&quot;: &quot;^3.0.47&quot;,
    &quot;axios&quot;: &quot;^0.21.1&quot;,
    &quot;enzyme&quot;: &quot;^3.11.0&quot;,
    &quot;firebase&quot;: &quot;^8.2.7&quot;,
    &quot;gh-pages&quot;: &quot;^3.1.0&quot;,
    &quot;history&quot;: &quot;^4.10.1&quot;,
    &quot;react&quot;: &quot;^17.0.1&quot;,
    &quot;react-bootstrap&quot;: &quot;^1.5.0&quot;,
    &quot;react-dom&quot;: &quot;^17.0.1&quot;,
    &quot;react-redux&quot;: &quot;^7.2.2&quot;,
    &quot;react-router-dom&quot;: &quot;^5.2.0&quot;,
    &quot;react-scripts&quot;: &quot;4.0.2&quot;,
    &quot;redux&quot;: &quot;^4.0.5&quot;,
    &quot;redux-devtools-extension&quot;: &quot;^2.13.8&quot;,
    &quot;redux-thunk&quot;: &quot;^2.3.0&quot;,
    &quot;typescript&quot;: &quot;^4.1.2&quot;,
    &quot;web-vitals&quot;: &quot;^1.0.1&quot;
  },
  &quot;scripts&quot;: {
    &quot;predeploy&quot;: &quot;npm run build&quot;,
    &quot;deploy&quot;: &quot;gh-pages -d build&quot;,
    &quot;start&quot;: &quot;react-scripts start&quot;,
    &quot;build&quot;: &quot;react-scripts build&quot;,
    &quot;test&quot;: &quot;react-scripts test&quot;,
    &quot;eject&quot;: &quot;react-scripts eject&quot;
  },
  &quot;eslintConfig&quot;: {
    &quot;extends&quot;: [
      &quot;react-app&quot;,
      &quot;react-app/jest&quot;
    ]
  },
  &quot;browserslist&quot;: {
    &quot;production&quot;: [
      &quot;&gt;0.2%&quot;,
      &quot;not dead&quot;,
      &quot;not op_mini all&quot;
    ],
    &quot;development&quot;: [
      &quot;last 1 chrome version&quot;,
      &quot;last 1 firefox version&quot;,
      &quot;last 1 safari version&quot;
    ]
  },
  &quot;devDependencies&quot;: {
    &quot;@types/react-redux&quot;: &quot;^7.1.16&quot;,
    &quot;@types/react-router-dom&quot;: &quot;^5.1.7&quot;
  }
}


</code></pre>
<p>I tried <code>npm install -g chokidar</code> and it is installed. But I'm getting the same error as before &quot;no version chokidar is available.&quot;</p>
<p>Other react projects are working fine.</p>
","14900449","","14900449","","2021-03-21 16:30:36","2021-07-13 07:59:20","React npm start not working : 'No version of chokidar available'","<reactjs><typescript><npm><chokidar>","6","1","3","","","CC BY-SA 4.0"
"65546614","1","65557730","","2021-01-03 04:22:35","","5","11612","<p>I have followed the instructions for getting started with codenameone in IntelliJ, yet when I set up my first project, based on the sample app I get this error:</p>
<pre><code>&quot;C:\Program Files\Java\jdk-15.0.1\bin\java.exe&quot; -Xms128m -Xmx1014m -XX:ReservedCodeCacheSize=512m -XX:+UseConcMarkSweepGC -XX:SoftRefLRUPolicyMSPerMB=50 -XX:CICompilerCount=2 -XX:+HeapDumpOnOutOfMemoryError -XX:-OmitStackTraceInFastThrow -ea -Dsun.io.useCanonCaches=false -Djdk.http.auth.tunneling.disabledSchemes=\&quot;\&quot; -Djdk.attach.allowAttachSelf=true -Djdk.module.illegalAccess.silent=true -Dkotlinx.coroutines.debug=off &quot;-javaagent:C:\Program Files\JetBrains\IntelliJ IDEA 2020.3.1\lib\idea_rt.jar=61544:C:\Program Files\JetBrains\IntelliJ IDEA 2020.3.1\bin&quot; -Dfile.encoding=UTF-8 -classpath &quot;C:\Users\reinp\OneDrive - beuthhs\beuth\Patterns und Frameworks\justtrivia\out\production\justtrivia;C:\Users\reinp\OneDrive - beuthhs\beuth\Patterns und Frameworks\justtrivia\src;C:\Users\reinp\OneDrive - beuthhs\beuth\Patterns und Frameworks\justtrivia\lib\CodenameOne.jar;C:\Users\reinp\OneDrive - beuthhs\beuth\Patterns und Frameworks\justtrivia\JavaSE.jar;native\internal_tmp;lib\impl\cls&quot; com.codename1.impl.javase.Simulator com.patrickreinbold.justtrivia.JustTrivia
Unrecognized VM option 'UseConcMarkSweepGC'
Error: Could not create the Java Virtual Machine.
Error: A fatal exception has occurred. Program will exit.

Process finished with exit code 1
</code></pre>
<p>I saw that this has to do with Java 8 but in the IntelliJ instructions it says nothing about using Java 8. Is Java 8 always necessary or can codenameone run with Java 15, too?</p>
<p>EDIT:
I have now got it to open by simply copying the first line with the java command and removing the UseConcMarkSweepGC flag, then running it in terminal. But I am still not sure if that is &quot;the correct way&quot; to do it or if something could break along the way now.</p>
","6690583","","","","","2021-02-01 08:36:28","Unrecognized VM option 'UseConcMarkSweepGC' when running sample project","<java><intellij-idea><codenameone>","2","1","","","","CC BY-SA 4.0"
"67440510","1","","","2021-05-07 19:12:35","","1","10128","<pre class=""lang-py prettyprint-override""><code>import cv2 #for image processing
import easygui #to open the filebox
import numpy as np #to store image
import imageio #to read image stored at particular path

import sys
import matplotlib.pyplot as plt
import os
import tkinter as tk
from tkinter import filedialog
from tkinter import *
from PIL import ImageTk, Image



top=tk.Tk()
top.geometry('400x400')
top.title('Cartoonify Your Image !')
top.configure(background='white')
label=Label(top,background='#CDCDCD', font=('calibri',20,'bold'))

def upload():
    ImagePath=easygui.fileopenbox()
    cartoonify(ImagePath)


def cartoonify(ImagePath):
    
    # read the image
    originalmage = cv2.imread(ImagePath)
    
    originalmage = cv2.cvtColor(originalmage, cv2.COLOR_BGR2RGB)
    #print(image)  # image is stored in form of numbers
</code></pre>
<pre><code>cv2.error: OpenCV(4.5.2) C:\Users\runneradmin\AppData\Local\Temp\pip-req-build-vi271kac\opencv\modules\imgproc\src\color.cpp:182: error: (-215:Assertion failed) !_src.empty() in function 'cv::cvtColor'
</code></pre>
","15866017","","11106801","","2021-05-07 19:15:19","2021-07-11 00:05:35","cv2.error: OpenCV(4.5.2) .error: (-215:Assertion failed) !_src.empty() in function 'cv::cvtColor'","<python><tkinter><opencv-python>","2","2","","","","CC BY-SA 4.0"
"66734015","1","66734486","","2021-03-21 15:13:57","","7","15761","<p>Getting this when trying to initialize data.</p>
<blockquote>
<p>The following LateError was thrown building UserProfile(dirty, state: _UserProfileState#752a9):
LateInitializationError: Field '_userData@32329253' has not been initialized.&quot;</p>
</blockquote>
<p>Here's the code:</p>
<pre><code>    late final User _user;
    late final DocumentSnapshot _userData;
    
      @override
      void initState() {  
        super.initState();
        _initUser();
      }
    
      void _initUser() async {
        _user = FirebaseAuth.instance.currentUser!;
        try {
          _userData = await FirebaseFirestore.instance
              .collection('users')
              .doc(_user.uid)
              .get();
        } catch (e) {
          print(&quot;something went wrong&quot;);
        }
      }
</code></pre>
<p>The build function is not even running as i tried to print _user and _userData to check if they have been initialized.<br>
If i try to print _user and _userData in initUser() function, _user gets printed and _userData gets printed after the error statements. <br>
Please help me find a way out through this error.</p>
","14416421","","7015400","","2021-03-21 17:40:18","2021-06-11 07:29:48","LateInitializationError: Field '_userData@32329253' has not been initialized","<firebase><flutter><dart><google-cloud-firestore>","3","5","","","","CC BY-SA 4.0"
"66190532","1","66197527","","2021-02-13 22:22:31","","58","27372","<p>I am using mongoose and mocha for MongoDB schema design and API development
I am getting this warning...
what does this mean, how it will affect me and what is the fix??</p>
<p>Below the actual warning text:</p>
<blockquote>
<p>(node:9872) DeprecationWarning: Listening to events on the Db class has been deprecated and will be removed in the next major version.</p>
</blockquote>
","13537357","","7229801","","2021-03-12 00:16:10","2021-06-13 15:09:34","DeprecationWarning: Listening to events on the Db class has been deprecated and will be removed in the next major version","<node.js><mongodb><mongoose><deprecation-warning>","6","1","8","","","CC BY-SA 4.0"
"65534042","1","68228696","","2021-01-01 21:57:43","","12","34106","<h3>Background</h3>
<p>I've just got a new M1 mac mini dev machine, and migrated from my old x86 mac using apple's migration assistant.</p>
<p>Doing that also copied over all my conda environments to the new machine (they were all in my home directory)</p>
<p>I installed the latest version of anaconda and anaconda plus all my python code and environments seem to work fine (this includes a bunch of wheel modules, notably numpy/scipy).</p>
<p><em>I did a bunch of googling for my questions below, but couldn't find any good answers anywhere - so I thought I'd ask SO as this seems like a quite common situation others will run into</em></p>
<h2>Questions</h2>
<ul>
<li>Does anyone know the status of M1 native versions of python/numpy/scipy etc provided by conda forge?</li>
<li>I presume that all the binaries in my environments for python/numpy etc all still the old x86 versions, as they were all in environments in my home directory, and running via emulation.  So, how do you go about changing/updating those to a M1 arm native
version if/when available?</li>
</ul>
","9423009","","","","","2021-07-02 16:37:08","Anaconda and upgrading to new M1 Mac","<python-3.x><macos><anaconda><conda>","3","2","5","","","CC BY-SA 4.0"
"65541786","1","65541787","","2021-01-02 17:06:00","","54","10956","<p>I was trying to build my setup scripts with Inno Setup these past two days (1 &amp; 2 Jan 2021) and the digital signing was failing. So I contacted Verisign via email and await their response.</p>
","2287576","","850848","","2021-01-02 17:50:36","2021-01-06 18:51:10","Is the Verisign Timestamp server down?","<inno-setup><code-signing><verisign>","2","0","9","2021-01-10 06:48:31","","CC BY-SA 4.0"
"65547199","1","65555991","","2021-01-03 06:22:52","","25","14499","<p>I want to use Bootstrap 5 with Vue 3. As Bootstrap 5 uses vanilla JS (no JQuery), can I use Bootstrap 5 directly in a Vue 3 project (without using Bootstrap-Vue)? Can someone guide me how to use Bootstrap 5 with Vue 3?</p>
","11232893","","","","","2021-06-20 22:12:57","Using Bootstrap 5 with Vue 3","<vuejs3><bootstrap-5>","3","2","6","","","CC BY-SA 4.0"
"66366582","1","67390274","","2021-02-25 10:15:20","","22","12667","<p>I've got quite interesting problem.
I tried to send some projects via bash to repo and recently there was a problem with sending it.</p>
<blockquote>
<p><code>Enumerating objects: 27, done. Counting objects: 100% (27/27), done. Delta compression using up to 16 threads Compressing objects: 100% (24/24), done. Writing objects: 100% (25/25), 187.79 KiB | 9.39 MiB/s, done. Total 25 (delta 1), reused 0 (delta 0), pack-reused 0 send-pack: unexpected disconnect while reading sideband packet fatal: the remote end hung up unexpectedly</code></p>
</blockquote>
<p>The funny part is that 10 min earlier I can send it without any problems.</p>
<p>I tried with getting new repo, creating new file, reinstalling git, <code>git config --global http.postBuffer 524288000</code> with bigger numbers as well, also https.postBuffer and so on. Also install desktop version the same issue come in.</p>
<p>I've got problems mostly with React apps.</p>
<p>Anyone know the solution ? What could go wrong ?</p>
","11839478","","","","","2021-06-23 05:01:30","Github - unexpected disconnect while reading sideband packet","<javascript><reactjs><github>","7","4","4","","","CC BY-SA 4.0"
"66844316","1","66847191","","2021-03-28 17:40:29","","20","10230","<p>I'm aware of the recent mimemagic issues, which I managed to resolve on one of my Rails projects by bundle updating to 0.3.7 - but for some reason, I can't resolve it on the project below.</p>
<p>I have a Rails 6 project which I'm setting up <strong>for the first time</strong> on a new laptop.  My laptop doesn't have the correct Ruby setup, so I've added a Dockerfile to my project like so:-</p>
<p>Dockerfile</p>
<pre><code>FROM ruby:2.7
RUN apt-get update -qq &amp;&amp; apt-get install -y nodejs postgresql-client
WORKDIR /radius
COPY Gemfile /myapp/Gemfile
COPY Gemfile.lock /myapp/Gemfile.lock
RUN bundle update mimemagic
RUN bundle install
COPY . /myapp


COPY entrypoint.sh /usr/bin/
RUN chmod +x /usr/bin/entrypoint.sh
ENTRYPOINT [&quot;entrypoint.sh&quot;]
EXPOSE 3000


CMD [&quot;rails&quot;, &quot;server&quot;, &quot;-b&quot;, &quot;0.0.0.0&quot;]
</code></pre>
<p>Gemfile</p>
<pre><code># frozen_string_literal: true

source 'https://rubygems.org'
git_source(:github) { |repo| &quot;https://github.com/#{repo}.git&quot; }

ruby '2.7.2'
gem 'airbrake'

# Bundle edge Rails instead: gem 'rails', github: 'rails/rails'
gem 'dotenv-rails'
gem 'rails', '~&gt; 6.0.3.6'
# Use postgresql as the database for Active Record
gem 'pg', '&gt;= 0.18', '&lt; 2.0'
# Use Puma as the app server
gem 'puma', '~&gt; 3.11'
# Use SCSS for stylesheets
gem 'sass-rails', '~&gt; 5'
gem 'shortener'

# Use Honeybadger for error reporting/monitoring
gem 'honeybadger', '~&gt; 4.0'
# Transpile app-like JavaScript. Read more: https://github.com/rails/webpacker
gem 'webpacker', '~&gt; 4.0'
# Turbolinks makes navigating your web application faster. Read more: https://github.com/turbolinks/turbolinks
gem 'turbolinks', '~&gt; 5'
# Build JSON APIs with ease. Read more: https://github.com/rails/jbuilder
gem 'jbuilder', '~&gt; 2.5'
# Use Redis adapter to run Action Cable in production
# gem 'redis', '~&gt; 4.0'
# Use Active Model has_secure_password
# gem 'bcrypt', '~&gt; 3.1.7'
gem 'newrelic_rpm'

# Use Active Storage variant
# gem 'image_processing', '~&gt; 1.2'

# Reduces boot times through caching; required in config/boot.rb
gem 'bootsnap', '&gt;= 1.4.2', require: false

group :development, :test do
  gem 'awesome_print'
  gem 'byebug', platforms: %i[mri mingw x64_mingw]
  gem 'pry-byebug'
  # Version specified as workaround for this issue https://github.com/rails/rails/issues/35417
  gem 'rspec-rails', '~&gt; 4.0.0.beta2'
end

group :development do
  gem 'factory_bot_rails', '~&gt; 4.0'
  gem 'fasterer'
  gem 'haml_lint', require: false
  gem 'listen', '&gt;= 3.0.5', '&lt; 3.2'
  gem 'rails_best_practices'
  gem 'reek'
  gem 'rubocop'
  gem 'scss_lint', require: false
  gem 'spring'
  gem 'spring-watcher-listen', '~&gt; 2.0.0'
  gem 'web-console', '&gt;= 3.3.0'
end

group :test do
  # Adds support for Capybara system testing and selenium driver
  gem 'capybara', '&gt;= 2.15'
  gem 'rspec_junit_formatter'
  gem 'selenium-webdriver'
  # Easy installation and use of web drivers to run system tests with browsers
  gem 'webdrivers'
  gem 'webmock'
end

# Windows does not include zoneinfo files, so bundle the tzinfo-data gem
gem 'tzinfo-data', platforms: %i[mingw mswin x64_mingw jruby]

gem 'administrate', '0.12.0'
gem 'bootstrap', '~&gt; 4.3', '&gt;= 4.3.1'
gem 'devise', '~&gt; 4.6', '&gt;= 4.6.1'
gem 'devise-bootstrapped',  github: 'excid3/devise-bootstrapped',
                            branch: 'bootstrap4'
gem 'devise_masquerade', '~&gt; 0.6.2'
gem 'font-awesome-sass', '~&gt; 5.6', '&gt;= 5.6.1'
gem 'friendly_id', '~&gt; 5.2', '&gt;= 5.2.5'
gem 'gibbon'
gem 'gmaps4rails'
gem 'gravatar_image_tag', github: 'mdeering/gravatar_image_tag'
gem 'httparty'
gem 'mini_magick', '~&gt; 4.9', '&gt;= 4.9.2'
gem 'name_of_person', '~&gt; 1.1'
gem 'omniauth-facebook', '~&gt; 5.0'
gem 'omniauth-github', '~&gt; 1.3'
gem 'omniauth-twitter', '~&gt; 1.4'
gem 'pundit', '~&gt; 1.1.0'
gem 'sidekiq', '~&gt; 5.2', '&gt;= 5.2.5'
gem 'sitemap_generator', '~&gt; 6.0', '&gt;= 6.0.1'
gem 'underscore-rails'
gem 'whenever', require: false

</code></pre>
<p>I then try:-</p>
<pre><code>docker-compose build
docker-compose up
</code></pre>
<p>Along with every combination of the following:-</p>
<ul>
<li>Using <code>bundle update mimemagic</code> in my dockerfile</li>
<li>Adding the gem specifically to my Gemfile with <code>gem 'mimemagic', '~&gt; 0.3.7'</code></li>
<li>Manually changing my Gemfile.lock mimemagic version from <code>0.3.5</code> to <code>0.3.7</code></li>
<li>Adding <code>RUN apt-get install shared-mime-info</code> to my Dockefile</li>
</ul>
<p>and I simply get one of the below:-</p>
<pre><code>Could not find mimemagic-0.3.x in any of the sources
</code></pre>
<pre><code>web_1  | Bundler::GemNotFound: You have requested:
web_1  |   mimemagic ~&gt; 0.3.7
web_1  | 
web_1  | The bundle currently has mimemagic locked at 0.3.5.
web_1  | Try running `bundle update mimemagic`

</code></pre>
<p>I've also tried bumping rails to <code>6.0.3.6</code> and running the docker build again, which gives me activesupport issues:-</p>
<pre><code>web_1  | Bundler::VersionConflict: Bundler could not find compatible versions for gem &quot;activesupport&quot;:
web_1  |   In snapshot (Gemfile.lock):
web_1  |     activesupport (= 6.0.3.5)
web_1  | 
web_1  |   In Gemfile:
web_1  |     rails (~&gt; 6.0.3.6) was resolved to 6.0.3.6, which depends on
web_1  |       activesupport (= 6.0.3.6)
web_1  | 
web_1  |     dotenv-rails was resolved to 2.7.6, which depends on
web_1  |       railties (&gt;= 3.2) was resolved to 6.0.3.5, which depends on
web_1  |         activesupport (= 6.0.3.5)
web_1  | 
web_1  | Running `bundle update` will rebuild your snapshot from scratch, using only
web_1  | the gems in your Gemfile, which may resolve the conflict.

</code></pre>
<p>What exactly do I need to do to get this gem to install?</p>
","6013582","","6013582","","2021-03-28 18:57:06","2021-06-10 00:24:10","Bundler::GemNotFound: Could not find mimemagic-0.3.5 in any of the sources on Rails project with Docker","<ruby-on-rails><ruby><docker>","4","14","5","","","CC BY-SA 4.0"
"67496084","1","67496379","","2021-05-12 01:02:07","","50","11779","<p>I have just started a new project and am trying to connect to Firebase.</p>
<p>As soon as I try to build my project I got the error:</p>
<blockquote>
<p>Could not parse the Android application Module's Gradle Config</p>
</blockquote>
<p>So I looked in my build which told me that jCenter() was deprecated and that I should remove it. When I removed it, everything worked fine. However, when I tried to connect to Firebase I got the error:</p>
<blockquote>
<p>AbstractDynamicObject$CustomMessageMissingMethodException.</p>
</blockquote>
<p><strong>What may be causing this?</strong></p>
<p>Full stack trace:</p>
<pre><code>    Caused by: java.lang.RuntimeException: com.android.build.gradle.internal.crash.ExternalApiUsageException: org.gradle.internal.metaobject.AbstractDynamicObject$CustomMessageMissingMethodException: Could not find method setVariantDir() for arguments [debug] on task ':app:processDebugGoogleServices' of type com.google.gms.googleservices.GoogleServicesTask.
    at com.android.builder.profile.ThreadRecorder.record(ThreadRecorder.java:71)
    at com.android.builder.profile.ThreadRecorder.record(ThreadRecorder.java:54)
    at com.android.build.gradle.internal.profile.AnalyticsResourceManager.recordBlockAtConfiguration(AnalyticsResourceManager.kt:206)
    at com.android.build.gradle.internal.profile.AnalyticsConfiguratorService.recordBlock(AnalyticsConfiguratorService.kt:85)
    at com.android.build.gradle.internal.plugins.BasePlugin.lambda$createTasks$9(BasePlugin.java:582)
    at com.android.build.gradle.internal.crash.CrashReporting$afterEvaluate$1.execute(crash_reporting.kt:37)
    at com.android.build.gradle.internal.crash.CrashReporting$afterEvaluate$1.execute(crash_reporting.kt)
</code></pre>
","11521157","","1981088","","2021-05-28 14:55:29","2021-05-28 14:55:29","Why am I getting AbstractDynamicObject$CustomMessageMissingMethodException error?","<android><firebase><gradle>","6","1","3","","","CC BY-SA 4.0"
"66473263","1","66473447","","2021-03-04 10:33:45","","40","22871","<p>I am trying to make an HTTP POST request with the flutter plugin HTTP but I am getting an error of the title.
Does anyone know the cause of this since in my other applications this works just perfectly fine?</p>
<pre><code>await http.post(Uri.encodeFull(&quot;https://api.instagram.com/oauth/access_token&quot;), body: {
      &quot;client_id&quot;: clientID,
      &quot;redirect_uri&quot;: redirectUri,
      &quot;client_secret&quot;: appSecret,
      &quot;code&quot;: authorizationCode,
      &quot;grant_type&quot;: &quot;authorization_code&quot;
    });
</code></pre>
","11764989","","","","","2021-06-11 09:44:11","The argument type 'String' can't be assigned to the parameter type 'Uri'","<flutter><dart>","2","0","6","","","CC BY-SA 4.0"
"67552020","1","","","2021-05-15 23:26:22","","40","11069","<p>I am trying to create a <strong>react-typescript</strong> app along with <strong>leaflet</strong>. I used the command,</p>
<p><code>npm install leaflet react-leaflet @types/react @types/leaflet --save</code> to install the dependencies.</p>
<p>But when I start the application it says,</p>
<pre><code>    ./node_modules/@react-leaflet/core/esm/path.js 10:41
Module parse failed: Unexpected token (10:41)
File was processed with these loaders:
 * ./node_modules/babel-loader/lib/index.js
You may need an additional loader to handle the result of these loaders.
|   useEffect(function updatePathOptions() {
|     if (props.pathOptions !== optionsRef.current) {
&gt;       const options = props.pathOptions ?? {};
|       element.instance.setStyle(options);
|       optionsRef.current = options;
</code></pre>
<p>Here's my package.json</p>
<pre><code>{
  &quot;name&quot;: &quot;aq-monitor&quot;,
  &quot;version&quot;: &quot;0.1.0&quot;,
  &quot;private&quot;: true,
  &quot;dependencies&quot;: {
    &quot;@testing-library/jest-dom&quot;: &quot;^5.12.0&quot;,
    &quot;@testing-library/react&quot;: &quot;^11.2.7&quot;,
    &quot;@testing-library/user-event&quot;: &quot;^12.8.3&quot;,
    &quot;@types/jest&quot;: &quot;^26.0.23&quot;,
    &quot;@types/leaflet&quot;: &quot;^1.7.0&quot;,
    &quot;@types/node&quot;: &quot;^12.20.13&quot;,
    &quot;@types/react&quot;: &quot;^17.0.5&quot;,
    &quot;@types/react-dom&quot;: &quot;^17.0.5&quot;,
    &quot;antd&quot;: &quot;^4.15.5&quot;,
    &quot;leaflet&quot;: &quot;^1.7.1&quot;,
    &quot;react&quot;: &quot;^17.0.2&quot;,
    &quot;react-dom&quot;: &quot;^17.0.2&quot;,
    &quot;react-leaflet&quot;: &quot;^3.2.0&quot;,
    &quot;react-router-dom&quot;: &quot;^5.2.0&quot;,
    &quot;react-scripts&quot;: &quot;4.0.3&quot;,
    &quot;typescript&quot;: &quot;^4.2.4&quot;,
    &quot;web-vitals&quot;: &quot;^1.1.2&quot;
  },
  &quot;scripts&quot;: {
    &quot;start&quot;: &quot;react-scripts start&quot;,
    &quot;build&quot;: &quot;react-scripts build&quot;,
    &quot;test&quot;: &quot;react-scripts test&quot;,
    &quot;eject&quot;: &quot;react-scripts eject&quot;
  },
  &quot;eslintConfig&quot;: {
    &quot;extends&quot;: [
      &quot;react-app&quot;,
      &quot;react-app/jest&quot;
    ]
  },
  &quot;browserslist&quot;: {
    &quot;production&quot;: [
      &quot;&gt;0.2%&quot;,
      &quot;not dead&quot;,
      &quot;not op_mini all&quot;
    ],
    &quot;development&quot;: [
      &quot;last 1 chrome version&quot;,
      &quot;last 1 firefox version&quot;,
      &quot;last 1 safari version&quot;
    ]
  },
  &quot;devDependencies&quot;: {
    &quot;@types/react-router-dom&quot;: &quot;^5.1.7&quot;
  }
}
</code></pre>
<p>Here's map/index.tsx</p>
<pre><code>import React from 'react';
import './styles.css';
import L, { LatLngExpression } from &quot;leaflet&quot;;
import &quot;leaflet/dist/leaflet.css&quot;;
import {MapContainer, TileLayer, Marker, Popup} from 'react-leaflet';

const position : LatLngExpression = [59.91174337077401, 10.750425582038146];

export default function MapJar() {
    return (
        &lt;MapContainer center={position} zoom={13} scrollWheelZoom={false}&gt;
            &lt;TileLayer
                attribution='&amp;copy; &lt;a href=&quot;http://osm.org/copyright&quot;&gt;OpenStreetMap&lt;/a&gt; contributors'
                url=&quot;https://{s}.tile.openstreetmap.org/{z}/{x}/{y}.png&quot;
            /&gt;
            &lt;Marker position={position}&gt;
                &lt;Popup&gt;
                    A pretty CSS3 popup. &lt;br /&gt; Easily customizable.
                &lt;/Popup&gt;
            &lt;/Marker&gt;
        &lt;/MapContainer&gt;
    );
}; 
</code></pre>
<p>I tried re-installing dependencies several times but still didn't work.</p>
<p>I understand this is a simple issue and an error that I am making but however, I have not been able to resolve this error.</p>
<p>Any input is appreciated. Thanks in advance.</p>
","15937882","","15937882","","2021-05-15 23:35:37","2021-06-26 08:29:52","How to fix error ""Failed to compile : ./node_modules/@react-leaflet/core/esm/path.js 10:41 Module parse failed: Unexpected token (10:41)""","<javascript><reactjs><typescript><leaflet><react-leaflet>","12","2","9","","","CC BY-SA 4.0"
"66740187","1","66741006","","2021-03-22 04:02:59","","8","13412","<p>I'm new to Go so bear with me here. I've installed the latest version of Go on my local machine, downloaded the source code from <a href=""https://github.com/rrrkren/topshot-sales"" rel=""noreferrer"">https://github.com/rrrkren/topshot-sales</a> and placed the project code in my GOPATH. When I run it <code>go run go/main.go</code> in my command prompt, I get these errors</p>
<pre><code>go\main.go:8:2: no required module provides package github.com/onflow/flow-go-sdk/client: go.mod file not found in current directory or any parent directory; see 'go help modules'
go\main.go:6:2: no required module provides package github.com/rrrkren/topshot-sales/topshot: go.mod file not found in current directory or any parent directory; see 'go help modules'
go\main.go:9:2: no required module provides package google.golang.org/grpc: go.mod file not found in current directory or any parent directory; see 'go help modules'
</code></pre>
<p>even though the go.mod file is located in the current directory. I would like to be able to download this project and keep it on my local machine so I can edit the source code whenever I want. Any help is appreciated.</p>
","13725451","","","","","2021-04-26 18:51:13","Errors running first Go project on local machine","<go><github>","3","2","1","","","CC BY-SA 4.0"
"67988828","1","67999951","","2021-06-15 15:03:48","","81","13059","<p>Suppose we want to compute some Fibonacci numbers, modulo 997.</p>
<p>For <code>n=500</code> in C++ we can run</p>
<pre class=""lang-cpp prettyprint-override""><code>#include &lt;iostream&gt;
#include &lt;array&gt;

std::array&lt;int, 2&gt; fib(unsigned n) {
    if (!n)
        return {1, 1};
    auto x = fib(n - 1);
    return {(x[0] + x[1]) % 997, (x[0] + 2 * x[1]) % 997};
}

int main() {
    std::cout &lt;&lt; fib(500)[0];
}
</code></pre>
<p>and in Python</p>
<pre class=""lang-py prettyprint-override""><code>def fib(n):
    if n==1:
        return (1, 2)
    x=fib(n-1)
    return ((x[0]+x[1]) % 997, (x[0]+2*x[1]) % 997)

if __name__=='__main__':
    print(fib(500)[0])
</code></pre>
<p>Both will find the answer 996 without issues. We are taking modulos to keep the output size reasonable and using pairs to avoid exponential branching.</p>
<p>For <code>n=5000</code>, the C++ code outputs 783, but Python will complain</p>
<pre class=""lang-none prettyprint-override""><code>RecursionError: maximum recursion depth exceeded in comparison
</code></pre>
<p>If we add a couple of lines</p>
<pre class=""lang-py prettyprint-override""><code>import sys

def fib(n):
    if n==1:
        return (1, 2)
    x=fib(n-1)
    return ((x[0]+x[1]) % 997, (x[0]+2*x[1]) % 997)

if __name__=='__main__':
    sys.setrecursionlimit(5000)
    print(fib(5000)[0])
</code></pre>
<p>then Python too will give the right answer.</p>
<p>For <code>n=50000</code> C++ finds the answer 151 within milliseconds while Python crashes (at least on my machine).</p>
<p>Why are recursive calls so much cheaper in C++? Can we somehow modify the Python compiler to make it more receptive to recursion?</p>
<p>Of course, one solution is to replace recursion with iteration. For Fibonacci numbers, this is easy to do. However, this will swap the initial and the terminal conditions, and the latter is tricky for many problems (e.g. alphabeta pruning). So generally, this will require a lot of hard work on the part of the programmer.</p>
","16028113","","3204551","","2021-06-17 21:13:57","2021-07-16 04:23:00","Why is Python recursion so expensive and what can we do about it?","<python><c++><recursion><stack-overflow>","7","27","20","","","CC BY-SA 4.0"
"66759852","1","","","2021-03-23 08:48:15","","6","10282","<p>I can't import pyLDAvis.</p>
<p>It is installed but for some reason, I can not import it.</p>
<p>I tried</p>
<pre><code>conda update anaconda

pip install --upgrade pip

pip install --upgrade jupyter notebook

pip install pyLDAvis
</code></pre>
<p>Installing pyLDAvis returns the message 'requirement already satisfied'. So I tried uninstalling and reinstalled the package but still doesn't work. This never happened with any other packages.</p>
<p>How can I solve this problem?</p>
","12073062","","","","","2021-07-15 18:51:19","No module named pyLDAvis","<python><import><gensim><pyldavis>","3","1","","","","CC BY-SA 4.0"
"67863355","1","","","2021-06-06 20:17:35","","45","11135","<p>After updating iPhone iOS version to 14.6+, Xcode 12.4 can no longer build to that iPhone device.</p>
<p>In Xcode when choosing a Build Destination (Product &gt; Destination &gt; [device] or from the UI dropdown shown below) the newly updated iPhone will have beside it <strong><code>(unsupported OS version)</code></strong>:</p>
<blockquote>
<p><a href=""https://i.stack.imgur.com/4ZXMj.png"" rel=""noreferrer""><img src=""https://i.stack.imgur.com/4ZXMj.png"" alt=""xcode build destinations dropdown"" /></a></p>
</blockquote>
<h3>iPhone listed with &quot;(unsupported OS version)&quot;.</h3>
<blockquote>
<p><a href=""https://i.stack.imgur.com/OB2hs.jpg"" rel=""noreferrer""><img src=""https://i.stack.imgur.com/OB2hs.jpg"" alt=""unsupported OS version"" /></a></p>
</blockquote>
<h3>Can't Upgrade to Big Sur / Xcode 12.5</h3>
<p>I'm stuck on Mac OS Catalina (old hardware) and <strong>cannot upgrade to Xcode 12.5 which requires Big Sur</strong>.</p>
<p>How can we add/update device support to Xcode to build to an unsupported iPhone version (iOS 14.6+)?</p>
","2301224","","","","","2021-07-16 20:26:08","Xcode 12.4 Unsupported OS version after iPhone iOS update 14.6","<ios><xcode>","3","0","6","","","CC BY-SA 4.0"
"66082397","1","66087132","","2021-02-06 21:58:06","","182","125697","<p>I am facing a weird error when I installed <a href=""https://en.wikipedia.org/wiki/Bootstrap_%28front-end_framework%29"" rel=""noreferrer"">Bootstrap</a>. The error is below. I tried uninstalling less-loader and installing less-loader@5.0.0, because I saw it online, but it did nothing. I am unsure what to do at this step.</p>
<blockquote>
<p>Syntax Error: TypeError: this.getOptions is not a function</p>
</blockquote>
<pre><code> @ ./node_modules/vue-style-loader??ref--8-oneOf-1-0!./node_modules/css-loader/dist/cjs.js??ref--8-oneOf-1-1!./node_modules/vue-loader-v16/dist/stylePostLoader.js!./node_modules/postcss-loader/src??ref--8-oneOf-1-2!./node_modules/sass-loader/dist/cjs.js??ref--8-oneOf-1-3!./node_modules/cache-loader/dist/cjs.js??ref--0-0!./node_modules/vue-loader-v16/dist??ref--0-1!./src/App.vue?vue&amp;type=style&amp;index=0&amp;id=7ba5bd90&amp;lang=scss 4:14-419 14:3-18:5 15:22-427
 @ ./src/App.vue?vue&amp;type=style&amp;index=0&amp;id=7ba5bd90&amp;lang=scss
 @ ./src/App.vue
 @ ./src/main.js
 @ multi (webpack)-dev-server/client?http://192.168.1.182:8080&amp;sockPath=/sockjs-node (webpack)/hot/dev-server.js ./src/main.js
</code></pre>
","14337399","","63550","","2021-05-07 20:18:41","2021-07-10 10:11:11","TypeError: this.getOptions is not a function","<vue.js><webpack><sass-loader>","8","1","18","","","CC BY-SA 4.0"
"66525078","1","66538899","","2021-03-08 06:12:38","","44","12232","<p><img src=""https://i.stack.imgur.com/NKjUy.png"" alt=""enter image description here"" /></p>
<p>As the image shown, BodyParser now is deprecated, how to correct the bodyParser syntax or statement to remove the line-through?</p>
","12870601","","815724","","2021-04-22 08:03:07","2021-07-11 08:08:15","BodyParser is deprecated","<node.js><express><body-parser>","3","4","7","","","CC BY-SA 4.0"
"67501093","1","","","2021-05-12 09:42:06","","8","15910","<p>I tried crawling a specific site using selenium and webdriver_manager.chrome, and my code crawled elements of that site totally. But after crawling, the following error message appears in the console window.</p>
<p><code>ERROR:gpu_init.cc(426) Passthrough is not supported, GL is disabled</code></p>
<p>When I first found it, I unchecked Hardware hardware accleration of chrome also it didn't solve the problem.</p>
","15519827","","","","","2021-07-17 04:05:02","Passthrough is not supported, GL is disabled","<python><selenium><selenium-webdriver><selenium-chromedriver>","2","5","3","","","CC BY-SA 4.0"
"66477445","1","66478284","","2021-03-04 14:49:51","","35","10517","<p>This problem occurs when trying the following command:</p>
<p><code>flutter pub run build_runner build --delete-conflicting-outputs</code></p>
<p>The error message:</p>
<pre><code>[SEVERE] json_serializable:json_serializable on lib/models/shipping_address/shipping_address.dart:

Generator cannot target libraries that have not been migrated to null-safety.
package:deals_and_delivery/models/shipping_address/shipping_address.dart:6:7
  
6  class ShippingAddress {
         ^^^^^^^^^^^^^^^
  
[INFO] Running build completed, took 3.6s

[INFO] Caching finalized dependency graph...
[INFO] Caching finalized dependency graph completed, took 49ms

[SEVERE] Failed after 3.7s
pub finished with exit code 1
</code></pre>
<p>pubspec.yaml:</p>
<pre><code>dependencies:
  json_annotation: ^4.0.0
  flutter:
    sdk: flutter
...
dev_dependencies:
  build_runner: ^1.11.5
  json_serializable: ^4.0.2
  flutter_test:
    sdk: flutter
</code></pre>
<p>These are the current flutter and dart versions:</p>
<pre><code>[] Flutter (Channel stable, 2.0.0, on Microsoft Windows [Version
&gt; 10.0.19042.844], locale en-US)
&gt;      Flutter version 2.0.0 at C:\flutter
&gt;      Framework revision 60bd88df91 (22 hours ago), 2021-03-03 09:13:17 -0800
&gt;      Engine revision 40441def69
&gt;      Dart version 2.12.0
</code></pre>
<p>I am stuck at this point, how to solve this problem.</p>
","11776119","","11776119","","2021-03-04 15:42:21","2021-05-16 16:12:42","Generator cannot target libraries that have not been migrated to null-safety","<flutter><dart><dart-null-safety>","6","0","3","","","CC BY-SA 4.0"
"66476379","1","","","2021-03-04 13:47:47","","8","14025","<p>Because every version of <code>flutter_localizations</code> from SDK depends on <code>intl 0.17.0</code> and fstore depends on <code>intl ^0.16.1</code>, flutter_localizations from SDK is forbidden.</p>
<p>So, because fstore depends on flutter_localizations any from SDK, version solving failed.
pub get failed (1; So, because fstore depends on flutter_localizations any from sdk, version solving failed.)</p>
","13396085","","10563627","","2021-04-13 07:16:42","2021-04-13 07:16:42","flutter_localizations from sdk depends on intl 0.17.0 and fstore depends on intl ^0.16.1, flutter_localizations from sdk is forbidden","<visual-studio><flutter><dart><flutter-dependencies><flutter-localizations>","2","2","1","","","CC BY-SA 4.0"
"66801256","1","66981165","","2021-03-25 14:10:21","","28","30409","<p>I am somewhat new to coding and am trying to use the Lombok plugin to automatically create Getters/Setters e.t.c. for my fields of a specific class. In doing so I get greeted with the following error:</p>
<p>The error:</p>
<blockquote>
<p>java: java.lang.IllegalAccessError: class lombok.javac.apt.LombokProcessor (in unnamed module @0x3b67ef9b) cannot access class com.sun.tools.javac.processing.JavacProcessingEnvironment (in module jdk.compiler) because module jdk.compiler does not export com.sun.tools.javac.processing to unnamed module @0x3b67ef9b</p>
</blockquote>
<p>After doing some searching online, I found out that this error is related to an issue in OpenJDK 15 but I am currently using OpenJDK 16, hence why I am confused that I am still getting this error.</p>
<p>This thread claims to have a solution: <a href=""https://github.com/rzwitserloot/lombok/issues/2681#issuecomment-748616687"" rel=""noreferrer"">https://github.com/rzwitserloot/lombok/issues/2681#issuecomment-748616687</a> but after implementing the plugin, it does not seem to make any difference and I still receive the error.</p>
<p>I have most likely made a trivial mistake since I am a beginner but if someone knows what I am missing please let me know.</p>
<h3>Class Using @Data (Lombok):</h3>
<pre><code>import lombok.Data;

@Data
public class Ingredient {

    private final String id;
    private final String name;
    private final Type type;

    public enum Type {
        WRAP, PROTEIN, VEGGIES, CHEESE, SAUCE
    }

}

</code></pre>
<h3>My Pom File:</h3>
<pre><code>&lt;project xmlns=&quot;http://maven.apache.org/POM/4.0.0&quot; xmlns:xsi=&quot;http://www.w3.org/2001/XMLSchema-instance&quot;
    xsi:schemaLocation=&quot;http://maven.apache.org/POM/4.0.0 https://maven.apache.org/xsd/maven-4.0.0.xsd&quot;&gt;
    &lt;modelVersion&gt;4.0.0&lt;/modelVersion&gt;
    &lt;parent&gt;
        &lt;groupId&gt;org.springframework.boot&lt;/groupId&gt;
        &lt;artifactId&gt;spring-boot-starter-parent&lt;/artifactId&gt;
        &lt;version&gt;2.4.4&lt;/version&gt;
        &lt;relativePath/&gt; &lt;!-- lookup parent from repository --&gt;
    &lt;/parent&gt;
    &lt;groupId&gt;sia&lt;/groupId&gt;
    &lt;artifactId&gt;taco-cloud&lt;/artifactId&gt;
    &lt;version&gt;0.0.1-SNAPSHOT&lt;/version&gt;
    &lt;name&gt;taco-cloud&lt;/name&gt;
    &lt;description&gt;Taco Cloud Project&lt;/description&gt;
    &lt;properties&gt;
        &lt;java.version&gt;16&lt;/java.version&gt;
    &lt;/properties&gt;
    &lt;dependencies&gt;
        &lt;dependency&gt;
            &lt;groupId&gt;org.springframework.boot&lt;/groupId&gt;
            &lt;artifactId&gt;spring-boot-starter-thymeleaf&lt;/artifactId&gt;
        &lt;/dependency&gt;
        &lt;dependency&gt;
            &lt;groupId&gt;org.springframework.boot&lt;/groupId&gt;
            &lt;artifactId&gt;spring-boot-starter-web&lt;/artifactId&gt;
        &lt;/dependency&gt;

        &lt;dependency&gt;
            &lt;groupId&gt;org.springframework.boot&lt;/groupId&gt;
            &lt;artifactId&gt;spring-boot-devtools&lt;/artifactId&gt;
            &lt;scope&gt;runtime&lt;/scope&gt;
            &lt;optional&gt;true&lt;/optional&gt;
        &lt;/dependency&gt;
        &lt;dependency&gt;
            &lt;groupId&gt;org.springframework.boot&lt;/groupId&gt;
            &lt;artifactId&gt;spring-boot-starter-test&lt;/artifactId&gt;
            &lt;scope&gt;test&lt;/scope&gt;
        &lt;/dependency&gt;
        &lt;dependency&gt;
            &lt;groupId&gt;org.projectlombok&lt;/groupId&gt;
            &lt;artifactId&gt;lombok&lt;/artifactId&gt;
        &lt;/dependency&gt;
    &lt;/dependencies&gt;

    &lt;build&gt;
        &lt;plugins&gt;
            &lt;plugin&gt;
                &lt;groupId&gt;org.springframework.boot&lt;/groupId&gt;
                &lt;artifactId&gt;spring-boot-maven-plugin&lt;/artifactId&gt;
            &lt;/plugin&gt;
        &lt;/plugins&gt;
    &lt;/build&gt;

&lt;/project&gt;
</code></pre>
","12586904","","472495","","2021-05-14 08:24:39","2021-05-14 08:24:39","java.lang.IllegalAccessError: class lombok.javac.apt.LombokProcessor cannot access class com.sun.tools.javac.processing.JavacProcessingEnvironment","<java><spring><maven><lombok><intellij-lombok-plugin>","3","6","2","2021-04-08 23:30:38","","CC BY-SA 4.0"
"67865090","1","67865278","","2021-06-07 01:45:55","","12","20088","<p>Doing local development on my IIS machine, I was previously using a static local ip of <code>192.168.0.100:542</code>. I recently had to factory reset my router and now I have <code>192.168.1.x</code>. I can access the local site using <code>localhost:542</code>, but some AJAX requests and redirects are still being made to the old IP address.</p>
<p>I've tried clearing cache, clearing Chrome's DNS cache, doing <code>ipconfig /flushdns</code>, and using an incognito window but it's still happening.</p>
","5907930","","2422013","","2021-06-25 14:34:18","2021-06-25 14:34:18","Chrome using incorrect local IP Address","<laravel><google-chrome><ip-address><iis-express>","1","0","","","","CC BY-SA 4.0"